   1              		.syntax unified
   2              		.cpu cortex-m4
   3              		.fpu softvfp
   4              		.eabi_attribute 20, 1
   5              		.eabi_attribute 21, 1
   6              		.eabi_attribute 23, 3
   7              		.eabi_attribute 24, 1
   8              		.eabi_attribute 25, 1
   9              		.eabi_attribute 26, 1
  10              		.eabi_attribute 30, 6
  11              		.eabi_attribute 18, 4
  12              		.thumb
  13              		.file	"misc.c"
  23              	.Ltext0:
  24              		.file 1 "../Libraries/STM32F4xx_StdPeriph_Driver/src/misc.c"
 24566              		.align	2
 24567              		.global	NVIC_PriorityGroupConfig
 24568              		.thumb
 24569              		.thumb_func
 24571              	NVIC_PriorityGroupConfig:
 24572              	.LFB110:
   1:../Libraries/STM32F4xx_StdPeriph_Driver/src/misc.c **** /**
   2:../Libraries/STM32F4xx_StdPeriph_Driver/src/misc.c ****   ******************************************************************************
   3:../Libraries/STM32F4xx_StdPeriph_Driver/src/misc.c ****   * @file    misc.c
   4:../Libraries/STM32F4xx_StdPeriph_Driver/src/misc.c ****   * @author  MCD Application Team
   5:../Libraries/STM32F4xx_StdPeriph_Driver/src/misc.c ****   * @version V1.0.2
   6:../Libraries/STM32F4xx_StdPeriph_Driver/src/misc.c ****   * @date    05-March-2012
   7:../Libraries/STM32F4xx_StdPeriph_Driver/src/misc.c ****   * @brief   This file provides all the miscellaneous firmware functions (add-on
   8:../Libraries/STM32F4xx_StdPeriph_Driver/src/misc.c ****   *          to CMSIS functions).
   9:../Libraries/STM32F4xx_StdPeriph_Driver/src/misc.c ****   *          
  10:../Libraries/STM32F4xx_StdPeriph_Driver/src/misc.c ****   *  @verbatim   
  11:../Libraries/STM32F4xx_StdPeriph_Driver/src/misc.c ****   *                               
  12:../Libraries/STM32F4xx_StdPeriph_Driver/src/misc.c ****   *          ===================================================================      
  13:../Libraries/STM32F4xx_StdPeriph_Driver/src/misc.c ****   *                        How to configure Interrupts using driver 
  14:../Libraries/STM32F4xx_StdPeriph_Driver/src/misc.c ****   *          ===================================================================      
  15:../Libraries/STM32F4xx_StdPeriph_Driver/src/misc.c ****   * 
  16:../Libraries/STM32F4xx_StdPeriph_Driver/src/misc.c ****   *            This section provide functions allowing to configure the NVIC interrupts (IRQ).
  17:../Libraries/STM32F4xx_StdPeriph_Driver/src/misc.c ****   *            The Cortex-M4 exceptions are managed by CMSIS functions.
  18:../Libraries/STM32F4xx_StdPeriph_Driver/src/misc.c ****   *
  19:../Libraries/STM32F4xx_StdPeriph_Driver/src/misc.c ****   *            1. Configure the NVIC Priority Grouping using NVIC_PriorityGroupConfig()
  20:../Libraries/STM32F4xx_StdPeriph_Driver/src/misc.c ****   *                function according to the following table.
  21:../Libraries/STM32F4xx_StdPeriph_Driver/src/misc.c ****  
  22:../Libraries/STM32F4xx_StdPeriph_Driver/src/misc.c ****   *  The table below gives the allowed values of the pre-emption priority and subpriority according
  23:../Libraries/STM32F4xx_StdPeriph_Driver/src/misc.c ****   *  to the Priority Grouping configuration performed by NVIC_PriorityGroupConfig function
  24:../Libraries/STM32F4xx_StdPeriph_Driver/src/misc.c ****   *    ============================================================================================
  25:../Libraries/STM32F4xx_StdPeriph_Driver/src/misc.c ****   *      NVIC_PriorityGroup   | NVIC_IRQChannelPreemptionPriority | NVIC_IRQChannelSubPriority  |  
  26:../Libraries/STM32F4xx_StdPeriph_Driver/src/misc.c ****   *    ============================================================================================
  27:../Libraries/STM32F4xx_StdPeriph_Driver/src/misc.c ****   *     NVIC_PriorityGroup_0  |                0                  |            0-15             | 0
  28:../Libraries/STM32F4xx_StdPeriph_Driver/src/misc.c ****   *                           |                                   |                             | 4
  29:../Libraries/STM32F4xx_StdPeriph_Driver/src/misc.c ****   *    --------------------------------------------------------------------------------------------
  30:../Libraries/STM32F4xx_StdPeriph_Driver/src/misc.c ****   *     NVIC_PriorityGroup_1  |                0-1                |            0-7              | 1
  31:../Libraries/STM32F4xx_StdPeriph_Driver/src/misc.c ****   *                           |                                   |                             | 3
  32:../Libraries/STM32F4xx_StdPeriph_Driver/src/misc.c ****   *    --------------------------------------------------------------------------------------------
  33:../Libraries/STM32F4xx_StdPeriph_Driver/src/misc.c ****   *     NVIC_PriorityGroup_2  |                0-3                |            0-3              | 2
  34:../Libraries/STM32F4xx_StdPeriph_Driver/src/misc.c ****   *                           |                                   |                             | 2
  35:../Libraries/STM32F4xx_StdPeriph_Driver/src/misc.c ****   *    --------------------------------------------------------------------------------------------
  36:../Libraries/STM32F4xx_StdPeriph_Driver/src/misc.c ****   *     NVIC_PriorityGroup_3  |                0-7                |            0-1              | 3
  37:../Libraries/STM32F4xx_StdPeriph_Driver/src/misc.c ****   *                           |                                   |                             | 1
  38:../Libraries/STM32F4xx_StdPeriph_Driver/src/misc.c ****   *    --------------------------------------------------------------------------------------------
  39:../Libraries/STM32F4xx_StdPeriph_Driver/src/misc.c ****   *     NVIC_PriorityGroup_4  |                0-15               |            0                | 4
  40:../Libraries/STM32F4xx_StdPeriph_Driver/src/misc.c ****   *                           |                                   |                             | 0
  41:../Libraries/STM32F4xx_StdPeriph_Driver/src/misc.c ****   *    ============================================================================================
  42:../Libraries/STM32F4xx_StdPeriph_Driver/src/misc.c ****   *
  43:../Libraries/STM32F4xx_StdPeriph_Driver/src/misc.c ****   *            2. Enable and Configure the priority of the selected IRQ Channels using NVIC_Init() 
  44:../Libraries/STM32F4xx_StdPeriph_Driver/src/misc.c ****   *
  45:../Libraries/STM32F4xx_StdPeriph_Driver/src/misc.c ****   * @note  When the NVIC_PriorityGroup_0 is selected, IRQ pre-emption is no more possible. 
  46:../Libraries/STM32F4xx_StdPeriph_Driver/src/misc.c ****   *        The pending IRQ priority will be managed only by the subpriority.
  47:../Libraries/STM32F4xx_StdPeriph_Driver/src/misc.c ****   *
  48:../Libraries/STM32F4xx_StdPeriph_Driver/src/misc.c ****   * @note  IRQ priority order (sorted by highest to lowest priority):
  49:../Libraries/STM32F4xx_StdPeriph_Driver/src/misc.c ****   *         - Lowest pre-emption priority
  50:../Libraries/STM32F4xx_StdPeriph_Driver/src/misc.c ****   *         - Lowest subpriority
  51:../Libraries/STM32F4xx_StdPeriph_Driver/src/misc.c ****   *         - Lowest hardware priority (IRQ number)
  52:../Libraries/STM32F4xx_StdPeriph_Driver/src/misc.c ****   *
  53:../Libraries/STM32F4xx_StdPeriph_Driver/src/misc.c ****   *  @endverbatim
  54:../Libraries/STM32F4xx_StdPeriph_Driver/src/misc.c ****   *
  55:../Libraries/STM32F4xx_StdPeriph_Driver/src/misc.c ****   ******************************************************************************
  56:../Libraries/STM32F4xx_StdPeriph_Driver/src/misc.c ****   * @attention
  57:../Libraries/STM32F4xx_StdPeriph_Driver/src/misc.c ****   *
  58:../Libraries/STM32F4xx_StdPeriph_Driver/src/misc.c ****   * <h2><center>&copy; COPYRIGHT 2012 STMicroelectronics</center></h2>
  59:../Libraries/STM32F4xx_StdPeriph_Driver/src/misc.c ****   *
  60:../Libraries/STM32F4xx_StdPeriph_Driver/src/misc.c ****   * Licensed under MCD-ST Liberty SW License Agreement V2, (the "License");
  61:../Libraries/STM32F4xx_StdPeriph_Driver/src/misc.c ****   * You may not use this file except in compliance with the License.
  62:../Libraries/STM32F4xx_StdPeriph_Driver/src/misc.c ****   * You may obtain a copy of the License at:
  63:../Libraries/STM32F4xx_StdPeriph_Driver/src/misc.c ****   *
  64:../Libraries/STM32F4xx_StdPeriph_Driver/src/misc.c ****   *        http://www.st.com/software_license_agreement_liberty_v2
  65:../Libraries/STM32F4xx_StdPeriph_Driver/src/misc.c ****   *
  66:../Libraries/STM32F4xx_StdPeriph_Driver/src/misc.c ****   * Unless required by applicable law or agreed to in writing, software 
  67:../Libraries/STM32F4xx_StdPeriph_Driver/src/misc.c ****   * distributed under the License is distributed on an "AS IS" BASIS, 
  68:../Libraries/STM32F4xx_StdPeriph_Driver/src/misc.c ****   * WITHOUT WARRANTIES OR CONDITIONS OF ANY KIND, either express or implied.
  69:../Libraries/STM32F4xx_StdPeriph_Driver/src/misc.c ****   * See the License for the specific language governing permissions and
  70:../Libraries/STM32F4xx_StdPeriph_Driver/src/misc.c ****   * limitations under the License.
  71:../Libraries/STM32F4xx_StdPeriph_Driver/src/misc.c ****   *
  72:../Libraries/STM32F4xx_StdPeriph_Driver/src/misc.c ****   ******************************************************************************
  73:../Libraries/STM32F4xx_StdPeriph_Driver/src/misc.c ****   */
  74:../Libraries/STM32F4xx_StdPeriph_Driver/src/misc.c **** 
  75:../Libraries/STM32F4xx_StdPeriph_Driver/src/misc.c **** /* Includes ------------------------------------------------------------------*/
  76:../Libraries/STM32F4xx_StdPeriph_Driver/src/misc.c **** #include "misc.h"
  77:../Libraries/STM32F4xx_StdPeriph_Driver/src/misc.c **** 
  78:../Libraries/STM32F4xx_StdPeriph_Driver/src/misc.c **** /** @addtogroup STM32F4xx_StdPeriph_Driver
  79:../Libraries/STM32F4xx_StdPeriph_Driver/src/misc.c ****   * @{
  80:../Libraries/STM32F4xx_StdPeriph_Driver/src/misc.c ****   */
  81:../Libraries/STM32F4xx_StdPeriph_Driver/src/misc.c **** 
  82:../Libraries/STM32F4xx_StdPeriph_Driver/src/misc.c **** /** @defgroup MISC 
  83:../Libraries/STM32F4xx_StdPeriph_Driver/src/misc.c ****   * @brief MISC driver modules
  84:../Libraries/STM32F4xx_StdPeriph_Driver/src/misc.c ****   * @{
  85:../Libraries/STM32F4xx_StdPeriph_Driver/src/misc.c ****   */
  86:../Libraries/STM32F4xx_StdPeriph_Driver/src/misc.c **** 
  87:../Libraries/STM32F4xx_StdPeriph_Driver/src/misc.c **** /* Private typedef -----------------------------------------------------------*/
  88:../Libraries/STM32F4xx_StdPeriph_Driver/src/misc.c **** /* Private define ------------------------------------------------------------*/
  89:../Libraries/STM32F4xx_StdPeriph_Driver/src/misc.c **** #define AIRCR_VECTKEY_MASK    ((uint32_t)0x05FA0000)
  90:../Libraries/STM32F4xx_StdPeriph_Driver/src/misc.c **** 
  91:../Libraries/STM32F4xx_StdPeriph_Driver/src/misc.c **** /* Private macro -------------------------------------------------------------*/
  92:../Libraries/STM32F4xx_StdPeriph_Driver/src/misc.c **** /* Private variables ---------------------------------------------------------*/
  93:../Libraries/STM32F4xx_StdPeriph_Driver/src/misc.c **** /* Private function prototypes -----------------------------------------------*/
  94:../Libraries/STM32F4xx_StdPeriph_Driver/src/misc.c **** /* Private functions ---------------------------------------------------------*/
  95:../Libraries/STM32F4xx_StdPeriph_Driver/src/misc.c **** 
  96:../Libraries/STM32F4xx_StdPeriph_Driver/src/misc.c **** /** @defgroup MISC_Private_Functions
  97:../Libraries/STM32F4xx_StdPeriph_Driver/src/misc.c ****   * @{
  98:../Libraries/STM32F4xx_StdPeriph_Driver/src/misc.c ****   */
  99:../Libraries/STM32F4xx_StdPeriph_Driver/src/misc.c **** 
 100:../Libraries/STM32F4xx_StdPeriph_Driver/src/misc.c **** /**
 101:../Libraries/STM32F4xx_StdPeriph_Driver/src/misc.c ****   * @brief  Configures the priority grouping: pre-emption priority and subpriority.
 102:../Libraries/STM32F4xx_StdPeriph_Driver/src/misc.c ****   * @param  NVIC_PriorityGroup: specifies the priority grouping bits length. 
 103:../Libraries/STM32F4xx_StdPeriph_Driver/src/misc.c ****   *   This parameter can be one of the following values:
 104:../Libraries/STM32F4xx_StdPeriph_Driver/src/misc.c ****   *     @arg NVIC_PriorityGroup_0: 0 bits for pre-emption priority
 105:../Libraries/STM32F4xx_StdPeriph_Driver/src/misc.c ****   *                                4 bits for subpriority
 106:../Libraries/STM32F4xx_StdPeriph_Driver/src/misc.c ****   *     @arg NVIC_PriorityGroup_1: 1 bits for pre-emption priority
 107:../Libraries/STM32F4xx_StdPeriph_Driver/src/misc.c ****   *                                3 bits for subpriority
 108:../Libraries/STM32F4xx_StdPeriph_Driver/src/misc.c ****   *     @arg NVIC_PriorityGroup_2: 2 bits for pre-emption priority
 109:../Libraries/STM32F4xx_StdPeriph_Driver/src/misc.c ****   *                                2 bits for subpriority
 110:../Libraries/STM32F4xx_StdPeriph_Driver/src/misc.c ****   *     @arg NVIC_PriorityGroup_3: 3 bits for pre-emption priority
 111:../Libraries/STM32F4xx_StdPeriph_Driver/src/misc.c ****   *                                1 bits for subpriority
 112:../Libraries/STM32F4xx_StdPeriph_Driver/src/misc.c ****   *     @arg NVIC_PriorityGroup_4: 4 bits for pre-emption priority
 113:../Libraries/STM32F4xx_StdPeriph_Driver/src/misc.c ****   *                                0 bits for subpriority
 114:../Libraries/STM32F4xx_StdPeriph_Driver/src/misc.c ****   * @note   When the NVIC_PriorityGroup_0 is selected, IRQ pre-emption is no more possible. 
 115:../Libraries/STM32F4xx_StdPeriph_Driver/src/misc.c ****   *         The pending IRQ priority will be managed only by the subpriority. 
 116:../Libraries/STM32F4xx_StdPeriph_Driver/src/misc.c ****   * @retval None
 117:../Libraries/STM32F4xx_StdPeriph_Driver/src/misc.c ****   */
 118:../Libraries/STM32F4xx_StdPeriph_Driver/src/misc.c **** void NVIC_PriorityGroupConfig(uint32_t NVIC_PriorityGroup)
 119:../Libraries/STM32F4xx_StdPeriph_Driver/src/misc.c **** {
 24573              		.loc 1 119 0
 24574              		.cfi_startproc
 24575              		@ args = 0, pretend = 0, frame = 8
 24576              		@ frame_needed = 1, uses_anonymous_args = 0
 24577              		@ link register save eliminated.
 24578 0000 80B4     		push	{r7}
 24579              	.LCFI0:
 24580              		.cfi_def_cfa_offset 4
 24581 0002 83B0     		sub	sp, sp, #12
 24582              	.LCFI1:
 24583              		.cfi_def_cfa_offset 16
 24584 0004 00AF     		add	r7, sp, #0
 24585              		.cfi_offset 7, -4
 24586              	.LCFI2:
 24587              		.cfi_def_cfa_register 7
 24588 0006 7860     		str	r0, [r7, #4]
 120:../Libraries/STM32F4xx_StdPeriph_Driver/src/misc.c ****   /* Check the parameters */
 121:../Libraries/STM32F4xx_StdPeriph_Driver/src/misc.c ****   assert_param(IS_NVIC_PRIORITY_GROUP(NVIC_PriorityGroup));
 122:../Libraries/STM32F4xx_StdPeriph_Driver/src/misc.c ****   
 123:../Libraries/STM32F4xx_StdPeriph_Driver/src/misc.c ****   /* Set the PRIGROUP[10:8] bits according to NVIC_PriorityGroup value */
 124:../Libraries/STM32F4xx_StdPeriph_Driver/src/misc.c ****   SCB->AIRCR = AIRCR_VECTKEY_MASK | NVIC_PriorityGroup;
 24589              		.loc 1 124 0
 24590 0008 054A     		ldr	r2, .L2
 24591 000a 7B68     		ldr	r3, [r7, #4]
 24592 000c 43F0BE63 		orr	r3, r3, #99614720
 24593 0010 43F42023 		orr	r3, r3, #655360
 24594 0014 D360     		str	r3, [r2, #12]
 125:../Libraries/STM32F4xx_StdPeriph_Driver/src/misc.c **** }
 24595              		.loc 1 125 0
 24596 0016 07F10C07 		add	r7, r7, #12
 24597 001a BD46     		mov	sp, r7
 24598 001c 80BC     		pop	{r7}
 24599 001e 7047     		bx	lr
 24600              	.L3:
 24601              		.align	2
 24602              	.L2:
 24603 0020 00ED00E0 		.word	-536810240
 24604              		.cfi_endproc
 24605              	.LFE110:
 24607              		.align	2
 24608              		.global	NVIC_Init
 24609              		.thumb
 24610              		.thumb_func
 24612              	NVIC_Init:
 24613              	.LFB111:
 126:../Libraries/STM32F4xx_StdPeriph_Driver/src/misc.c **** 
 127:../Libraries/STM32F4xx_StdPeriph_Driver/src/misc.c **** /**
 128:../Libraries/STM32F4xx_StdPeriph_Driver/src/misc.c ****   * @brief  Initializes the NVIC peripheral according to the specified
 129:../Libraries/STM32F4xx_StdPeriph_Driver/src/misc.c ****   *         parameters in the NVIC_InitStruct.
 130:../Libraries/STM32F4xx_StdPeriph_Driver/src/misc.c ****   * @note   To configure interrupts priority correctly, the NVIC_PriorityGroupConfig()
 131:../Libraries/STM32F4xx_StdPeriph_Driver/src/misc.c ****   *         function should be called before. 
 132:../Libraries/STM32F4xx_StdPeriph_Driver/src/misc.c ****   * @param  NVIC_InitStruct: pointer to a NVIC_InitTypeDef structure that contains
 133:../Libraries/STM32F4xx_StdPeriph_Driver/src/misc.c ****   *         the configuration information for the specified NVIC peripheral.
 134:../Libraries/STM32F4xx_StdPeriph_Driver/src/misc.c ****   * @retval None
 135:../Libraries/STM32F4xx_StdPeriph_Driver/src/misc.c ****   */
 136:../Libraries/STM32F4xx_StdPeriph_Driver/src/misc.c **** void NVIC_Init(NVIC_InitTypeDef* NVIC_InitStruct)
 137:../Libraries/STM32F4xx_StdPeriph_Driver/src/misc.c **** {
 24614              		.loc 1 137 0
 24615              		.cfi_startproc
 24616              		@ args = 0, pretend = 0, frame = 16
 24617              		@ frame_needed = 1, uses_anonymous_args = 0
 24618              		@ link register save eliminated.
 24619 0024 80B4     		push	{r7}
 24620              	.LCFI3:
 24621              		.cfi_def_cfa_offset 4
 24622 0026 85B0     		sub	sp, sp, #20
 24623              	.LCFI4:
 24624              		.cfi_def_cfa_offset 24
 24625 0028 00AF     		add	r7, sp, #0
 24626              		.cfi_offset 7, -4
 24627              	.LCFI5:
 24628              		.cfi_def_cfa_register 7
 24629 002a 7860     		str	r0, [r7, #4]
 138:../Libraries/STM32F4xx_StdPeriph_Driver/src/misc.c ****   uint8_t tmppriority = 0x00, tmppre = 0x00, tmpsub = 0x0F;
 24630              		.loc 1 138 0
 24631 002c 4FF00003 		mov	r3, #0
 24632 0030 FB73     		strb	r3, [r7, #15]
 24633 0032 4FF00003 		mov	r3, #0
 24634 0036 BB73     		strb	r3, [r7, #14]
 24635 0038 4FF00F03 		mov	r3, #15
 24636 003c 7B73     		strb	r3, [r7, #13]
 139:../Libraries/STM32F4xx_StdPeriph_Driver/src/misc.c ****   
 140:../Libraries/STM32F4xx_StdPeriph_Driver/src/misc.c ****   /* Check the parameters */
 141:../Libraries/STM32F4xx_StdPeriph_Driver/src/misc.c ****   assert_param(IS_FUNCTIONAL_STATE(NVIC_InitStruct->NVIC_IRQChannelCmd));
 142:../Libraries/STM32F4xx_StdPeriph_Driver/src/misc.c ****   assert_param(IS_NVIC_PREEMPTION_PRIORITY(NVIC_InitStruct->NVIC_IRQChannelPreemptionPriority));  
 143:../Libraries/STM32F4xx_StdPeriph_Driver/src/misc.c ****   assert_param(IS_NVIC_SUB_PRIORITY(NVIC_InitStruct->NVIC_IRQChannelSubPriority));
 144:../Libraries/STM32F4xx_StdPeriph_Driver/src/misc.c ****     
 145:../Libraries/STM32F4xx_StdPeriph_Driver/src/misc.c ****   if (NVIC_InitStruct->NVIC_IRQChannelCmd != DISABLE)
 24637              		.loc 1 145 0
 24638 003e 7B68     		ldr	r3, [r7, #4]
 24639 0040 DB78     		ldrb	r3, [r3, #3]	@ zero_extendqisi2
 24640 0042 002B     		cmp	r3, #0
 24641 0044 3ED0     		beq	.L5
 146:../Libraries/STM32F4xx_StdPeriph_Driver/src/misc.c ****   {
 147:../Libraries/STM32F4xx_StdPeriph_Driver/src/misc.c ****     /* Compute the Corresponding IRQ Priority --------------------------------*/    
 148:../Libraries/STM32F4xx_StdPeriph_Driver/src/misc.c ****     tmppriority = (0x700 - ((SCB->AIRCR) & (uint32_t)0x700))>> 0x08;
 24642              		.loc 1 148 0
 24643 0046 2B4B     		ldr	r3, .L7
 24644 0048 DB68     		ldr	r3, [r3, #12]
 24645 004a 6FEA0303 		mvn	r3, r3
 24646 004e 03F4E063 		and	r3, r3, #1792
 24647 0052 4FEA1323 		lsr	r3, r3, #8
 24648 0056 FB73     		strb	r3, [r7, #15]
 149:../Libraries/STM32F4xx_StdPeriph_Driver/src/misc.c ****     tmppre = (0x4 - tmppriority);
 24649              		.loc 1 149 0
 24650 0058 FB7B     		ldrb	r3, [r7, #15]
 24651 005a C3F10403 		rsb	r3, r3, #4
 24652 005e BB73     		strb	r3, [r7, #14]
 150:../Libraries/STM32F4xx_StdPeriph_Driver/src/misc.c ****     tmpsub = tmpsub >> tmppriority;
 24653              		.loc 1 150 0
 24654 0060 7A7B     		ldrb	r2, [r7, #13]	@ zero_extendqisi2
 24655 0062 FB7B     		ldrb	r3, [r7, #15]	@ zero_extendqisi2
 24656 0064 42FA03F3 		asr	r3, r2, r3
 24657 0068 7B73     		strb	r3, [r7, #13]
 151:../Libraries/STM32F4xx_StdPeriph_Driver/src/misc.c **** 
 152:../Libraries/STM32F4xx_StdPeriph_Driver/src/misc.c ****     tmppriority = NVIC_InitStruct->NVIC_IRQChannelPreemptionPriority << tmppre;
 24658              		.loc 1 152 0
 24659 006a 7B68     		ldr	r3, [r7, #4]
 24660 006c 5B78     		ldrb	r3, [r3, #1]	@ zero_extendqisi2
 24661 006e 1A46     		mov	r2, r3
 24662 0070 BB7B     		ldrb	r3, [r7, #14]	@ zero_extendqisi2
 24663 0072 02FA03F3 		lsl	r3, r2, r3
 24664 0076 FB73     		strb	r3, [r7, #15]
 153:../Libraries/STM32F4xx_StdPeriph_Driver/src/misc.c ****     tmppriority |=  (uint8_t)(NVIC_InitStruct->NVIC_IRQChannelSubPriority & tmpsub);
 24665              		.loc 1 153 0
 24666 0078 7B68     		ldr	r3, [r7, #4]
 24667 007a 9A78     		ldrb	r2, [r3, #2]	@ zero_extendqisi2
 24668 007c 7B7B     		ldrb	r3, [r7, #13]
 24669 007e 02EA0303 		and	r3, r2, r3
 24670 0082 DAB2     		uxtb	r2, r3
 24671 0084 FB7B     		ldrb	r3, [r7, #15]
 24672 0086 42EA0303 		orr	r3, r2, r3
 24673 008a FB73     		strb	r3, [r7, #15]
 154:../Libraries/STM32F4xx_StdPeriph_Driver/src/misc.c ****         
 155:../Libraries/STM32F4xx_StdPeriph_Driver/src/misc.c ****     tmppriority = tmppriority << 0x04;
 24674              		.loc 1 155 0
 24675 008c FB7B     		ldrb	r3, [r7, #15]
 24676 008e 4FEA0313 		lsl	r3, r3, #4
 24677 0092 FB73     		strb	r3, [r7, #15]
 156:../Libraries/STM32F4xx_StdPeriph_Driver/src/misc.c ****         
 157:../Libraries/STM32F4xx_StdPeriph_Driver/src/misc.c ****     NVIC->IP[NVIC_InitStruct->NVIC_IRQChannel] = tmppriority;
 24678              		.loc 1 157 0
 24679 0094 184A     		ldr	r2, .L7+4
 24680 0096 7B68     		ldr	r3, [r7, #4]
 24681 0098 1B78     		ldrb	r3, [r3, #0]	@ zero_extendqisi2
 24682 009a D318     		adds	r3, r2, r3
 24683 009c FA7B     		ldrb	r2, [r7, #15]
 24684 009e 83F80023 		strb	r2, [r3, #768]
 158:../Libraries/STM32F4xx_StdPeriph_Driver/src/misc.c ****     
 159:../Libraries/STM32F4xx_StdPeriph_Driver/src/misc.c ****     /* Enable the Selected IRQ Channels --------------------------------------*/
 160:../Libraries/STM32F4xx_StdPeriph_Driver/src/misc.c ****     NVIC->ISER[NVIC_InitStruct->NVIC_IRQChannel >> 0x05] =
 24685              		.loc 1 160 0
 24686 00a2 154B     		ldr	r3, .L7+4
 24687 00a4 7A68     		ldr	r2, [r7, #4]
 24688 00a6 1278     		ldrb	r2, [r2, #0]	@ zero_extendqisi2
 24689 00a8 4FEA5212 		lsr	r2, r2, #5
 24690 00ac D2B2     		uxtb	r2, r2
 161:../Libraries/STM32F4xx_StdPeriph_Driver/src/misc.c ****       (uint32_t)0x01 << (NVIC_InitStruct->NVIC_IRQChannel & (uint8_t)0x1F);
 24691              		.loc 1 161 0
 24692 00ae 7968     		ldr	r1, [r7, #4]
 24693 00b0 0978     		ldrb	r1, [r1, #0]	@ zero_extendqisi2
 24694 00b2 01F01F01 		and	r1, r1, #31
 24695 00b6 4FF00100 		mov	r0, #1
 24696 00ba 00FA01F1 		lsl	r1, r0, r1
 160:../Libraries/STM32F4xx_StdPeriph_Driver/src/misc.c ****     NVIC->ISER[NVIC_InitStruct->NVIC_IRQChannel >> 0x05] =
 24697              		.loc 1 160 0
 24698 00be 43F82210 		str	r1, [r3, r2, lsl #2]
 24699 00c2 11E0     		b	.L4
 24700              	.L5:
 162:../Libraries/STM32F4xx_StdPeriph_Driver/src/misc.c ****   }
 163:../Libraries/STM32F4xx_StdPeriph_Driver/src/misc.c ****   else
 164:../Libraries/STM32F4xx_StdPeriph_Driver/src/misc.c ****   {
 165:../Libraries/STM32F4xx_StdPeriph_Driver/src/misc.c ****     /* Disable the Selected IRQ Channels -------------------------------------*/
 166:../Libraries/STM32F4xx_StdPeriph_Driver/src/misc.c ****     NVIC->ICER[NVIC_InitStruct->NVIC_IRQChannel >> 0x05] =
 24701              		.loc 1 166 0
 24702 00c4 0C4B     		ldr	r3, .L7+4
 24703 00c6 7A68     		ldr	r2, [r7, #4]
 24704 00c8 1278     		ldrb	r2, [r2, #0]	@ zero_extendqisi2
 24705 00ca 4FEA5212 		lsr	r2, r2, #5
 24706 00ce D2B2     		uxtb	r2, r2
 167:../Libraries/STM32F4xx_StdPeriph_Driver/src/misc.c ****       (uint32_t)0x01 << (NVIC_InitStruct->NVIC_IRQChannel & (uint8_t)0x1F);
 24707              		.loc 1 167 0
 24708 00d0 7968     		ldr	r1, [r7, #4]
 24709 00d2 0978     		ldrb	r1, [r1, #0]	@ zero_extendqisi2
 24710 00d4 01F01F01 		and	r1, r1, #31
 24711 00d8 4FF00100 		mov	r0, #1
 24712 00dc 00FA01F1 		lsl	r1, r0, r1
 166:../Libraries/STM32F4xx_StdPeriph_Driver/src/misc.c ****     NVIC->ICER[NVIC_InitStruct->NVIC_IRQChannel >> 0x05] =
 24713              		.loc 1 166 0
 24714 00e0 02F12002 		add	r2, r2, #32
 24715 00e4 43F82210 		str	r1, [r3, r2, lsl #2]
 24716              	.L4:
 168:../Libraries/STM32F4xx_StdPeriph_Driver/src/misc.c ****   }
 169:../Libraries/STM32F4xx_StdPeriph_Driver/src/misc.c **** }
 24717              		.loc 1 169 0
 24718 00e8 07F11407 		add	r7, r7, #20
 24719 00ec BD46     		mov	sp, r7
 24720 00ee 80BC     		pop	{r7}
 24721 00f0 7047     		bx	lr
 24722              	.L8:
 24723 00f2 00BF     		.align	2
 24724              	.L7:
 24725 00f4 00ED00E0 		.word	-536810240
 24726 00f8 00E100E0 		.word	-536813312
 24727              		.cfi_endproc
 24728              	.LFE111:
 24730              		.align	2
 24731              		.global	NVIC_SetVectorTable
 24732              		.thumb
 24733              		.thumb_func
 24735              	NVIC_SetVectorTable:
 24736              	.LFB112:
 170:../Libraries/STM32F4xx_StdPeriph_Driver/src/misc.c **** 
 171:../Libraries/STM32F4xx_StdPeriph_Driver/src/misc.c **** /**
 172:../Libraries/STM32F4xx_StdPeriph_Driver/src/misc.c ****   * @brief  Sets the vector table location and Offset.
 173:../Libraries/STM32F4xx_StdPeriph_Driver/src/misc.c ****   * @param  NVIC_VectTab: specifies if the vector table is in RAM or FLASH memory.
 174:../Libraries/STM32F4xx_StdPeriph_Driver/src/misc.c ****   *   This parameter can be one of the following values:
 175:../Libraries/STM32F4xx_StdPeriph_Driver/src/misc.c ****   *     @arg NVIC_VectTab_RAM: Vector Table in internal SRAM.
 176:../Libraries/STM32F4xx_StdPeriph_Driver/src/misc.c ****   *     @arg NVIC_VectTab_FLASH: Vector Table in internal FLASH.
 177:../Libraries/STM32F4xx_StdPeriph_Driver/src/misc.c ****   * @param  Offset: Vector Table base offset field. This value must be a multiple of 0x200.
 178:../Libraries/STM32F4xx_StdPeriph_Driver/src/misc.c ****   * @retval None
 179:../Libraries/STM32F4xx_StdPeriph_Driver/src/misc.c ****   */
 180:../Libraries/STM32F4xx_StdPeriph_Driver/src/misc.c **** void NVIC_SetVectorTable(uint32_t NVIC_VectTab, uint32_t Offset)
 181:../Libraries/STM32F4xx_StdPeriph_Driver/src/misc.c **** { 
 24737              		.loc 1 181 0
 24738              		.cfi_startproc
 24739              		@ args = 0, pretend = 0, frame = 8
 24740              		@ frame_needed = 1, uses_anonymous_args = 0
 24741              		@ link register save eliminated.
 24742 00fc 80B4     		push	{r7}
 24743              	.LCFI6:
 24744              		.cfi_def_cfa_offset 4
 24745 00fe 83B0     		sub	sp, sp, #12
 24746              	.LCFI7:
 24747              		.cfi_def_cfa_offset 16
 24748 0100 00AF     		add	r7, sp, #0
 24749              		.cfi_offset 7, -4
 24750              	.LCFI8:
 24751              		.cfi_def_cfa_register 7
 24752 0102 7860     		str	r0, [r7, #4]
 24753 0104 3960     		str	r1, [r7, #0]
 182:../Libraries/STM32F4xx_StdPeriph_Driver/src/misc.c ****   /* Check the parameters */
 183:../Libraries/STM32F4xx_StdPeriph_Driver/src/misc.c ****   assert_param(IS_NVIC_VECTTAB(NVIC_VectTab));
 184:../Libraries/STM32F4xx_StdPeriph_Driver/src/misc.c ****   assert_param(IS_NVIC_OFFSET(Offset));  
 185:../Libraries/STM32F4xx_StdPeriph_Driver/src/misc.c ****    
 186:../Libraries/STM32F4xx_StdPeriph_Driver/src/misc.c ****   SCB->VTOR = NVIC_VectTab | (Offset & (uint32_t)0x1FFFFF80);
 24754              		.loc 1 186 0
 24755 0106 074A     		ldr	r2, .L10
 24756 0108 3B68     		ldr	r3, [r7, #0]
 24757 010a 23F06043 		bic	r3, r3, #-536870912
 24758 010e 23F07F03 		bic	r3, r3, #127
 24759 0112 7968     		ldr	r1, [r7, #4]
 24760 0114 0B43     		orrs	r3, r3, r1
 24761 0116 9360     		str	r3, [r2, #8]
 187:../Libraries/STM32F4xx_StdPeriph_Driver/src/misc.c **** }
 24762              		.loc 1 187 0
 24763 0118 07F10C07 		add	r7, r7, #12
 24764 011c BD46     		mov	sp, r7
 24765 011e 80BC     		pop	{r7}
 24766 0120 7047     		bx	lr
 24767              	.L11:
 24768 0122 00BF     		.align	2
 24769              	.L10:
 24770 0124 00ED00E0 		.word	-536810240
 24771              		.cfi_endproc
 24772              	.LFE112:
 24774              		.align	2
 24775              		.global	NVIC_SystemLPConfig
 24776              		.thumb
 24777              		.thumb_func
 24779              	NVIC_SystemLPConfig:
 24780              	.LFB113:
 188:../Libraries/STM32F4xx_StdPeriph_Driver/src/misc.c **** 
 189:../Libraries/STM32F4xx_StdPeriph_Driver/src/misc.c **** /**
 190:../Libraries/STM32F4xx_StdPeriph_Driver/src/misc.c ****   * @brief  Selects the condition for the system to enter low power mode.
 191:../Libraries/STM32F4xx_StdPeriph_Driver/src/misc.c ****   * @param  LowPowerMode: Specifies the new mode for the system to enter low power mode.
 192:../Libraries/STM32F4xx_StdPeriph_Driver/src/misc.c ****   *   This parameter can be one of the following values:
 193:../Libraries/STM32F4xx_StdPeriph_Driver/src/misc.c ****   *     @arg NVIC_LP_SEVONPEND: Low Power SEV on Pend.
 194:../Libraries/STM32F4xx_StdPeriph_Driver/src/misc.c ****   *     @arg NVIC_LP_SLEEPDEEP: Low Power DEEPSLEEP request.
 195:../Libraries/STM32F4xx_StdPeriph_Driver/src/misc.c ****   *     @arg NVIC_LP_SLEEPONEXIT: Low Power Sleep on Exit.
 196:../Libraries/STM32F4xx_StdPeriph_Driver/src/misc.c ****   * @param  NewState: new state of LP condition. This parameter can be: ENABLE or DISABLE.
 197:../Libraries/STM32F4xx_StdPeriph_Driver/src/misc.c ****   * @retval None
 198:../Libraries/STM32F4xx_StdPeriph_Driver/src/misc.c ****   */
 199:../Libraries/STM32F4xx_StdPeriph_Driver/src/misc.c **** void NVIC_SystemLPConfig(uint8_t LowPowerMode, FunctionalState NewState)
 200:../Libraries/STM32F4xx_StdPeriph_Driver/src/misc.c **** {
 24781              		.loc 1 200 0
 24782              		.cfi_startproc
 24783              		@ args = 0, pretend = 0, frame = 8
 24784              		@ frame_needed = 1, uses_anonymous_args = 0
 24785              		@ link register save eliminated.
 24786 0128 80B4     		push	{r7}
 24787              	.LCFI9:
 24788              		.cfi_def_cfa_offset 4
 24789 012a 83B0     		sub	sp, sp, #12
 24790              	.LCFI10:
 24791              		.cfi_def_cfa_offset 16
 24792 012c 00AF     		add	r7, sp, #0
 24793              		.cfi_offset 7, -4
 24794              	.LCFI11:
 24795              		.cfi_def_cfa_register 7
 24796 012e 0246     		mov	r2, r0
 24797 0130 0B46     		mov	r3, r1
 24798 0132 FA71     		strb	r2, [r7, #7]
 24799 0134 BB71     		strb	r3, [r7, #6]
 201:../Libraries/STM32F4xx_StdPeriph_Driver/src/misc.c ****   /* Check the parameters */
 202:../Libraries/STM32F4xx_StdPeriph_Driver/src/misc.c ****   assert_param(IS_NVIC_LP(LowPowerMode));
 203:../Libraries/STM32F4xx_StdPeriph_Driver/src/misc.c ****   assert_param(IS_FUNCTIONAL_STATE(NewState));  
 204:../Libraries/STM32F4xx_StdPeriph_Driver/src/misc.c ****   
 205:../Libraries/STM32F4xx_StdPeriph_Driver/src/misc.c ****   if (NewState != DISABLE)
 24800              		.loc 1 205 0
 24801 0136 BB79     		ldrb	r3, [r7, #6]	@ zero_extendqisi2
 24802 0138 002B     		cmp	r3, #0
 24803 013a 07D0     		beq	.L13
 206:../Libraries/STM32F4xx_StdPeriph_Driver/src/misc.c ****   {
 207:../Libraries/STM32F4xx_StdPeriph_Driver/src/misc.c ****     SCB->SCR |= LowPowerMode;
 24804              		.loc 1 207 0
 24805 013c 0A4B     		ldr	r3, .L15
 24806 013e 0A4A     		ldr	r2, .L15
 24807 0140 1169     		ldr	r1, [r2, #16]
 24808 0142 FA79     		ldrb	r2, [r7, #7]	@ zero_extendqisi2
 24809 0144 41EA0202 		orr	r2, r1, r2
 24810 0148 1A61     		str	r2, [r3, #16]
 24811 014a 08E0     		b	.L12
 24812              	.L13:
 208:../Libraries/STM32F4xx_StdPeriph_Driver/src/misc.c ****   }
 209:../Libraries/STM32F4xx_StdPeriph_Driver/src/misc.c ****   else
 210:../Libraries/STM32F4xx_StdPeriph_Driver/src/misc.c ****   {
 211:../Libraries/STM32F4xx_StdPeriph_Driver/src/misc.c ****     SCB->SCR &= (uint32_t)(~(uint32_t)LowPowerMode);
 24813              		.loc 1 211 0
 24814 014c 064B     		ldr	r3, .L15
 24815 014e 064A     		ldr	r2, .L15
 24816 0150 1169     		ldr	r1, [r2, #16]
 24817 0152 FA79     		ldrb	r2, [r7, #7]	@ zero_extendqisi2
 24818 0154 6FEA0202 		mvn	r2, r2
 24819 0158 01EA0202 		and	r2, r1, r2
 24820 015c 1A61     		str	r2, [r3, #16]
 24821              	.L12:
 212:../Libraries/STM32F4xx_StdPeriph_Driver/src/misc.c ****   }
 213:../Libraries/STM32F4xx_StdPeriph_Driver/src/misc.c **** }
 24822              		.loc 1 213 0
 24823 015e 07F10C07 		add	r7, r7, #12
 24824 0162 BD46     		mov	sp, r7
 24825 0164 80BC     		pop	{r7}
 24826 0166 7047     		bx	lr
 24827              	.L16:
 24828              		.align	2
 24829              	.L15:
 24830 0168 00ED00E0 		.word	-536810240
 24831              		.cfi_endproc
 24832              	.LFE113:
 24834              		.align	2
 24835              		.global	SysTick_CLKSourceConfig
 24836              		.thumb
 24837              		.thumb_func
 24839              	SysTick_CLKSourceConfig:
 24840              	.LFB114:
 214:../Libraries/STM32F4xx_StdPeriph_Driver/src/misc.c **** 
 215:../Libraries/STM32F4xx_StdPeriph_Driver/src/misc.c **** /**
 216:../Libraries/STM32F4xx_StdPeriph_Driver/src/misc.c ****   * @brief  Configures the SysTick clock source.
 217:../Libraries/STM32F4xx_StdPeriph_Driver/src/misc.c ****   * @param  SysTick_CLKSource: specifies the SysTick clock source.
 218:../Libraries/STM32F4xx_StdPeriph_Driver/src/misc.c ****   *   This parameter can be one of the following values:
 219:../Libraries/STM32F4xx_StdPeriph_Driver/src/misc.c ****   *     @arg SysTick_CLKSource_HCLK_Div8: AHB clock divided by 8 selected as SysTick clock source.
 220:../Libraries/STM32F4xx_StdPeriph_Driver/src/misc.c ****   *     @arg SysTick_CLKSource_HCLK: AHB clock selected as SysTick clock source.
 221:../Libraries/STM32F4xx_StdPeriph_Driver/src/misc.c ****   * @retval None
 222:../Libraries/STM32F4xx_StdPeriph_Driver/src/misc.c ****   */
 223:../Libraries/STM32F4xx_StdPeriph_Driver/src/misc.c **** void SysTick_CLKSourceConfig(uint32_t SysTick_CLKSource)
 224:../Libraries/STM32F4xx_StdPeriph_Driver/src/misc.c **** {
 24841              		.loc 1 224 0
 24842              		.cfi_startproc
 24843              		@ args = 0, pretend = 0, frame = 8
 24844              		@ frame_needed = 1, uses_anonymous_args = 0
 24845              		@ link register save eliminated.
 24846 016c 80B4     		push	{r7}
 24847              	.LCFI12:
 24848              		.cfi_def_cfa_offset 4
 24849 016e 83B0     		sub	sp, sp, #12
 24850              	.LCFI13:
 24851              		.cfi_def_cfa_offset 16
 24852 0170 00AF     		add	r7, sp, #0
 24853              		.cfi_offset 7, -4
 24854              	.LCFI14:
 24855              		.cfi_def_cfa_register 7
 24856 0172 7860     		str	r0, [r7, #4]
 225:../Libraries/STM32F4xx_StdPeriph_Driver/src/misc.c ****   /* Check the parameters */
 226:../Libraries/STM32F4xx_StdPeriph_Driver/src/misc.c ****   assert_param(IS_SYSTICK_CLK_SOURCE(SysTick_CLKSource));
 227:../Libraries/STM32F4xx_StdPeriph_Driver/src/misc.c ****   if (SysTick_CLKSource == SysTick_CLKSource_HCLK)
 24857              		.loc 1 227 0
 24858 0174 7B68     		ldr	r3, [r7, #4]
 24859 0176 042B     		cmp	r3, #4
 24860 0178 06D1     		bne	.L18
 228:../Libraries/STM32F4xx_StdPeriph_Driver/src/misc.c ****   {
 229:../Libraries/STM32F4xx_StdPeriph_Driver/src/misc.c ****     SysTick->CTRL |= SysTick_CLKSource_HCLK;
 24861              		.loc 1 229 0
 24862 017a 094B     		ldr	r3, .L20
 24863 017c 084A     		ldr	r2, .L20
 24864 017e 1268     		ldr	r2, [r2, #0]
 24865 0180 42F00402 		orr	r2, r2, #4
 24866 0184 1A60     		str	r2, [r3, #0]
 24867 0186 05E0     		b	.L17
 24868              	.L18:
 230:../Libraries/STM32F4xx_StdPeriph_Driver/src/misc.c ****   }
 231:../Libraries/STM32F4xx_StdPeriph_Driver/src/misc.c ****   else
 232:../Libraries/STM32F4xx_StdPeriph_Driver/src/misc.c ****   {
 233:../Libraries/STM32F4xx_StdPeriph_Driver/src/misc.c ****     SysTick->CTRL &= SysTick_CLKSource_HCLK_Div8;
 24869              		.loc 1 233 0
 24870 0188 054B     		ldr	r3, .L20
 24871 018a 054A     		ldr	r2, .L20
 24872 018c 1268     		ldr	r2, [r2, #0]
 24873 018e 22F00402 		bic	r2, r2, #4
 24874 0192 1A60     		str	r2, [r3, #0]
 24875              	.L17:
 234:../Libraries/STM32F4xx_StdPeriph_Driver/src/misc.c ****   }
 235:../Libraries/STM32F4xx_StdPeriph_Driver/src/misc.c **** }
 24876              		.loc 1 235 0
 24877 0194 07F10C07 		add	r7, r7, #12
 24878 0198 BD46     		mov	sp, r7
 24879 019a 80BC     		pop	{r7}
 24880 019c 7047     		bx	lr
 24881              	.L21:
 24882 019e 00BF     		.align	2
 24883              	.L20:
 24884 01a0 10E000E0 		.word	-536813552
 24885              		.cfi_endproc
 24886              	.LFE114:
 24888              	.Letext0:
DEFINED SYMBOLS
                            *ABS*:00000000 misc.c
     /tmp/ccj50mi9.s:24566  .text:00000000 $t
     /tmp/ccj50mi9.s:24571  .text:00000000 NVIC_PriorityGroupConfig
     /tmp/ccj50mi9.s:24603  .text:00000020 $d
     /tmp/ccj50mi9.s:24607  .text:00000024 $t
     /tmp/ccj50mi9.s:24612  .text:00000024 NVIC_Init
     /tmp/ccj50mi9.s:24725  .text:000000f4 $d
     /tmp/ccj50mi9.s:24730  .text:000000fc $t
     /tmp/ccj50mi9.s:24735  .text:000000fc NVIC_SetVectorTable
     /tmp/ccj50mi9.s:24770  .text:00000124 $d
     /tmp/ccj50mi9.s:24774  .text:00000128 $t
     /tmp/ccj50mi9.s:24779  .text:00000128 NVIC_SystemLPConfig
     /tmp/ccj50mi9.s:24830  .text:00000168 $d
     /tmp/ccj50mi9.s:24834  .text:0000016c $t
     /tmp/ccj50mi9.s:24839  .text:0000016c SysTick_CLKSourceConfig
     /tmp/ccj50mi9.s:24884  .text:000001a0 $d
                     .debug_frame:00000010 $d

NO UNDEFINED SYMBOLS
