   1              		.syntax unified
   2              		.cpu cortex-m4
   3              		.fpu softvfp
   4              		.eabi_attribute 20, 1
   5              		.eabi_attribute 21, 1
   6              		.eabi_attribute 23, 3
   7              		.eabi_attribute 24, 1
   8              		.eabi_attribute 25, 1
   9              		.eabi_attribute 26, 1
  10              		.eabi_attribute 30, 6
  11              		.eabi_attribute 18, 4
  12              		.thumb
  13              		.file	"stm32f4xx_cryp_des.c"
  23              	.Ltext0:
  24              		.file 1 "../Libraries/STM32F4xx_StdPeriph_Driver/src/stm32f4xx_cryp_des.c"
 24566              		.align	2
 24567              		.global	CRYP_DES_ECB
 24568              		.thumb
 24569              		.thumb_func
 24571              	CRYP_DES_ECB:
 24572              	.LFB110:
   1:../Libraries/STM32F4xx_StdPeriph_Driver/src/stm32f4xx_cryp_des.c **** /**
   2:../Libraries/STM32F4xx_StdPeriph_Driver/src/stm32f4xx_cryp_des.c ****   ******************************************************************************
   3:../Libraries/STM32F4xx_StdPeriph_Driver/src/stm32f4xx_cryp_des.c ****   * @file    stm32f4xx_cryp_des.c
   4:../Libraries/STM32F4xx_StdPeriph_Driver/src/stm32f4xx_cryp_des.c ****   * @author  MCD Application Team
   5:../Libraries/STM32F4xx_StdPeriph_Driver/src/stm32f4xx_cryp_des.c ****   * @version V1.0.2
   6:../Libraries/STM32F4xx_StdPeriph_Driver/src/stm32f4xx_cryp_des.c ****   * @date    05-March-2012
   7:../Libraries/STM32F4xx_StdPeriph_Driver/src/stm32f4xx_cryp_des.c ****   * @brief   This file provides high level functions to encrypt and decrypt an 
   8:../Libraries/STM32F4xx_StdPeriph_Driver/src/stm32f4xx_cryp_des.c ****   *          input message using DES in ECB/CBC modes.
   9:../Libraries/STM32F4xx_StdPeriph_Driver/src/stm32f4xx_cryp_des.c ****   *          It uses the stm32f4xx_cryp.c/.h drivers to access the STM32F4xx CRYP
  10:../Libraries/STM32F4xx_StdPeriph_Driver/src/stm32f4xx_cryp_des.c ****   *          peripheral.
  11:../Libraries/STM32F4xx_StdPeriph_Driver/src/stm32f4xx_cryp_des.c ****   *
  12:../Libraries/STM32F4xx_StdPeriph_Driver/src/stm32f4xx_cryp_des.c ****   *  @verbatim
  13:../Libraries/STM32F4xx_StdPeriph_Driver/src/stm32f4xx_cryp_des.c ****   *
  14:../Libraries/STM32F4xx_StdPeriph_Driver/src/stm32f4xx_cryp_des.c ****   *          ===================================================================
  15:../Libraries/STM32F4xx_StdPeriph_Driver/src/stm32f4xx_cryp_des.c ****   *                                   How to use this driver
  16:../Libraries/STM32F4xx_StdPeriph_Driver/src/stm32f4xx_cryp_des.c ****   *          ===================================================================
  17:../Libraries/STM32F4xx_StdPeriph_Driver/src/stm32f4xx_cryp_des.c ****   *          1. Enable The CRYP controller clock using 
  18:../Libraries/STM32F4xx_StdPeriph_Driver/src/stm32f4xx_cryp_des.c ****   *            RCC_AHB2PeriphClockCmd(RCC_AHB2Periph_CRYP, ENABLE); function.
  19:../Libraries/STM32F4xx_StdPeriph_Driver/src/stm32f4xx_cryp_des.c ****   *
  20:../Libraries/STM32F4xx_StdPeriph_Driver/src/stm32f4xx_cryp_des.c ****   *          2. Encrypt and decrypt using DES in ECB Mode using CRYP_DES_ECB()
  21:../Libraries/STM32F4xx_StdPeriph_Driver/src/stm32f4xx_cryp_des.c ****   *             function.
  22:../Libraries/STM32F4xx_StdPeriph_Driver/src/stm32f4xx_cryp_des.c ****   *
  23:../Libraries/STM32F4xx_StdPeriph_Driver/src/stm32f4xx_cryp_des.c ****   *          3. Encrypt and decrypt using DES in CBC Mode using CRYP_DES_CBC()
  24:../Libraries/STM32F4xx_StdPeriph_Driver/src/stm32f4xx_cryp_des.c ****   *             function.
  25:../Libraries/STM32F4xx_StdPeriph_Driver/src/stm32f4xx_cryp_des.c ****   *
  26:../Libraries/STM32F4xx_StdPeriph_Driver/src/stm32f4xx_cryp_des.c ****   *  @endverbatim
  27:../Libraries/STM32F4xx_StdPeriph_Driver/src/stm32f4xx_cryp_des.c ****   *
  28:../Libraries/STM32F4xx_StdPeriph_Driver/src/stm32f4xx_cryp_des.c ****   ******************************************************************************
  29:../Libraries/STM32F4xx_StdPeriph_Driver/src/stm32f4xx_cryp_des.c ****   * @attention
  30:../Libraries/STM32F4xx_StdPeriph_Driver/src/stm32f4xx_cryp_des.c ****   *
  31:../Libraries/STM32F4xx_StdPeriph_Driver/src/stm32f4xx_cryp_des.c ****   * <h2><center>&copy; COPYRIGHT 2012 STMicroelectronics</center></h2>
  32:../Libraries/STM32F4xx_StdPeriph_Driver/src/stm32f4xx_cryp_des.c ****   *
  33:../Libraries/STM32F4xx_StdPeriph_Driver/src/stm32f4xx_cryp_des.c ****   * Licensed under MCD-ST Liberty SW License Agreement V2, (the "License");
  34:../Libraries/STM32F4xx_StdPeriph_Driver/src/stm32f4xx_cryp_des.c ****   * You may not use this file except in compliance with the License.
  35:../Libraries/STM32F4xx_StdPeriph_Driver/src/stm32f4xx_cryp_des.c ****   * You may obtain a copy of the License at:
  36:../Libraries/STM32F4xx_StdPeriph_Driver/src/stm32f4xx_cryp_des.c ****   *
  37:../Libraries/STM32F4xx_StdPeriph_Driver/src/stm32f4xx_cryp_des.c ****   *        http://www.st.com/software_license_agreement_liberty_v2
  38:../Libraries/STM32F4xx_StdPeriph_Driver/src/stm32f4xx_cryp_des.c ****   *
  39:../Libraries/STM32F4xx_StdPeriph_Driver/src/stm32f4xx_cryp_des.c ****   * Unless required by applicable law or agreed to in writing, software 
  40:../Libraries/STM32F4xx_StdPeriph_Driver/src/stm32f4xx_cryp_des.c ****   * distributed under the License is distributed on an "AS IS" BASIS, 
  41:../Libraries/STM32F4xx_StdPeriph_Driver/src/stm32f4xx_cryp_des.c ****   * WITHOUT WARRANTIES OR CONDITIONS OF ANY KIND, either express or implied.
  42:../Libraries/STM32F4xx_StdPeriph_Driver/src/stm32f4xx_cryp_des.c ****   * See the License for the specific language governing permissions and
  43:../Libraries/STM32F4xx_StdPeriph_Driver/src/stm32f4xx_cryp_des.c ****   * limitations under the License.
  44:../Libraries/STM32F4xx_StdPeriph_Driver/src/stm32f4xx_cryp_des.c ****   *
  45:../Libraries/STM32F4xx_StdPeriph_Driver/src/stm32f4xx_cryp_des.c ****   ******************************************************************************
  46:../Libraries/STM32F4xx_StdPeriph_Driver/src/stm32f4xx_cryp_des.c ****   */
  47:../Libraries/STM32F4xx_StdPeriph_Driver/src/stm32f4xx_cryp_des.c **** 
  48:../Libraries/STM32F4xx_StdPeriph_Driver/src/stm32f4xx_cryp_des.c **** /* Includes ------------------------------------------------------------------*/
  49:../Libraries/STM32F4xx_StdPeriph_Driver/src/stm32f4xx_cryp_des.c **** #include "stm32f4xx_cryp.h"
  50:../Libraries/STM32F4xx_StdPeriph_Driver/src/stm32f4xx_cryp_des.c **** 
  51:../Libraries/STM32F4xx_StdPeriph_Driver/src/stm32f4xx_cryp_des.c **** 
  52:../Libraries/STM32F4xx_StdPeriph_Driver/src/stm32f4xx_cryp_des.c **** /** @addtogroup STM32F4xx_StdPeriph_Driver
  53:../Libraries/STM32F4xx_StdPeriph_Driver/src/stm32f4xx_cryp_des.c ****   * @{
  54:../Libraries/STM32F4xx_StdPeriph_Driver/src/stm32f4xx_cryp_des.c ****   */
  55:../Libraries/STM32F4xx_StdPeriph_Driver/src/stm32f4xx_cryp_des.c **** 
  56:../Libraries/STM32F4xx_StdPeriph_Driver/src/stm32f4xx_cryp_des.c **** /** @defgroup CRYP 
  57:../Libraries/STM32F4xx_StdPeriph_Driver/src/stm32f4xx_cryp_des.c ****   * @brief CRYP driver modules
  58:../Libraries/STM32F4xx_StdPeriph_Driver/src/stm32f4xx_cryp_des.c ****   * @{
  59:../Libraries/STM32F4xx_StdPeriph_Driver/src/stm32f4xx_cryp_des.c ****   */
  60:../Libraries/STM32F4xx_StdPeriph_Driver/src/stm32f4xx_cryp_des.c **** 
  61:../Libraries/STM32F4xx_StdPeriph_Driver/src/stm32f4xx_cryp_des.c **** /* Private typedef -----------------------------------------------------------*/
  62:../Libraries/STM32F4xx_StdPeriph_Driver/src/stm32f4xx_cryp_des.c **** /* Private define ------------------------------------------------------------*/
  63:../Libraries/STM32F4xx_StdPeriph_Driver/src/stm32f4xx_cryp_des.c **** #define DESBUSY_TIMEOUT    ((uint32_t) 0x00010000)
  64:../Libraries/STM32F4xx_StdPeriph_Driver/src/stm32f4xx_cryp_des.c **** 
  65:../Libraries/STM32F4xx_StdPeriph_Driver/src/stm32f4xx_cryp_des.c **** /* Private macro -------------------------------------------------------------*/
  66:../Libraries/STM32F4xx_StdPeriph_Driver/src/stm32f4xx_cryp_des.c **** /* Private variables ---------------------------------------------------------*/
  67:../Libraries/STM32F4xx_StdPeriph_Driver/src/stm32f4xx_cryp_des.c **** /* Private function prototypes -----------------------------------------------*/
  68:../Libraries/STM32F4xx_StdPeriph_Driver/src/stm32f4xx_cryp_des.c **** /* Private functions ---------------------------------------------------------*/
  69:../Libraries/STM32F4xx_StdPeriph_Driver/src/stm32f4xx_cryp_des.c **** 
  70:../Libraries/STM32F4xx_StdPeriph_Driver/src/stm32f4xx_cryp_des.c **** 
  71:../Libraries/STM32F4xx_StdPeriph_Driver/src/stm32f4xx_cryp_des.c **** /** @defgroup CRYP_Private_Functions
  72:../Libraries/STM32F4xx_StdPeriph_Driver/src/stm32f4xx_cryp_des.c ****   * @{
  73:../Libraries/STM32F4xx_StdPeriph_Driver/src/stm32f4xx_cryp_des.c ****   */ 
  74:../Libraries/STM32F4xx_StdPeriph_Driver/src/stm32f4xx_cryp_des.c **** 
  75:../Libraries/STM32F4xx_StdPeriph_Driver/src/stm32f4xx_cryp_des.c **** /** @defgroup CRYP_Group8 High Level DES functions
  76:../Libraries/STM32F4xx_StdPeriph_Driver/src/stm32f4xx_cryp_des.c ****  *  @brief   High Level DES functions 
  77:../Libraries/STM32F4xx_StdPeriph_Driver/src/stm32f4xx_cryp_des.c ****  *
  78:../Libraries/STM32F4xx_StdPeriph_Driver/src/stm32f4xx_cryp_des.c **** @verbatim   
  79:../Libraries/STM32F4xx_StdPeriph_Driver/src/stm32f4xx_cryp_des.c ****  ===============================================================================
  80:../Libraries/STM32F4xx_StdPeriph_Driver/src/stm32f4xx_cryp_des.c ****                           High Level DES functions
  81:../Libraries/STM32F4xx_StdPeriph_Driver/src/stm32f4xx_cryp_des.c ****  ===============================================================================
  82:../Libraries/STM32F4xx_StdPeriph_Driver/src/stm32f4xx_cryp_des.c **** @endverbatim
  83:../Libraries/STM32F4xx_StdPeriph_Driver/src/stm32f4xx_cryp_des.c ****   * @{
  84:../Libraries/STM32F4xx_StdPeriph_Driver/src/stm32f4xx_cryp_des.c ****   */
  85:../Libraries/STM32F4xx_StdPeriph_Driver/src/stm32f4xx_cryp_des.c **** 
  86:../Libraries/STM32F4xx_StdPeriph_Driver/src/stm32f4xx_cryp_des.c **** /**
  87:../Libraries/STM32F4xx_StdPeriph_Driver/src/stm32f4xx_cryp_des.c ****   * @brief  Encrypt and decrypt using DES in ECB Mode
  88:../Libraries/STM32F4xx_StdPeriph_Driver/src/stm32f4xx_cryp_des.c ****   * @param  Mode: encryption or decryption Mode.
  89:../Libraries/STM32F4xx_StdPeriph_Driver/src/stm32f4xx_cryp_des.c ****   *           This parameter can be one of the following values:
  90:../Libraries/STM32F4xx_StdPeriph_Driver/src/stm32f4xx_cryp_des.c ****   *            @arg MODE_ENCRYPT: Encryption
  91:../Libraries/STM32F4xx_StdPeriph_Driver/src/stm32f4xx_cryp_des.c ****   *            @arg MODE_DECRYPT: Decryption
  92:../Libraries/STM32F4xx_StdPeriph_Driver/src/stm32f4xx_cryp_des.c ****   * @param  Key: Key used for DES algorithm.
  93:../Libraries/STM32F4xx_StdPeriph_Driver/src/stm32f4xx_cryp_des.c ****   * @param  Ilength: length of the Input buffer, must be a multiple of 8.
  94:../Libraries/STM32F4xx_StdPeriph_Driver/src/stm32f4xx_cryp_des.c ****   * @param  Input: pointer to the Input buffer.
  95:../Libraries/STM32F4xx_StdPeriph_Driver/src/stm32f4xx_cryp_des.c ****   * @param  Output: pointer to the returned buffer.
  96:../Libraries/STM32F4xx_StdPeriph_Driver/src/stm32f4xx_cryp_des.c ****   * @retval An ErrorStatus enumeration value:
  97:../Libraries/STM32F4xx_StdPeriph_Driver/src/stm32f4xx_cryp_des.c ****   *          - SUCCESS: Operation done
  98:../Libraries/STM32F4xx_StdPeriph_Driver/src/stm32f4xx_cryp_des.c ****   *          - ERROR: Operation failed
  99:../Libraries/STM32F4xx_StdPeriph_Driver/src/stm32f4xx_cryp_des.c ****   */
 100:../Libraries/STM32F4xx_StdPeriph_Driver/src/stm32f4xx_cryp_des.c **** ErrorStatus CRYP_DES_ECB(uint8_t Mode, uint8_t Key[8], uint8_t *Input, 
 101:../Libraries/STM32F4xx_StdPeriph_Driver/src/stm32f4xx_cryp_des.c ****                          uint32_t Ilength, uint8_t *Output)
 102:../Libraries/STM32F4xx_StdPeriph_Driver/src/stm32f4xx_cryp_des.c **** {
 24573              		.loc 1 102 0
 24574              		.cfi_startproc
 24575              		@ args = 4, pretend = 0, frame = 104
 24576              		@ frame_needed = 1, uses_anonymous_args = 0
 24577 0000 90B5     		push	{r4, r7, lr}
 24578              	.LCFI0:
 24579              		.cfi_def_cfa_offset 12
 24580 0002 9BB0     		sub	sp, sp, #108
 24581              	.LCFI1:
 24582              		.cfi_def_cfa_offset 120
 24583 0004 00AF     		add	r7, sp, #0
 24584              		.cfi_offset 14, -4
 24585              		.cfi_offset 7, -8
 24586              		.cfi_offset 4, -12
 24587              	.LCFI2:
 24588              		.cfi_def_cfa_register 7
 24589 0006 B960     		str	r1, [r7, #8]
 24590 0008 7A60     		str	r2, [r7, #4]
 24591 000a 3B60     		str	r3, [r7, #0]
 24592 000c 0346     		mov	r3, r0
 24593 000e FB73     		strb	r3, [r7, #15]
 103:../Libraries/STM32F4xx_StdPeriph_Driver/src/stm32f4xx_cryp_des.c ****   CRYP_InitTypeDef DES_CRYP_InitStructure;
 104:../Libraries/STM32F4xx_StdPeriph_Driver/src/stm32f4xx_cryp_des.c ****   CRYP_KeyInitTypeDef DES_CRYP_KeyInitStructure;
 105:../Libraries/STM32F4xx_StdPeriph_Driver/src/stm32f4xx_cryp_des.c ****   __IO uint32_t counter = 0;
 24594              		.loc 1 105 0
 24595 0010 4FF00003 		mov	r3, #0
 24596 0014 7B61     		str	r3, [r7, #20]
 106:../Libraries/STM32F4xx_StdPeriph_Driver/src/stm32f4xx_cryp_des.c ****   uint32_t busystatus = 0;
 24597              		.loc 1 106 0
 24598 0016 4FF00003 		mov	r3, #0
 24599 001a 7B65     		str	r3, [r7, #84]
 107:../Libraries/STM32F4xx_StdPeriph_Driver/src/stm32f4xx_cryp_des.c ****   ErrorStatus status = SUCCESS;
 24600              		.loc 1 107 0
 24601 001c 4FF00103 		mov	r3, #1
 24602 0020 87F86730 		strb	r3, [r7, #103]
 108:../Libraries/STM32F4xx_StdPeriph_Driver/src/stm32f4xx_cryp_des.c ****   uint32_t keyaddr    = (uint32_t)Key;
 24603              		.loc 1 108 0
 24604 0024 BB68     		ldr	r3, [r7, #8]
 24605 0026 3B65     		str	r3, [r7, #80]
 109:../Libraries/STM32F4xx_StdPeriph_Driver/src/stm32f4xx_cryp_des.c ****   uint32_t inputaddr  = (uint32_t)Input;
 24606              		.loc 1 109 0
 24607 0028 7B68     		ldr	r3, [r7, #4]
 24608 002a 3B66     		str	r3, [r7, #96]
 110:../Libraries/STM32F4xx_StdPeriph_Driver/src/stm32f4xx_cryp_des.c ****   uint32_t outputaddr = (uint32_t)Output;
 24609              		.loc 1 110 0
 24610 002c BB6F     		ldr	r3, [r7, #120]
 24611 002e FB65     		str	r3, [r7, #92]
 111:../Libraries/STM32F4xx_StdPeriph_Driver/src/stm32f4xx_cryp_des.c ****   uint32_t i = 0;
 24612              		.loc 1 111 0
 24613 0030 4FF00003 		mov	r3, #0
 24614 0034 BB65     		str	r3, [r7, #88]
 112:../Libraries/STM32F4xx_StdPeriph_Driver/src/stm32f4xx_cryp_des.c **** 
 113:../Libraries/STM32F4xx_StdPeriph_Driver/src/stm32f4xx_cryp_des.c ****   /* Crypto structures initialisation*/
 114:../Libraries/STM32F4xx_StdPeriph_Driver/src/stm32f4xx_cryp_des.c ****   CRYP_KeyStructInit(&DES_CRYP_KeyInitStructure);
 24615              		.loc 1 114 0
 24616 0036 07F11803 		add	r3, r7, #24
 24617 003a 1846     		mov	r0, r3
 24618 003c FFF7FEFF 		bl	CRYP_KeyStructInit
 115:../Libraries/STM32F4xx_StdPeriph_Driver/src/stm32f4xx_cryp_des.c **** 
 116:../Libraries/STM32F4xx_StdPeriph_Driver/src/stm32f4xx_cryp_des.c ****   /* Crypto Init for Encryption process */
 117:../Libraries/STM32F4xx_StdPeriph_Driver/src/stm32f4xx_cryp_des.c ****   if( Mode == MODE_ENCRYPT ) /* DES encryption */
 24619              		.loc 1 117 0
 24620 0040 FB7B     		ldrb	r3, [r7, #15]	@ zero_extendqisi2
 24621 0042 012B     		cmp	r3, #1
 24622 0044 03D1     		bne	.L2
 118:../Libraries/STM32F4xx_StdPeriph_Driver/src/stm32f4xx_cryp_des.c ****   {
 119:../Libraries/STM32F4xx_StdPeriph_Driver/src/stm32f4xx_cryp_des.c ****      DES_CRYP_InitStructure.CRYP_AlgoDir  = CRYP_AlgoDir_Encrypt;
 24623              		.loc 1 119 0
 24624 0046 4FF00003 		mov	r3, #0
 24625 004a 3B87     		strh	r3, [r7, #56]	@ movhi
 24626 004c 02E0     		b	.L3
 24627              	.L2:
 120:../Libraries/STM32F4xx_StdPeriph_Driver/src/stm32f4xx_cryp_des.c ****   }
 121:../Libraries/STM32F4xx_StdPeriph_Driver/src/stm32f4xx_cryp_des.c ****   else/* if( Mode == MODE_DECRYPT )*/ /* DES decryption */
 122:../Libraries/STM32F4xx_StdPeriph_Driver/src/stm32f4xx_cryp_des.c ****   {      
 123:../Libraries/STM32F4xx_StdPeriph_Driver/src/stm32f4xx_cryp_des.c ****      DES_CRYP_InitStructure.CRYP_AlgoDir  = CRYP_AlgoDir_Decrypt;
 24628              		.loc 1 123 0
 24629 004e 4FF00403 		mov	r3, #4
 24630 0052 3B87     		strh	r3, [r7, #56]	@ movhi
 24631              	.L3:
 124:../Libraries/STM32F4xx_StdPeriph_Driver/src/stm32f4xx_cryp_des.c ****   }
 125:../Libraries/STM32F4xx_StdPeriph_Driver/src/stm32f4xx_cryp_des.c **** 
 126:../Libraries/STM32F4xx_StdPeriph_Driver/src/stm32f4xx_cryp_des.c ****   DES_CRYP_InitStructure.CRYP_AlgoMode = CRYP_AlgoMode_DES_ECB;
 24632              		.loc 1 126 0
 24633 0054 4FF01003 		mov	r3, #16
 24634 0058 7B87     		strh	r3, [r7, #58]	@ movhi
 127:../Libraries/STM32F4xx_StdPeriph_Driver/src/stm32f4xx_cryp_des.c ****   DES_CRYP_InitStructure.CRYP_DataType = CRYP_DataType_8b;
 24635              		.loc 1 127 0
 24636 005a 4FF08003 		mov	r3, #128
 24637 005e BB87     		strh	r3, [r7, #60]	@ movhi
 128:../Libraries/STM32F4xx_StdPeriph_Driver/src/stm32f4xx_cryp_des.c ****   CRYP_Init(&DES_CRYP_InitStructure);
 24638              		.loc 1 128 0
 24639 0060 07F13803 		add	r3, r7, #56
 24640 0064 1846     		mov	r0, r3
 24641 0066 FFF7FEFF 		bl	CRYP_Init
 129:../Libraries/STM32F4xx_StdPeriph_Driver/src/stm32f4xx_cryp_des.c **** 
 130:../Libraries/STM32F4xx_StdPeriph_Driver/src/stm32f4xx_cryp_des.c ****   /* Key Initialisation */
 131:../Libraries/STM32F4xx_StdPeriph_Driver/src/stm32f4xx_cryp_des.c ****   DES_CRYP_KeyInitStructure.CRYP_Key1Left = __REV(*(uint32_t*)(keyaddr));
 24642              		.loc 1 131 0
 24643 006a 3B6D     		ldr	r3, [r7, #80]
 24644 006c 1B68     		ldr	r3, [r3, #0]
 24645 006e FB64     		str	r3, [r7, #76]
 24646              	.LBB14:
 24647              	.LBB15:
   1:/home/junpei/workspace/arm/F4_Discovery_Template/Libraries/CMSIS/Include/core_cmInstr.h **** /**************************************************************************//**
   2:/home/junpei/workspace/arm/F4_Discovery_Template/Libraries/CMSIS/Include/core_cmInstr.h ****  * @file     core_cmInstr.h
   3:/home/junpei/workspace/arm/F4_Discovery_Template/Libraries/CMSIS/Include/core_cmInstr.h ****  * @brief    CMSIS Cortex-M Core Instruction Access Header File
   4:/home/junpei/workspace/arm/F4_Discovery_Template/Libraries/CMSIS/Include/core_cmInstr.h ****  * @version  V2.10
   5:/home/junpei/workspace/arm/F4_Discovery_Template/Libraries/CMSIS/Include/core_cmInstr.h ****  * @date     19. July 2011
   6:/home/junpei/workspace/arm/F4_Discovery_Template/Libraries/CMSIS/Include/core_cmInstr.h ****  *
   7:/home/junpei/workspace/arm/F4_Discovery_Template/Libraries/CMSIS/Include/core_cmInstr.h ****  * @note
   8:/home/junpei/workspace/arm/F4_Discovery_Template/Libraries/CMSIS/Include/core_cmInstr.h ****  * Copyright (C) 2009-2011 ARM Limited. All rights reserved.
   9:/home/junpei/workspace/arm/F4_Discovery_Template/Libraries/CMSIS/Include/core_cmInstr.h ****  *
  10:/home/junpei/workspace/arm/F4_Discovery_Template/Libraries/CMSIS/Include/core_cmInstr.h ****  * @par
  11:/home/junpei/workspace/arm/F4_Discovery_Template/Libraries/CMSIS/Include/core_cmInstr.h ****  * ARM Limited (ARM) is supplying this software for use with Cortex-M 
  12:/home/junpei/workspace/arm/F4_Discovery_Template/Libraries/CMSIS/Include/core_cmInstr.h ****  * processor based microcontrollers.  This file can be freely distributed 
  13:/home/junpei/workspace/arm/F4_Discovery_Template/Libraries/CMSIS/Include/core_cmInstr.h ****  * within development tools that are supporting such ARM based processors. 
  14:/home/junpei/workspace/arm/F4_Discovery_Template/Libraries/CMSIS/Include/core_cmInstr.h ****  *
  15:/home/junpei/workspace/arm/F4_Discovery_Template/Libraries/CMSIS/Include/core_cmInstr.h ****  * @par
  16:/home/junpei/workspace/arm/F4_Discovery_Template/Libraries/CMSIS/Include/core_cmInstr.h ****  * THIS SOFTWARE IS PROVIDED "AS IS".  NO WARRANTIES, WHETHER EXPRESS, IMPLIED
  17:/home/junpei/workspace/arm/F4_Discovery_Template/Libraries/CMSIS/Include/core_cmInstr.h ****  * OR STATUTORY, INCLUDING, BUT NOT LIMITED TO, IMPLIED WARRANTIES OF
  18:/home/junpei/workspace/arm/F4_Discovery_Template/Libraries/CMSIS/Include/core_cmInstr.h ****  * MERCHANTABILITY AND FITNESS FOR A PARTICULAR PURPOSE APPLY TO THIS SOFTWARE.
  19:/home/junpei/workspace/arm/F4_Discovery_Template/Libraries/CMSIS/Include/core_cmInstr.h ****  * ARM SHALL NOT, IN ANY CIRCUMSTANCES, BE LIABLE FOR SPECIAL, INCIDENTAL, OR
  20:/home/junpei/workspace/arm/F4_Discovery_Template/Libraries/CMSIS/Include/core_cmInstr.h ****  * CONSEQUENTIAL DAMAGES, FOR ANY REASON WHATSOEVER.
  21:/home/junpei/workspace/arm/F4_Discovery_Template/Libraries/CMSIS/Include/core_cmInstr.h ****  *
  22:/home/junpei/workspace/arm/F4_Discovery_Template/Libraries/CMSIS/Include/core_cmInstr.h ****  ******************************************************************************/
  23:/home/junpei/workspace/arm/F4_Discovery_Template/Libraries/CMSIS/Include/core_cmInstr.h **** 
  24:/home/junpei/workspace/arm/F4_Discovery_Template/Libraries/CMSIS/Include/core_cmInstr.h **** #ifndef __CORE_CMINSTR_H
  25:/home/junpei/workspace/arm/F4_Discovery_Template/Libraries/CMSIS/Include/core_cmInstr.h **** #define __CORE_CMINSTR_H
  26:/home/junpei/workspace/arm/F4_Discovery_Template/Libraries/CMSIS/Include/core_cmInstr.h **** 
  27:/home/junpei/workspace/arm/F4_Discovery_Template/Libraries/CMSIS/Include/core_cmInstr.h **** 
  28:/home/junpei/workspace/arm/F4_Discovery_Template/Libraries/CMSIS/Include/core_cmInstr.h **** /* ##########################  Core Instruction Access  ######################### */
  29:/home/junpei/workspace/arm/F4_Discovery_Template/Libraries/CMSIS/Include/core_cmInstr.h **** /** \defgroup CMSIS_Core_InstructionInterface CMSIS Core Instruction Interface
  30:/home/junpei/workspace/arm/F4_Discovery_Template/Libraries/CMSIS/Include/core_cmInstr.h ****   Access to dedicated instructions
  31:/home/junpei/workspace/arm/F4_Discovery_Template/Libraries/CMSIS/Include/core_cmInstr.h ****   @{
  32:/home/junpei/workspace/arm/F4_Discovery_Template/Libraries/CMSIS/Include/core_cmInstr.h **** */
  33:/home/junpei/workspace/arm/F4_Discovery_Template/Libraries/CMSIS/Include/core_cmInstr.h **** 
  34:/home/junpei/workspace/arm/F4_Discovery_Template/Libraries/CMSIS/Include/core_cmInstr.h **** #if   defined ( __CC_ARM ) /*------------------RealView Compiler -----------------*/
  35:/home/junpei/workspace/arm/F4_Discovery_Template/Libraries/CMSIS/Include/core_cmInstr.h **** /* ARM armcc specific functions */
  36:/home/junpei/workspace/arm/F4_Discovery_Template/Libraries/CMSIS/Include/core_cmInstr.h **** 
  37:/home/junpei/workspace/arm/F4_Discovery_Template/Libraries/CMSIS/Include/core_cmInstr.h **** #if (__ARMCC_VERSION < 400677)
  38:/home/junpei/workspace/arm/F4_Discovery_Template/Libraries/CMSIS/Include/core_cmInstr.h ****   #error "Please use ARM Compiler Toolchain V4.0.677 or later!"
  39:/home/junpei/workspace/arm/F4_Discovery_Template/Libraries/CMSIS/Include/core_cmInstr.h **** #endif
  40:/home/junpei/workspace/arm/F4_Discovery_Template/Libraries/CMSIS/Include/core_cmInstr.h **** 
  41:/home/junpei/workspace/arm/F4_Discovery_Template/Libraries/CMSIS/Include/core_cmInstr.h **** 
  42:/home/junpei/workspace/arm/F4_Discovery_Template/Libraries/CMSIS/Include/core_cmInstr.h **** /** \brief  No Operation
  43:/home/junpei/workspace/arm/F4_Discovery_Template/Libraries/CMSIS/Include/core_cmInstr.h **** 
  44:/home/junpei/workspace/arm/F4_Discovery_Template/Libraries/CMSIS/Include/core_cmInstr.h ****     No Operation does nothing. This instruction can be used for code alignment purposes.
  45:/home/junpei/workspace/arm/F4_Discovery_Template/Libraries/CMSIS/Include/core_cmInstr.h ****  */
  46:/home/junpei/workspace/arm/F4_Discovery_Template/Libraries/CMSIS/Include/core_cmInstr.h **** #define __NOP                             __nop
  47:/home/junpei/workspace/arm/F4_Discovery_Template/Libraries/CMSIS/Include/core_cmInstr.h **** 
  48:/home/junpei/workspace/arm/F4_Discovery_Template/Libraries/CMSIS/Include/core_cmInstr.h **** 
  49:/home/junpei/workspace/arm/F4_Discovery_Template/Libraries/CMSIS/Include/core_cmInstr.h **** /** \brief  Wait For Interrupt
  50:/home/junpei/workspace/arm/F4_Discovery_Template/Libraries/CMSIS/Include/core_cmInstr.h **** 
  51:/home/junpei/workspace/arm/F4_Discovery_Template/Libraries/CMSIS/Include/core_cmInstr.h ****     Wait For Interrupt is a hint instruction that suspends execution
  52:/home/junpei/workspace/arm/F4_Discovery_Template/Libraries/CMSIS/Include/core_cmInstr.h ****     until one of a number of events occurs.
  53:/home/junpei/workspace/arm/F4_Discovery_Template/Libraries/CMSIS/Include/core_cmInstr.h ****  */
  54:/home/junpei/workspace/arm/F4_Discovery_Template/Libraries/CMSIS/Include/core_cmInstr.h **** #define __WFI                             __wfi
  55:/home/junpei/workspace/arm/F4_Discovery_Template/Libraries/CMSIS/Include/core_cmInstr.h **** 
  56:/home/junpei/workspace/arm/F4_Discovery_Template/Libraries/CMSIS/Include/core_cmInstr.h **** 
  57:/home/junpei/workspace/arm/F4_Discovery_Template/Libraries/CMSIS/Include/core_cmInstr.h **** /** \brief  Wait For Event
  58:/home/junpei/workspace/arm/F4_Discovery_Template/Libraries/CMSIS/Include/core_cmInstr.h **** 
  59:/home/junpei/workspace/arm/F4_Discovery_Template/Libraries/CMSIS/Include/core_cmInstr.h ****     Wait For Event is a hint instruction that permits the processor to enter
  60:/home/junpei/workspace/arm/F4_Discovery_Template/Libraries/CMSIS/Include/core_cmInstr.h ****     a low-power state until one of a number of events occurs.
  61:/home/junpei/workspace/arm/F4_Discovery_Template/Libraries/CMSIS/Include/core_cmInstr.h ****  */
  62:/home/junpei/workspace/arm/F4_Discovery_Template/Libraries/CMSIS/Include/core_cmInstr.h **** #define __WFE                             __wfe
  63:/home/junpei/workspace/arm/F4_Discovery_Template/Libraries/CMSIS/Include/core_cmInstr.h **** 
  64:/home/junpei/workspace/arm/F4_Discovery_Template/Libraries/CMSIS/Include/core_cmInstr.h **** 
  65:/home/junpei/workspace/arm/F4_Discovery_Template/Libraries/CMSIS/Include/core_cmInstr.h **** /** \brief  Send Event
  66:/home/junpei/workspace/arm/F4_Discovery_Template/Libraries/CMSIS/Include/core_cmInstr.h **** 
  67:/home/junpei/workspace/arm/F4_Discovery_Template/Libraries/CMSIS/Include/core_cmInstr.h ****     Send Event is a hint instruction. It causes an event to be signaled to the CPU.
  68:/home/junpei/workspace/arm/F4_Discovery_Template/Libraries/CMSIS/Include/core_cmInstr.h ****  */
  69:/home/junpei/workspace/arm/F4_Discovery_Template/Libraries/CMSIS/Include/core_cmInstr.h **** #define __SEV                             __sev
  70:/home/junpei/workspace/arm/F4_Discovery_Template/Libraries/CMSIS/Include/core_cmInstr.h **** 
  71:/home/junpei/workspace/arm/F4_Discovery_Template/Libraries/CMSIS/Include/core_cmInstr.h **** 
  72:/home/junpei/workspace/arm/F4_Discovery_Template/Libraries/CMSIS/Include/core_cmInstr.h **** /** \brief  Instruction Synchronization Barrier
  73:/home/junpei/workspace/arm/F4_Discovery_Template/Libraries/CMSIS/Include/core_cmInstr.h **** 
  74:/home/junpei/workspace/arm/F4_Discovery_Template/Libraries/CMSIS/Include/core_cmInstr.h ****     Instruction Synchronization Barrier flushes the pipeline in the processor, 
  75:/home/junpei/workspace/arm/F4_Discovery_Template/Libraries/CMSIS/Include/core_cmInstr.h ****     so that all instructions following the ISB are fetched from cache or 
  76:/home/junpei/workspace/arm/F4_Discovery_Template/Libraries/CMSIS/Include/core_cmInstr.h ****     memory, after the instruction has been completed.
  77:/home/junpei/workspace/arm/F4_Discovery_Template/Libraries/CMSIS/Include/core_cmInstr.h ****  */
  78:/home/junpei/workspace/arm/F4_Discovery_Template/Libraries/CMSIS/Include/core_cmInstr.h **** #define __ISB()                           __isb(0xF)
  79:/home/junpei/workspace/arm/F4_Discovery_Template/Libraries/CMSIS/Include/core_cmInstr.h **** 
  80:/home/junpei/workspace/arm/F4_Discovery_Template/Libraries/CMSIS/Include/core_cmInstr.h **** 
  81:/home/junpei/workspace/arm/F4_Discovery_Template/Libraries/CMSIS/Include/core_cmInstr.h **** /** \brief  Data Synchronization Barrier
  82:/home/junpei/workspace/arm/F4_Discovery_Template/Libraries/CMSIS/Include/core_cmInstr.h **** 
  83:/home/junpei/workspace/arm/F4_Discovery_Template/Libraries/CMSIS/Include/core_cmInstr.h ****     This function acts as a special kind of Data Memory Barrier. 
  84:/home/junpei/workspace/arm/F4_Discovery_Template/Libraries/CMSIS/Include/core_cmInstr.h ****     It completes when all explicit memory accesses before this instruction complete.
  85:/home/junpei/workspace/arm/F4_Discovery_Template/Libraries/CMSIS/Include/core_cmInstr.h ****  */
  86:/home/junpei/workspace/arm/F4_Discovery_Template/Libraries/CMSIS/Include/core_cmInstr.h **** #define __DSB()                           __dsb(0xF)
  87:/home/junpei/workspace/arm/F4_Discovery_Template/Libraries/CMSIS/Include/core_cmInstr.h **** 
  88:/home/junpei/workspace/arm/F4_Discovery_Template/Libraries/CMSIS/Include/core_cmInstr.h **** 
  89:/home/junpei/workspace/arm/F4_Discovery_Template/Libraries/CMSIS/Include/core_cmInstr.h **** /** \brief  Data Memory Barrier
  90:/home/junpei/workspace/arm/F4_Discovery_Template/Libraries/CMSIS/Include/core_cmInstr.h **** 
  91:/home/junpei/workspace/arm/F4_Discovery_Template/Libraries/CMSIS/Include/core_cmInstr.h ****     This function ensures the apparent order of the explicit memory operations before 
  92:/home/junpei/workspace/arm/F4_Discovery_Template/Libraries/CMSIS/Include/core_cmInstr.h ****     and after the instruction, without ensuring their completion.
  93:/home/junpei/workspace/arm/F4_Discovery_Template/Libraries/CMSIS/Include/core_cmInstr.h ****  */
  94:/home/junpei/workspace/arm/F4_Discovery_Template/Libraries/CMSIS/Include/core_cmInstr.h **** #define __DMB()                           __dmb(0xF)
  95:/home/junpei/workspace/arm/F4_Discovery_Template/Libraries/CMSIS/Include/core_cmInstr.h **** 
  96:/home/junpei/workspace/arm/F4_Discovery_Template/Libraries/CMSIS/Include/core_cmInstr.h **** 
  97:/home/junpei/workspace/arm/F4_Discovery_Template/Libraries/CMSIS/Include/core_cmInstr.h **** /** \brief  Reverse byte order (32 bit)
  98:/home/junpei/workspace/arm/F4_Discovery_Template/Libraries/CMSIS/Include/core_cmInstr.h **** 
  99:/home/junpei/workspace/arm/F4_Discovery_Template/Libraries/CMSIS/Include/core_cmInstr.h ****     This function reverses the byte order in integer value.
 100:/home/junpei/workspace/arm/F4_Discovery_Template/Libraries/CMSIS/Include/core_cmInstr.h **** 
 101:/home/junpei/workspace/arm/F4_Discovery_Template/Libraries/CMSIS/Include/core_cmInstr.h ****     \param [in]    value  Value to reverse
 102:/home/junpei/workspace/arm/F4_Discovery_Template/Libraries/CMSIS/Include/core_cmInstr.h ****     \return               Reversed value
 103:/home/junpei/workspace/arm/F4_Discovery_Template/Libraries/CMSIS/Include/core_cmInstr.h ****  */
 104:/home/junpei/workspace/arm/F4_Discovery_Template/Libraries/CMSIS/Include/core_cmInstr.h **** #define __REV                             __rev
 105:/home/junpei/workspace/arm/F4_Discovery_Template/Libraries/CMSIS/Include/core_cmInstr.h **** 
 106:/home/junpei/workspace/arm/F4_Discovery_Template/Libraries/CMSIS/Include/core_cmInstr.h **** 
 107:/home/junpei/workspace/arm/F4_Discovery_Template/Libraries/CMSIS/Include/core_cmInstr.h **** /** \brief  Reverse byte order (16 bit)
 108:/home/junpei/workspace/arm/F4_Discovery_Template/Libraries/CMSIS/Include/core_cmInstr.h **** 
 109:/home/junpei/workspace/arm/F4_Discovery_Template/Libraries/CMSIS/Include/core_cmInstr.h ****     This function reverses the byte order in two unsigned short values.
 110:/home/junpei/workspace/arm/F4_Discovery_Template/Libraries/CMSIS/Include/core_cmInstr.h **** 
 111:/home/junpei/workspace/arm/F4_Discovery_Template/Libraries/CMSIS/Include/core_cmInstr.h ****     \param [in]    value  Value to reverse
 112:/home/junpei/workspace/arm/F4_Discovery_Template/Libraries/CMSIS/Include/core_cmInstr.h ****     \return               Reversed value
 113:/home/junpei/workspace/arm/F4_Discovery_Template/Libraries/CMSIS/Include/core_cmInstr.h ****  */
 114:/home/junpei/workspace/arm/F4_Discovery_Template/Libraries/CMSIS/Include/core_cmInstr.h **** static __INLINE __ASM uint32_t __REV16(uint32_t value)
 115:/home/junpei/workspace/arm/F4_Discovery_Template/Libraries/CMSIS/Include/core_cmInstr.h **** {
 116:/home/junpei/workspace/arm/F4_Discovery_Template/Libraries/CMSIS/Include/core_cmInstr.h ****   rev16 r0, r0
 117:/home/junpei/workspace/arm/F4_Discovery_Template/Libraries/CMSIS/Include/core_cmInstr.h ****   bx lr
 118:/home/junpei/workspace/arm/F4_Discovery_Template/Libraries/CMSIS/Include/core_cmInstr.h **** }
 119:/home/junpei/workspace/arm/F4_Discovery_Template/Libraries/CMSIS/Include/core_cmInstr.h **** 
 120:/home/junpei/workspace/arm/F4_Discovery_Template/Libraries/CMSIS/Include/core_cmInstr.h **** 
 121:/home/junpei/workspace/arm/F4_Discovery_Template/Libraries/CMSIS/Include/core_cmInstr.h **** /** \brief  Reverse byte order in signed short value
 122:/home/junpei/workspace/arm/F4_Discovery_Template/Libraries/CMSIS/Include/core_cmInstr.h **** 
 123:/home/junpei/workspace/arm/F4_Discovery_Template/Libraries/CMSIS/Include/core_cmInstr.h ****     This function reverses the byte order in a signed short value with sign extension to integer.
 124:/home/junpei/workspace/arm/F4_Discovery_Template/Libraries/CMSIS/Include/core_cmInstr.h **** 
 125:/home/junpei/workspace/arm/F4_Discovery_Template/Libraries/CMSIS/Include/core_cmInstr.h ****     \param [in]    value  Value to reverse
 126:/home/junpei/workspace/arm/F4_Discovery_Template/Libraries/CMSIS/Include/core_cmInstr.h ****     \return               Reversed value
 127:/home/junpei/workspace/arm/F4_Discovery_Template/Libraries/CMSIS/Include/core_cmInstr.h ****  */
 128:/home/junpei/workspace/arm/F4_Discovery_Template/Libraries/CMSIS/Include/core_cmInstr.h **** static __INLINE __ASM int32_t __REVSH(int32_t value)
 129:/home/junpei/workspace/arm/F4_Discovery_Template/Libraries/CMSIS/Include/core_cmInstr.h **** {
 130:/home/junpei/workspace/arm/F4_Discovery_Template/Libraries/CMSIS/Include/core_cmInstr.h ****   revsh r0, r0
 131:/home/junpei/workspace/arm/F4_Discovery_Template/Libraries/CMSIS/Include/core_cmInstr.h ****   bx lr
 132:/home/junpei/workspace/arm/F4_Discovery_Template/Libraries/CMSIS/Include/core_cmInstr.h **** }
 133:/home/junpei/workspace/arm/F4_Discovery_Template/Libraries/CMSIS/Include/core_cmInstr.h **** 
 134:/home/junpei/workspace/arm/F4_Discovery_Template/Libraries/CMSIS/Include/core_cmInstr.h **** 
 135:/home/junpei/workspace/arm/F4_Discovery_Template/Libraries/CMSIS/Include/core_cmInstr.h **** #if       (__CORTEX_M >= 0x03)
 136:/home/junpei/workspace/arm/F4_Discovery_Template/Libraries/CMSIS/Include/core_cmInstr.h **** 
 137:/home/junpei/workspace/arm/F4_Discovery_Template/Libraries/CMSIS/Include/core_cmInstr.h **** /** \brief  Reverse bit order of value
 138:/home/junpei/workspace/arm/F4_Discovery_Template/Libraries/CMSIS/Include/core_cmInstr.h **** 
 139:/home/junpei/workspace/arm/F4_Discovery_Template/Libraries/CMSIS/Include/core_cmInstr.h ****     This function reverses the bit order of the given value.
 140:/home/junpei/workspace/arm/F4_Discovery_Template/Libraries/CMSIS/Include/core_cmInstr.h **** 
 141:/home/junpei/workspace/arm/F4_Discovery_Template/Libraries/CMSIS/Include/core_cmInstr.h ****     \param [in]    value  Value to reverse
 142:/home/junpei/workspace/arm/F4_Discovery_Template/Libraries/CMSIS/Include/core_cmInstr.h ****     \return               Reversed value
 143:/home/junpei/workspace/arm/F4_Discovery_Template/Libraries/CMSIS/Include/core_cmInstr.h ****  */
 144:/home/junpei/workspace/arm/F4_Discovery_Template/Libraries/CMSIS/Include/core_cmInstr.h **** #define __RBIT                            __rbit
 145:/home/junpei/workspace/arm/F4_Discovery_Template/Libraries/CMSIS/Include/core_cmInstr.h **** 
 146:/home/junpei/workspace/arm/F4_Discovery_Template/Libraries/CMSIS/Include/core_cmInstr.h **** 
 147:/home/junpei/workspace/arm/F4_Discovery_Template/Libraries/CMSIS/Include/core_cmInstr.h **** /** \brief  LDR Exclusive (8 bit)
 148:/home/junpei/workspace/arm/F4_Discovery_Template/Libraries/CMSIS/Include/core_cmInstr.h **** 
 149:/home/junpei/workspace/arm/F4_Discovery_Template/Libraries/CMSIS/Include/core_cmInstr.h ****     This function performs a exclusive LDR command for 8 bit value.
 150:/home/junpei/workspace/arm/F4_Discovery_Template/Libraries/CMSIS/Include/core_cmInstr.h **** 
 151:/home/junpei/workspace/arm/F4_Discovery_Template/Libraries/CMSIS/Include/core_cmInstr.h ****     \param [in]    ptr  Pointer to data
 152:/home/junpei/workspace/arm/F4_Discovery_Template/Libraries/CMSIS/Include/core_cmInstr.h ****     \return             value of type uint8_t at (*ptr)
 153:/home/junpei/workspace/arm/F4_Discovery_Template/Libraries/CMSIS/Include/core_cmInstr.h ****  */
 154:/home/junpei/workspace/arm/F4_Discovery_Template/Libraries/CMSIS/Include/core_cmInstr.h **** #define __LDREXB(ptr)                     ((uint8_t ) __ldrex(ptr))
 155:/home/junpei/workspace/arm/F4_Discovery_Template/Libraries/CMSIS/Include/core_cmInstr.h **** 
 156:/home/junpei/workspace/arm/F4_Discovery_Template/Libraries/CMSIS/Include/core_cmInstr.h **** 
 157:/home/junpei/workspace/arm/F4_Discovery_Template/Libraries/CMSIS/Include/core_cmInstr.h **** /** \brief  LDR Exclusive (16 bit)
 158:/home/junpei/workspace/arm/F4_Discovery_Template/Libraries/CMSIS/Include/core_cmInstr.h **** 
 159:/home/junpei/workspace/arm/F4_Discovery_Template/Libraries/CMSIS/Include/core_cmInstr.h ****     This function performs a exclusive LDR command for 16 bit values.
 160:/home/junpei/workspace/arm/F4_Discovery_Template/Libraries/CMSIS/Include/core_cmInstr.h **** 
 161:/home/junpei/workspace/arm/F4_Discovery_Template/Libraries/CMSIS/Include/core_cmInstr.h ****     \param [in]    ptr  Pointer to data
 162:/home/junpei/workspace/arm/F4_Discovery_Template/Libraries/CMSIS/Include/core_cmInstr.h ****     \return        value of type uint16_t at (*ptr)
 163:/home/junpei/workspace/arm/F4_Discovery_Template/Libraries/CMSIS/Include/core_cmInstr.h ****  */
 164:/home/junpei/workspace/arm/F4_Discovery_Template/Libraries/CMSIS/Include/core_cmInstr.h **** #define __LDREXH(ptr)                     ((uint16_t) __ldrex(ptr))
 165:/home/junpei/workspace/arm/F4_Discovery_Template/Libraries/CMSIS/Include/core_cmInstr.h **** 
 166:/home/junpei/workspace/arm/F4_Discovery_Template/Libraries/CMSIS/Include/core_cmInstr.h **** 
 167:/home/junpei/workspace/arm/F4_Discovery_Template/Libraries/CMSIS/Include/core_cmInstr.h **** /** \brief  LDR Exclusive (32 bit)
 168:/home/junpei/workspace/arm/F4_Discovery_Template/Libraries/CMSIS/Include/core_cmInstr.h **** 
 169:/home/junpei/workspace/arm/F4_Discovery_Template/Libraries/CMSIS/Include/core_cmInstr.h ****     This function performs a exclusive LDR command for 32 bit values.
 170:/home/junpei/workspace/arm/F4_Discovery_Template/Libraries/CMSIS/Include/core_cmInstr.h **** 
 171:/home/junpei/workspace/arm/F4_Discovery_Template/Libraries/CMSIS/Include/core_cmInstr.h ****     \param [in]    ptr  Pointer to data
 172:/home/junpei/workspace/arm/F4_Discovery_Template/Libraries/CMSIS/Include/core_cmInstr.h ****     \return        value of type uint32_t at (*ptr)
 173:/home/junpei/workspace/arm/F4_Discovery_Template/Libraries/CMSIS/Include/core_cmInstr.h ****  */
 174:/home/junpei/workspace/arm/F4_Discovery_Template/Libraries/CMSIS/Include/core_cmInstr.h **** #define __LDREXW(ptr)                     ((uint32_t ) __ldrex(ptr))
 175:/home/junpei/workspace/arm/F4_Discovery_Template/Libraries/CMSIS/Include/core_cmInstr.h **** 
 176:/home/junpei/workspace/arm/F4_Discovery_Template/Libraries/CMSIS/Include/core_cmInstr.h **** 
 177:/home/junpei/workspace/arm/F4_Discovery_Template/Libraries/CMSIS/Include/core_cmInstr.h **** /** \brief  STR Exclusive (8 bit)
 178:/home/junpei/workspace/arm/F4_Discovery_Template/Libraries/CMSIS/Include/core_cmInstr.h **** 
 179:/home/junpei/workspace/arm/F4_Discovery_Template/Libraries/CMSIS/Include/core_cmInstr.h ****     This function performs a exclusive STR command for 8 bit values.
 180:/home/junpei/workspace/arm/F4_Discovery_Template/Libraries/CMSIS/Include/core_cmInstr.h **** 
 181:/home/junpei/workspace/arm/F4_Discovery_Template/Libraries/CMSIS/Include/core_cmInstr.h ****     \param [in]  value  Value to store
 182:/home/junpei/workspace/arm/F4_Discovery_Template/Libraries/CMSIS/Include/core_cmInstr.h ****     \param [in]    ptr  Pointer to location
 183:/home/junpei/workspace/arm/F4_Discovery_Template/Libraries/CMSIS/Include/core_cmInstr.h ****     \return          0  Function succeeded
 184:/home/junpei/workspace/arm/F4_Discovery_Template/Libraries/CMSIS/Include/core_cmInstr.h ****     \return          1  Function failed
 185:/home/junpei/workspace/arm/F4_Discovery_Template/Libraries/CMSIS/Include/core_cmInstr.h ****  */
 186:/home/junpei/workspace/arm/F4_Discovery_Template/Libraries/CMSIS/Include/core_cmInstr.h **** #define __STREXB(value, ptr)              __strex(value, ptr)
 187:/home/junpei/workspace/arm/F4_Discovery_Template/Libraries/CMSIS/Include/core_cmInstr.h **** 
 188:/home/junpei/workspace/arm/F4_Discovery_Template/Libraries/CMSIS/Include/core_cmInstr.h **** 
 189:/home/junpei/workspace/arm/F4_Discovery_Template/Libraries/CMSIS/Include/core_cmInstr.h **** /** \brief  STR Exclusive (16 bit)
 190:/home/junpei/workspace/arm/F4_Discovery_Template/Libraries/CMSIS/Include/core_cmInstr.h **** 
 191:/home/junpei/workspace/arm/F4_Discovery_Template/Libraries/CMSIS/Include/core_cmInstr.h ****     This function performs a exclusive STR command for 16 bit values.
 192:/home/junpei/workspace/arm/F4_Discovery_Template/Libraries/CMSIS/Include/core_cmInstr.h **** 
 193:/home/junpei/workspace/arm/F4_Discovery_Template/Libraries/CMSIS/Include/core_cmInstr.h ****     \param [in]  value  Value to store
 194:/home/junpei/workspace/arm/F4_Discovery_Template/Libraries/CMSIS/Include/core_cmInstr.h ****     \param [in]    ptr  Pointer to location
 195:/home/junpei/workspace/arm/F4_Discovery_Template/Libraries/CMSIS/Include/core_cmInstr.h ****     \return          0  Function succeeded
 196:/home/junpei/workspace/arm/F4_Discovery_Template/Libraries/CMSIS/Include/core_cmInstr.h ****     \return          1  Function failed
 197:/home/junpei/workspace/arm/F4_Discovery_Template/Libraries/CMSIS/Include/core_cmInstr.h ****  */
 198:/home/junpei/workspace/arm/F4_Discovery_Template/Libraries/CMSIS/Include/core_cmInstr.h **** #define __STREXH(value, ptr)              __strex(value, ptr)
 199:/home/junpei/workspace/arm/F4_Discovery_Template/Libraries/CMSIS/Include/core_cmInstr.h **** 
 200:/home/junpei/workspace/arm/F4_Discovery_Template/Libraries/CMSIS/Include/core_cmInstr.h **** 
 201:/home/junpei/workspace/arm/F4_Discovery_Template/Libraries/CMSIS/Include/core_cmInstr.h **** /** \brief  STR Exclusive (32 bit)
 202:/home/junpei/workspace/arm/F4_Discovery_Template/Libraries/CMSIS/Include/core_cmInstr.h **** 
 203:/home/junpei/workspace/arm/F4_Discovery_Template/Libraries/CMSIS/Include/core_cmInstr.h ****     This function performs a exclusive STR command for 32 bit values.
 204:/home/junpei/workspace/arm/F4_Discovery_Template/Libraries/CMSIS/Include/core_cmInstr.h **** 
 205:/home/junpei/workspace/arm/F4_Discovery_Template/Libraries/CMSIS/Include/core_cmInstr.h ****     \param [in]  value  Value to store
 206:/home/junpei/workspace/arm/F4_Discovery_Template/Libraries/CMSIS/Include/core_cmInstr.h ****     \param [in]    ptr  Pointer to location
 207:/home/junpei/workspace/arm/F4_Discovery_Template/Libraries/CMSIS/Include/core_cmInstr.h ****     \return          0  Function succeeded
 208:/home/junpei/workspace/arm/F4_Discovery_Template/Libraries/CMSIS/Include/core_cmInstr.h ****     \return          1  Function failed
 209:/home/junpei/workspace/arm/F4_Discovery_Template/Libraries/CMSIS/Include/core_cmInstr.h ****  */
 210:/home/junpei/workspace/arm/F4_Discovery_Template/Libraries/CMSIS/Include/core_cmInstr.h **** #define __STREXW(value, ptr)              __strex(value, ptr)
 211:/home/junpei/workspace/arm/F4_Discovery_Template/Libraries/CMSIS/Include/core_cmInstr.h **** 
 212:/home/junpei/workspace/arm/F4_Discovery_Template/Libraries/CMSIS/Include/core_cmInstr.h **** 
 213:/home/junpei/workspace/arm/F4_Discovery_Template/Libraries/CMSIS/Include/core_cmInstr.h **** /** \brief  Remove the exclusive lock
 214:/home/junpei/workspace/arm/F4_Discovery_Template/Libraries/CMSIS/Include/core_cmInstr.h **** 
 215:/home/junpei/workspace/arm/F4_Discovery_Template/Libraries/CMSIS/Include/core_cmInstr.h ****     This function removes the exclusive lock which is created by LDREX.
 216:/home/junpei/workspace/arm/F4_Discovery_Template/Libraries/CMSIS/Include/core_cmInstr.h **** 
 217:/home/junpei/workspace/arm/F4_Discovery_Template/Libraries/CMSIS/Include/core_cmInstr.h ****  */
 218:/home/junpei/workspace/arm/F4_Discovery_Template/Libraries/CMSIS/Include/core_cmInstr.h **** #define __CLREX                           __clrex
 219:/home/junpei/workspace/arm/F4_Discovery_Template/Libraries/CMSIS/Include/core_cmInstr.h **** 
 220:/home/junpei/workspace/arm/F4_Discovery_Template/Libraries/CMSIS/Include/core_cmInstr.h **** 
 221:/home/junpei/workspace/arm/F4_Discovery_Template/Libraries/CMSIS/Include/core_cmInstr.h **** /** \brief  Signed Saturate
 222:/home/junpei/workspace/arm/F4_Discovery_Template/Libraries/CMSIS/Include/core_cmInstr.h **** 
 223:/home/junpei/workspace/arm/F4_Discovery_Template/Libraries/CMSIS/Include/core_cmInstr.h ****     This function saturates a signed value.
 224:/home/junpei/workspace/arm/F4_Discovery_Template/Libraries/CMSIS/Include/core_cmInstr.h **** 
 225:/home/junpei/workspace/arm/F4_Discovery_Template/Libraries/CMSIS/Include/core_cmInstr.h ****     \param [in]  value  Value to be saturated
 226:/home/junpei/workspace/arm/F4_Discovery_Template/Libraries/CMSIS/Include/core_cmInstr.h ****     \param [in]    sat  Bit position to saturate to (1..32)
 227:/home/junpei/workspace/arm/F4_Discovery_Template/Libraries/CMSIS/Include/core_cmInstr.h ****     \return             Saturated value
 228:/home/junpei/workspace/arm/F4_Discovery_Template/Libraries/CMSIS/Include/core_cmInstr.h ****  */
 229:/home/junpei/workspace/arm/F4_Discovery_Template/Libraries/CMSIS/Include/core_cmInstr.h **** #define __SSAT                            __ssat
 230:/home/junpei/workspace/arm/F4_Discovery_Template/Libraries/CMSIS/Include/core_cmInstr.h **** 
 231:/home/junpei/workspace/arm/F4_Discovery_Template/Libraries/CMSIS/Include/core_cmInstr.h **** 
 232:/home/junpei/workspace/arm/F4_Discovery_Template/Libraries/CMSIS/Include/core_cmInstr.h **** /** \brief  Unsigned Saturate
 233:/home/junpei/workspace/arm/F4_Discovery_Template/Libraries/CMSIS/Include/core_cmInstr.h **** 
 234:/home/junpei/workspace/arm/F4_Discovery_Template/Libraries/CMSIS/Include/core_cmInstr.h ****     This function saturates an unsigned value.
 235:/home/junpei/workspace/arm/F4_Discovery_Template/Libraries/CMSIS/Include/core_cmInstr.h **** 
 236:/home/junpei/workspace/arm/F4_Discovery_Template/Libraries/CMSIS/Include/core_cmInstr.h ****     \param [in]  value  Value to be saturated
 237:/home/junpei/workspace/arm/F4_Discovery_Template/Libraries/CMSIS/Include/core_cmInstr.h ****     \param [in]    sat  Bit position to saturate to (0..31)
 238:/home/junpei/workspace/arm/F4_Discovery_Template/Libraries/CMSIS/Include/core_cmInstr.h ****     \return             Saturated value
 239:/home/junpei/workspace/arm/F4_Discovery_Template/Libraries/CMSIS/Include/core_cmInstr.h ****  */
 240:/home/junpei/workspace/arm/F4_Discovery_Template/Libraries/CMSIS/Include/core_cmInstr.h **** #define __USAT                            __usat
 241:/home/junpei/workspace/arm/F4_Discovery_Template/Libraries/CMSIS/Include/core_cmInstr.h **** 
 242:/home/junpei/workspace/arm/F4_Discovery_Template/Libraries/CMSIS/Include/core_cmInstr.h **** 
 243:/home/junpei/workspace/arm/F4_Discovery_Template/Libraries/CMSIS/Include/core_cmInstr.h **** /** \brief  Count leading zeros
 244:/home/junpei/workspace/arm/F4_Discovery_Template/Libraries/CMSIS/Include/core_cmInstr.h **** 
 245:/home/junpei/workspace/arm/F4_Discovery_Template/Libraries/CMSIS/Include/core_cmInstr.h ****     This function counts the number of leading zeros of a data value.
 246:/home/junpei/workspace/arm/F4_Discovery_Template/Libraries/CMSIS/Include/core_cmInstr.h **** 
 247:/home/junpei/workspace/arm/F4_Discovery_Template/Libraries/CMSIS/Include/core_cmInstr.h ****     \param [in]  value  Value to count the leading zeros
 248:/home/junpei/workspace/arm/F4_Discovery_Template/Libraries/CMSIS/Include/core_cmInstr.h ****     \return             number of leading zeros in value
 249:/home/junpei/workspace/arm/F4_Discovery_Template/Libraries/CMSIS/Include/core_cmInstr.h ****  */
 250:/home/junpei/workspace/arm/F4_Discovery_Template/Libraries/CMSIS/Include/core_cmInstr.h **** #define __CLZ                             __clz 
 251:/home/junpei/workspace/arm/F4_Discovery_Template/Libraries/CMSIS/Include/core_cmInstr.h **** 
 252:/home/junpei/workspace/arm/F4_Discovery_Template/Libraries/CMSIS/Include/core_cmInstr.h **** #endif /* (__CORTEX_M >= 0x03) */
 253:/home/junpei/workspace/arm/F4_Discovery_Template/Libraries/CMSIS/Include/core_cmInstr.h **** 
 254:/home/junpei/workspace/arm/F4_Discovery_Template/Libraries/CMSIS/Include/core_cmInstr.h **** 
 255:/home/junpei/workspace/arm/F4_Discovery_Template/Libraries/CMSIS/Include/core_cmInstr.h **** 
 256:/home/junpei/workspace/arm/F4_Discovery_Template/Libraries/CMSIS/Include/core_cmInstr.h **** #elif defined ( __ICCARM__ ) /*------------------ ICC Compiler -------------------*/
 257:/home/junpei/workspace/arm/F4_Discovery_Template/Libraries/CMSIS/Include/core_cmInstr.h **** /* IAR iccarm specific functions */
 258:/home/junpei/workspace/arm/F4_Discovery_Template/Libraries/CMSIS/Include/core_cmInstr.h **** 
 259:/home/junpei/workspace/arm/F4_Discovery_Template/Libraries/CMSIS/Include/core_cmInstr.h **** #include <cmsis_iar.h>
 260:/home/junpei/workspace/arm/F4_Discovery_Template/Libraries/CMSIS/Include/core_cmInstr.h **** 
 261:/home/junpei/workspace/arm/F4_Discovery_Template/Libraries/CMSIS/Include/core_cmInstr.h **** 
 262:/home/junpei/workspace/arm/F4_Discovery_Template/Libraries/CMSIS/Include/core_cmInstr.h **** #elif defined ( __GNUC__ ) /*------------------ GNU Compiler ---------------------*/
 263:/home/junpei/workspace/arm/F4_Discovery_Template/Libraries/CMSIS/Include/core_cmInstr.h **** /* GNU gcc specific functions */
 264:/home/junpei/workspace/arm/F4_Discovery_Template/Libraries/CMSIS/Include/core_cmInstr.h **** 
 265:/home/junpei/workspace/arm/F4_Discovery_Template/Libraries/CMSIS/Include/core_cmInstr.h **** /** \brief  No Operation
 266:/home/junpei/workspace/arm/F4_Discovery_Template/Libraries/CMSIS/Include/core_cmInstr.h **** 
 267:/home/junpei/workspace/arm/F4_Discovery_Template/Libraries/CMSIS/Include/core_cmInstr.h ****     No Operation does nothing. This instruction can be used for code alignment purposes.
 268:/home/junpei/workspace/arm/F4_Discovery_Template/Libraries/CMSIS/Include/core_cmInstr.h ****  */
 269:/home/junpei/workspace/arm/F4_Discovery_Template/Libraries/CMSIS/Include/core_cmInstr.h **** __attribute__( ( always_inline ) ) static __INLINE void __NOP(void)
 270:/home/junpei/workspace/arm/F4_Discovery_Template/Libraries/CMSIS/Include/core_cmInstr.h **** {
 271:/home/junpei/workspace/arm/F4_Discovery_Template/Libraries/CMSIS/Include/core_cmInstr.h ****   __ASM volatile ("nop");
 272:/home/junpei/workspace/arm/F4_Discovery_Template/Libraries/CMSIS/Include/core_cmInstr.h **** }
 273:/home/junpei/workspace/arm/F4_Discovery_Template/Libraries/CMSIS/Include/core_cmInstr.h **** 
 274:/home/junpei/workspace/arm/F4_Discovery_Template/Libraries/CMSIS/Include/core_cmInstr.h **** 
 275:/home/junpei/workspace/arm/F4_Discovery_Template/Libraries/CMSIS/Include/core_cmInstr.h **** /** \brief  Wait For Interrupt
 276:/home/junpei/workspace/arm/F4_Discovery_Template/Libraries/CMSIS/Include/core_cmInstr.h **** 
 277:/home/junpei/workspace/arm/F4_Discovery_Template/Libraries/CMSIS/Include/core_cmInstr.h ****     Wait For Interrupt is a hint instruction that suspends execution
 278:/home/junpei/workspace/arm/F4_Discovery_Template/Libraries/CMSIS/Include/core_cmInstr.h ****     until one of a number of events occurs.
 279:/home/junpei/workspace/arm/F4_Discovery_Template/Libraries/CMSIS/Include/core_cmInstr.h ****  */
 280:/home/junpei/workspace/arm/F4_Discovery_Template/Libraries/CMSIS/Include/core_cmInstr.h **** __attribute__( ( always_inline ) ) static __INLINE void __WFI(void)
 281:/home/junpei/workspace/arm/F4_Discovery_Template/Libraries/CMSIS/Include/core_cmInstr.h **** {
 282:/home/junpei/workspace/arm/F4_Discovery_Template/Libraries/CMSIS/Include/core_cmInstr.h ****   __ASM volatile ("wfi");
 283:/home/junpei/workspace/arm/F4_Discovery_Template/Libraries/CMSIS/Include/core_cmInstr.h **** }
 284:/home/junpei/workspace/arm/F4_Discovery_Template/Libraries/CMSIS/Include/core_cmInstr.h **** 
 285:/home/junpei/workspace/arm/F4_Discovery_Template/Libraries/CMSIS/Include/core_cmInstr.h **** 
 286:/home/junpei/workspace/arm/F4_Discovery_Template/Libraries/CMSIS/Include/core_cmInstr.h **** /** \brief  Wait For Event
 287:/home/junpei/workspace/arm/F4_Discovery_Template/Libraries/CMSIS/Include/core_cmInstr.h **** 
 288:/home/junpei/workspace/arm/F4_Discovery_Template/Libraries/CMSIS/Include/core_cmInstr.h ****     Wait For Event is a hint instruction that permits the processor to enter
 289:/home/junpei/workspace/arm/F4_Discovery_Template/Libraries/CMSIS/Include/core_cmInstr.h ****     a low-power state until one of a number of events occurs.
 290:/home/junpei/workspace/arm/F4_Discovery_Template/Libraries/CMSIS/Include/core_cmInstr.h ****  */
 291:/home/junpei/workspace/arm/F4_Discovery_Template/Libraries/CMSIS/Include/core_cmInstr.h **** __attribute__( ( always_inline ) ) static __INLINE void __WFE(void)
 292:/home/junpei/workspace/arm/F4_Discovery_Template/Libraries/CMSIS/Include/core_cmInstr.h **** {
 293:/home/junpei/workspace/arm/F4_Discovery_Template/Libraries/CMSIS/Include/core_cmInstr.h ****   __ASM volatile ("wfe");
 294:/home/junpei/workspace/arm/F4_Discovery_Template/Libraries/CMSIS/Include/core_cmInstr.h **** }
 295:/home/junpei/workspace/arm/F4_Discovery_Template/Libraries/CMSIS/Include/core_cmInstr.h **** 
 296:/home/junpei/workspace/arm/F4_Discovery_Template/Libraries/CMSIS/Include/core_cmInstr.h **** 
 297:/home/junpei/workspace/arm/F4_Discovery_Template/Libraries/CMSIS/Include/core_cmInstr.h **** /** \brief  Send Event
 298:/home/junpei/workspace/arm/F4_Discovery_Template/Libraries/CMSIS/Include/core_cmInstr.h **** 
 299:/home/junpei/workspace/arm/F4_Discovery_Template/Libraries/CMSIS/Include/core_cmInstr.h ****     Send Event is a hint instruction. It causes an event to be signaled to the CPU.
 300:/home/junpei/workspace/arm/F4_Discovery_Template/Libraries/CMSIS/Include/core_cmInstr.h ****  */
 301:/home/junpei/workspace/arm/F4_Discovery_Template/Libraries/CMSIS/Include/core_cmInstr.h **** __attribute__( ( always_inline ) ) static __INLINE void __SEV(void)
 302:/home/junpei/workspace/arm/F4_Discovery_Template/Libraries/CMSIS/Include/core_cmInstr.h **** {
 303:/home/junpei/workspace/arm/F4_Discovery_Template/Libraries/CMSIS/Include/core_cmInstr.h ****   __ASM volatile ("sev");
 304:/home/junpei/workspace/arm/F4_Discovery_Template/Libraries/CMSIS/Include/core_cmInstr.h **** }
 305:/home/junpei/workspace/arm/F4_Discovery_Template/Libraries/CMSIS/Include/core_cmInstr.h **** 
 306:/home/junpei/workspace/arm/F4_Discovery_Template/Libraries/CMSIS/Include/core_cmInstr.h **** 
 307:/home/junpei/workspace/arm/F4_Discovery_Template/Libraries/CMSIS/Include/core_cmInstr.h **** /** \brief  Instruction Synchronization Barrier
 308:/home/junpei/workspace/arm/F4_Discovery_Template/Libraries/CMSIS/Include/core_cmInstr.h **** 
 309:/home/junpei/workspace/arm/F4_Discovery_Template/Libraries/CMSIS/Include/core_cmInstr.h ****     Instruction Synchronization Barrier flushes the pipeline in the processor, 
 310:/home/junpei/workspace/arm/F4_Discovery_Template/Libraries/CMSIS/Include/core_cmInstr.h ****     so that all instructions following the ISB are fetched from cache or 
 311:/home/junpei/workspace/arm/F4_Discovery_Template/Libraries/CMSIS/Include/core_cmInstr.h ****     memory, after the instruction has been completed.
 312:/home/junpei/workspace/arm/F4_Discovery_Template/Libraries/CMSIS/Include/core_cmInstr.h ****  */
 313:/home/junpei/workspace/arm/F4_Discovery_Template/Libraries/CMSIS/Include/core_cmInstr.h **** __attribute__( ( always_inline ) ) static __INLINE void __ISB(void)
 314:/home/junpei/workspace/arm/F4_Discovery_Template/Libraries/CMSIS/Include/core_cmInstr.h **** {
 315:/home/junpei/workspace/arm/F4_Discovery_Template/Libraries/CMSIS/Include/core_cmInstr.h ****   __ASM volatile ("isb");
 316:/home/junpei/workspace/arm/F4_Discovery_Template/Libraries/CMSIS/Include/core_cmInstr.h **** }
 317:/home/junpei/workspace/arm/F4_Discovery_Template/Libraries/CMSIS/Include/core_cmInstr.h **** 
 318:/home/junpei/workspace/arm/F4_Discovery_Template/Libraries/CMSIS/Include/core_cmInstr.h **** 
 319:/home/junpei/workspace/arm/F4_Discovery_Template/Libraries/CMSIS/Include/core_cmInstr.h **** /** \brief  Data Synchronization Barrier
 320:/home/junpei/workspace/arm/F4_Discovery_Template/Libraries/CMSIS/Include/core_cmInstr.h **** 
 321:/home/junpei/workspace/arm/F4_Discovery_Template/Libraries/CMSIS/Include/core_cmInstr.h ****     This function acts as a special kind of Data Memory Barrier. 
 322:/home/junpei/workspace/arm/F4_Discovery_Template/Libraries/CMSIS/Include/core_cmInstr.h ****     It completes when all explicit memory accesses before this instruction complete.
 323:/home/junpei/workspace/arm/F4_Discovery_Template/Libraries/CMSIS/Include/core_cmInstr.h ****  */
 324:/home/junpei/workspace/arm/F4_Discovery_Template/Libraries/CMSIS/Include/core_cmInstr.h **** __attribute__( ( always_inline ) ) static __INLINE void __DSB(void)
 325:/home/junpei/workspace/arm/F4_Discovery_Template/Libraries/CMSIS/Include/core_cmInstr.h **** {
 326:/home/junpei/workspace/arm/F4_Discovery_Template/Libraries/CMSIS/Include/core_cmInstr.h ****   __ASM volatile ("dsb");
 327:/home/junpei/workspace/arm/F4_Discovery_Template/Libraries/CMSIS/Include/core_cmInstr.h **** }
 328:/home/junpei/workspace/arm/F4_Discovery_Template/Libraries/CMSIS/Include/core_cmInstr.h **** 
 329:/home/junpei/workspace/arm/F4_Discovery_Template/Libraries/CMSIS/Include/core_cmInstr.h **** 
 330:/home/junpei/workspace/arm/F4_Discovery_Template/Libraries/CMSIS/Include/core_cmInstr.h **** /** \brief  Data Memory Barrier
 331:/home/junpei/workspace/arm/F4_Discovery_Template/Libraries/CMSIS/Include/core_cmInstr.h **** 
 332:/home/junpei/workspace/arm/F4_Discovery_Template/Libraries/CMSIS/Include/core_cmInstr.h ****     This function ensures the apparent order of the explicit memory operations before 
 333:/home/junpei/workspace/arm/F4_Discovery_Template/Libraries/CMSIS/Include/core_cmInstr.h ****     and after the instruction, without ensuring their completion.
 334:/home/junpei/workspace/arm/F4_Discovery_Template/Libraries/CMSIS/Include/core_cmInstr.h ****  */
 335:/home/junpei/workspace/arm/F4_Discovery_Template/Libraries/CMSIS/Include/core_cmInstr.h **** __attribute__( ( always_inline ) ) static __INLINE void __DMB(void)
 336:/home/junpei/workspace/arm/F4_Discovery_Template/Libraries/CMSIS/Include/core_cmInstr.h **** {
 337:/home/junpei/workspace/arm/F4_Discovery_Template/Libraries/CMSIS/Include/core_cmInstr.h ****   __ASM volatile ("dmb");
 338:/home/junpei/workspace/arm/F4_Discovery_Template/Libraries/CMSIS/Include/core_cmInstr.h **** }
 339:/home/junpei/workspace/arm/F4_Discovery_Template/Libraries/CMSIS/Include/core_cmInstr.h **** 
 340:/home/junpei/workspace/arm/F4_Discovery_Template/Libraries/CMSIS/Include/core_cmInstr.h **** 
 341:/home/junpei/workspace/arm/F4_Discovery_Template/Libraries/CMSIS/Include/core_cmInstr.h **** /** \brief  Reverse byte order (32 bit)
 342:/home/junpei/workspace/arm/F4_Discovery_Template/Libraries/CMSIS/Include/core_cmInstr.h **** 
 343:/home/junpei/workspace/arm/F4_Discovery_Template/Libraries/CMSIS/Include/core_cmInstr.h ****     This function reverses the byte order in integer value.
 344:/home/junpei/workspace/arm/F4_Discovery_Template/Libraries/CMSIS/Include/core_cmInstr.h **** 
 345:/home/junpei/workspace/arm/F4_Discovery_Template/Libraries/CMSIS/Include/core_cmInstr.h ****     \param [in]    value  Value to reverse
 346:/home/junpei/workspace/arm/F4_Discovery_Template/Libraries/CMSIS/Include/core_cmInstr.h ****     \return               Reversed value
 347:/home/junpei/workspace/arm/F4_Discovery_Template/Libraries/CMSIS/Include/core_cmInstr.h ****  */
 348:/home/junpei/workspace/arm/F4_Discovery_Template/Libraries/CMSIS/Include/core_cmInstr.h **** __attribute__( ( always_inline ) ) static __INLINE uint32_t __REV(uint32_t value)
 349:/home/junpei/workspace/arm/F4_Discovery_Template/Libraries/CMSIS/Include/core_cmInstr.h **** {
 350:/home/junpei/workspace/arm/F4_Discovery_Template/Libraries/CMSIS/Include/core_cmInstr.h ****   uint32_t result;
 351:/home/junpei/workspace/arm/F4_Discovery_Template/Libraries/CMSIS/Include/core_cmInstr.h ****   
 352:/home/junpei/workspace/arm/F4_Discovery_Template/Libraries/CMSIS/Include/core_cmInstr.h ****   __ASM volatile ("rev %0, %1" : "=r" (result) : "r" (value) );
 24648              		.loc 7 352 0
 24649 0070 FB6C     		ldr	r3, [r7, #76]
 24650              	@ 352 "/home/junpei/workspace/arm/F4_Discovery_Template/Libraries/CMSIS/Include/core_cmInstr.h" 1
 24651 0072 1CBA     		rev r4, r3
 24652              	@ 0 "" 2
 24653              		.thumb
 24654 0074 BC64     		str	r4, [r7, #72]
 353:/home/junpei/workspace/arm/F4_Discovery_Template/Libraries/CMSIS/Include/core_cmInstr.h ****   return(result);
 24655              		.loc 7 353 0
 24656 0076 BB6C     		ldr	r3, [r7, #72]
 24657              	.LBE15:
 24658              	.LBE14:
 24659              		.loc 1 131 0
 24660 0078 3B62     		str	r3, [r7, #32]
 132:../Libraries/STM32F4xx_StdPeriph_Driver/src/stm32f4xx_cryp_des.c ****   keyaddr+=4;
 24661              		.loc 1 132 0
 24662 007a 3B6D     		ldr	r3, [r7, #80]
 24663 007c 03F10403 		add	r3, r3, #4
 24664 0080 3B65     		str	r3, [r7, #80]
 133:../Libraries/STM32F4xx_StdPeriph_Driver/src/stm32f4xx_cryp_des.c ****   DES_CRYP_KeyInitStructure.CRYP_Key1Right= __REV(*(uint32_t*)(keyaddr));
 24665              		.loc 1 133 0
 24666 0082 3B6D     		ldr	r3, [r7, #80]
 24667 0084 1B68     		ldr	r3, [r3, #0]
 24668 0086 7B64     		str	r3, [r7, #68]
 24669              	.LBB16:
 24670              	.LBB17:
 352:/home/junpei/workspace/arm/F4_Discovery_Template/Libraries/CMSIS/Include/core_cmInstr.h ****   __ASM volatile ("rev %0, %1" : "=r" (result) : "r" (value) );
 24671              		.loc 7 352 0
 24672 0088 7B6C     		ldr	r3, [r7, #68]
 24673              	@ 352 "/home/junpei/workspace/arm/F4_Discovery_Template/Libraries/CMSIS/Include/core_cmInstr.h" 1
 24674 008a 1CBA     		rev r4, r3
 24675              	@ 0 "" 2
 24676              		.thumb
 24677 008c 3C64     		str	r4, [r7, #64]
 24678              		.loc 7 353 0
 24679 008e 3B6C     		ldr	r3, [r7, #64]
 24680              	.LBE17:
 24681              	.LBE16:
 24682              		.loc 1 133 0
 24683 0090 7B62     		str	r3, [r7, #36]
 134:../Libraries/STM32F4xx_StdPeriph_Driver/src/stm32f4xx_cryp_des.c ****   CRYP_KeyInit(& DES_CRYP_KeyInitStructure);
 24684              		.loc 1 134 0
 24685 0092 07F11803 		add	r3, r7, #24
 24686 0096 1846     		mov	r0, r3
 24687 0098 FFF7FEFF 		bl	CRYP_KeyInit
 135:../Libraries/STM32F4xx_StdPeriph_Driver/src/stm32f4xx_cryp_des.c **** 
 136:../Libraries/STM32F4xx_StdPeriph_Driver/src/stm32f4xx_cryp_des.c ****   /* Flush IN/OUT FIFO */
 137:../Libraries/STM32F4xx_StdPeriph_Driver/src/stm32f4xx_cryp_des.c ****   CRYP_FIFOFlush();
 24688              		.loc 1 137 0
 24689 009c FFF7FEFF 		bl	CRYP_FIFOFlush
 138:../Libraries/STM32F4xx_StdPeriph_Driver/src/stm32f4xx_cryp_des.c **** 
 139:../Libraries/STM32F4xx_StdPeriph_Driver/src/stm32f4xx_cryp_des.c ****   /* Enable Crypto processor */
 140:../Libraries/STM32F4xx_StdPeriph_Driver/src/stm32f4xx_cryp_des.c ****   CRYP_Cmd(ENABLE);
 24690              		.loc 1 140 0
 24691 00a0 4FF00100 		mov	r0, #1
 24692 00a4 FFF7FEFF 		bl	CRYP_Cmd
 141:../Libraries/STM32F4xx_StdPeriph_Driver/src/stm32f4xx_cryp_des.c **** 
 142:../Libraries/STM32F4xx_StdPeriph_Driver/src/stm32f4xx_cryp_des.c ****   for(i=0; ((i<Ilength) && (status != ERROR)); i+=8)
 24693              		.loc 1 142 0
 24694 00a8 4FF00003 		mov	r3, #0
 24695 00ac BB65     		str	r3, [r7, #88]
 24696 00ae 43E0     		b	.L4
 24697              	.L10:
 143:../Libraries/STM32F4xx_StdPeriph_Driver/src/stm32f4xx_cryp_des.c ****   {
 144:../Libraries/STM32F4xx_StdPeriph_Driver/src/stm32f4xx_cryp_des.c **** 
 145:../Libraries/STM32F4xx_StdPeriph_Driver/src/stm32f4xx_cryp_des.c ****     /* Write the Input block in the Input FIFO */
 146:../Libraries/STM32F4xx_StdPeriph_Driver/src/stm32f4xx_cryp_des.c ****     CRYP_DataIn(*(uint32_t*)(inputaddr));
 24698              		.loc 1 146 0
 24699 00b0 3B6E     		ldr	r3, [r7, #96]
 24700 00b2 1B68     		ldr	r3, [r3, #0]
 24701 00b4 1846     		mov	r0, r3
 24702 00b6 FFF7FEFF 		bl	CRYP_DataIn
 147:../Libraries/STM32F4xx_StdPeriph_Driver/src/stm32f4xx_cryp_des.c ****     inputaddr+=4;
 24703              		.loc 1 147 0
 24704 00ba 3B6E     		ldr	r3, [r7, #96]
 24705 00bc 03F10403 		add	r3, r3, #4
 24706 00c0 3B66     		str	r3, [r7, #96]
 148:../Libraries/STM32F4xx_StdPeriph_Driver/src/stm32f4xx_cryp_des.c ****     CRYP_DataIn(*(uint32_t*)(inputaddr));
 24707              		.loc 1 148 0
 24708 00c2 3B6E     		ldr	r3, [r7, #96]
 24709 00c4 1B68     		ldr	r3, [r3, #0]
 24710 00c6 1846     		mov	r0, r3
 24711 00c8 FFF7FEFF 		bl	CRYP_DataIn
 149:../Libraries/STM32F4xx_StdPeriph_Driver/src/stm32f4xx_cryp_des.c ****     inputaddr+=4;
 24712              		.loc 1 149 0
 24713 00cc 3B6E     		ldr	r3, [r7, #96]
 24714 00ce 03F10403 		add	r3, r3, #4
 24715 00d2 3B66     		str	r3, [r7, #96]
 150:../Libraries/STM32F4xx_StdPeriph_Driver/src/stm32f4xx_cryp_des.c **** 
 151:../Libraries/STM32F4xx_StdPeriph_Driver/src/stm32f4xx_cryp_des.c **** /* Wait until the complete message has been processed */
 152:../Libraries/STM32F4xx_StdPeriph_Driver/src/stm32f4xx_cryp_des.c ****     counter = 0;
 24716              		.loc 1 152 0
 24717 00d4 4FF00003 		mov	r3, #0
 24718 00d8 7B61     		str	r3, [r7, #20]
 24719              	.L6:
 153:../Libraries/STM32F4xx_StdPeriph_Driver/src/stm32f4xx_cryp_des.c ****     do
 154:../Libraries/STM32F4xx_StdPeriph_Driver/src/stm32f4xx_cryp_des.c ****     {
 155:../Libraries/STM32F4xx_StdPeriph_Driver/src/stm32f4xx_cryp_des.c ****       busystatus = CRYP_GetFlagStatus(CRYP_FLAG_BUSY);
 24720              		.loc 1 155 0 discriminator 1
 24721 00da 4FF01000 		mov	r0, #16
 24722 00de FFF7FEFF 		bl	CRYP_GetFlagStatus
 24723 00e2 0346     		mov	r3, r0
 24724 00e4 7B65     		str	r3, [r7, #84]
 156:../Libraries/STM32F4xx_StdPeriph_Driver/src/stm32f4xx_cryp_des.c ****       counter++;
 24725              		.loc 1 156 0 discriminator 1
 24726 00e6 7B69     		ldr	r3, [r7, #20]
 24727 00e8 03F10103 		add	r3, r3, #1
 24728 00ec 7B61     		str	r3, [r7, #20]
 157:../Libraries/STM32F4xx_StdPeriph_Driver/src/stm32f4xx_cryp_des.c ****     }while ((counter != DESBUSY_TIMEOUT) && (busystatus != RESET));
 24729              		.loc 1 157 0 discriminator 1
 24730 00ee 7B69     		ldr	r3, [r7, #20]
 24731 00f0 B3F5803F 		cmp	r3, #65536
 24732 00f4 02D0     		beq	.L5
 24733 00f6 7B6D     		ldr	r3, [r7, #84]
 24734 00f8 002B     		cmp	r3, #0
 24735 00fa EED1     		bne	.L6
 24736              	.L5:
 158:../Libraries/STM32F4xx_StdPeriph_Driver/src/stm32f4xx_cryp_des.c **** 
 159:../Libraries/STM32F4xx_StdPeriph_Driver/src/stm32f4xx_cryp_des.c ****     if (busystatus != RESET)
 24737              		.loc 1 159 0
 24738 00fc 7B6D     		ldr	r3, [r7, #84]
 24739 00fe 002B     		cmp	r3, #0
 24740 0100 04D0     		beq	.L7
 160:../Libraries/STM32F4xx_StdPeriph_Driver/src/stm32f4xx_cryp_des.c ****    {
 161:../Libraries/STM32F4xx_StdPeriph_Driver/src/stm32f4xx_cryp_des.c ****        status = ERROR;
 24741              		.loc 1 161 0
 24742 0102 4FF00003 		mov	r3, #0
 24743 0106 87F86730 		strb	r3, [r7, #103]
 24744 010a 11E0     		b	.L8
 24745              	.L7:
 162:../Libraries/STM32F4xx_StdPeriph_Driver/src/stm32f4xx_cryp_des.c ****     }
 163:../Libraries/STM32F4xx_StdPeriph_Driver/src/stm32f4xx_cryp_des.c ****     else
 164:../Libraries/STM32F4xx_StdPeriph_Driver/src/stm32f4xx_cryp_des.c ****     {
 165:../Libraries/STM32F4xx_StdPeriph_Driver/src/stm32f4xx_cryp_des.c **** 
 166:../Libraries/STM32F4xx_StdPeriph_Driver/src/stm32f4xx_cryp_des.c ****       /* Read the Output block from the Output FIFO */
 167:../Libraries/STM32F4xx_StdPeriph_Driver/src/stm32f4xx_cryp_des.c ****       *(uint32_t*)(outputaddr) = CRYP_DataOut();
 24746              		.loc 1 167 0
 24747 010c FC6D     		ldr	r4, [r7, #92]
 24748 010e FFF7FEFF 		bl	CRYP_DataOut
 24749 0112 0346     		mov	r3, r0
 24750 0114 2360     		str	r3, [r4, #0]
 168:../Libraries/STM32F4xx_StdPeriph_Driver/src/stm32f4xx_cryp_des.c ****       outputaddr+=4;
 24751              		.loc 1 168 0
 24752 0116 FB6D     		ldr	r3, [r7, #92]
 24753 0118 03F10403 		add	r3, r3, #4
 24754 011c FB65     		str	r3, [r7, #92]
 169:../Libraries/STM32F4xx_StdPeriph_Driver/src/stm32f4xx_cryp_des.c ****       *(uint32_t*)(outputaddr) = CRYP_DataOut();
 24755              		.loc 1 169 0
 24756 011e FC6D     		ldr	r4, [r7, #92]
 24757 0120 FFF7FEFF 		bl	CRYP_DataOut
 24758 0124 0346     		mov	r3, r0
 24759 0126 2360     		str	r3, [r4, #0]
 170:../Libraries/STM32F4xx_StdPeriph_Driver/src/stm32f4xx_cryp_des.c ****       outputaddr+=4;
 24760              		.loc 1 170 0
 24761 0128 FB6D     		ldr	r3, [r7, #92]
 24762 012a 03F10403 		add	r3, r3, #4
 24763 012e FB65     		str	r3, [r7, #92]
 24764              	.L8:
 142:../Libraries/STM32F4xx_StdPeriph_Driver/src/stm32f4xx_cryp_des.c ****   for(i=0; ((i<Ilength) && (status != ERROR)); i+=8)
 24765              		.loc 1 142 0
 24766 0130 BB6D     		ldr	r3, [r7, #88]
 24767 0132 03F10803 		add	r3, r3, #8
 24768 0136 BB65     		str	r3, [r7, #88]
 24769              	.L4:
 142:../Libraries/STM32F4xx_StdPeriph_Driver/src/stm32f4xx_cryp_des.c ****   for(i=0; ((i<Ilength) && (status != ERROR)); i+=8)
 24770              		.loc 1 142 0 is_stmt 0 discriminator 1
 24771 0138 BA6D     		ldr	r2, [r7, #88]
 24772 013a 3B68     		ldr	r3, [r7, #0]
 24773 013c 9A42     		cmp	r2, r3
 24774 013e 03D2     		bcs	.L9
 142:../Libraries/STM32F4xx_StdPeriph_Driver/src/stm32f4xx_cryp_des.c ****   for(i=0; ((i<Ilength) && (status != ERROR)); i+=8)
 24775              		.loc 1 142 0 discriminator 2
 24776 0140 97F86730 		ldrb	r3, [r7, #103]	@ zero_extendqisi2
 24777 0144 002B     		cmp	r3, #0
 24778 0146 B3D1     		bne	.L10
 24779              	.L9:
 171:../Libraries/STM32F4xx_StdPeriph_Driver/src/stm32f4xx_cryp_des.c ****     }
 172:../Libraries/STM32F4xx_StdPeriph_Driver/src/stm32f4xx_cryp_des.c ****   }
 173:../Libraries/STM32F4xx_StdPeriph_Driver/src/stm32f4xx_cryp_des.c **** 
 174:../Libraries/STM32F4xx_StdPeriph_Driver/src/stm32f4xx_cryp_des.c ****   /* Disable Crypto */
 175:../Libraries/STM32F4xx_StdPeriph_Driver/src/stm32f4xx_cryp_des.c ****   CRYP_Cmd(DISABLE);
 24780              		.loc 1 175 0 is_stmt 1
 24781 0148 4FF00000 		mov	r0, #0
 24782 014c FFF7FEFF 		bl	CRYP_Cmd
 176:../Libraries/STM32F4xx_StdPeriph_Driver/src/stm32f4xx_cryp_des.c **** 
 177:../Libraries/STM32F4xx_StdPeriph_Driver/src/stm32f4xx_cryp_des.c ****   return status; 
 24783              		.loc 1 177 0
 24784 0150 97F86730 		ldrb	r3, [r7, #103]	@ zero_extendqisi2
 178:../Libraries/STM32F4xx_StdPeriph_Driver/src/stm32f4xx_cryp_des.c **** }
 24785              		.loc 1 178 0
 24786 0154 1846     		mov	r0, r3
 24787 0156 07F16C07 		add	r7, r7, #108
 24788 015a BD46     		mov	sp, r7
 24789 015c 90BD     		pop	{r4, r7, pc}
 24790              		.cfi_endproc
 24791              	.LFE110:
 24793 015e 00BF     		.align	2
 24794              		.global	CRYP_DES_CBC
 24795              		.thumb
 24796              		.thumb_func
 24798              	CRYP_DES_CBC:
 24799              	.LFB111:
 179:../Libraries/STM32F4xx_StdPeriph_Driver/src/stm32f4xx_cryp_des.c **** 
 180:../Libraries/STM32F4xx_StdPeriph_Driver/src/stm32f4xx_cryp_des.c **** /**
 181:../Libraries/STM32F4xx_StdPeriph_Driver/src/stm32f4xx_cryp_des.c ****   * @brief  Encrypt and decrypt using DES in CBC Mode
 182:../Libraries/STM32F4xx_StdPeriph_Driver/src/stm32f4xx_cryp_des.c ****   * @param  Mode: encryption or decryption Mode.
 183:../Libraries/STM32F4xx_StdPeriph_Driver/src/stm32f4xx_cryp_des.c ****   *          This parameter can be one of the following values:
 184:../Libraries/STM32F4xx_StdPeriph_Driver/src/stm32f4xx_cryp_des.c ****   *            @arg MODE_ENCRYPT: Encryption
 185:../Libraries/STM32F4xx_StdPeriph_Driver/src/stm32f4xx_cryp_des.c ****   *            @arg MODE_DECRYPT: Decryption
 186:../Libraries/STM32F4xx_StdPeriph_Driver/src/stm32f4xx_cryp_des.c ****   * @param  Key: Key used for DES algorithm.
 187:../Libraries/STM32F4xx_StdPeriph_Driver/src/stm32f4xx_cryp_des.c ****   * @param  InitVectors: Initialisation Vectors used for DES algorithm.
 188:../Libraries/STM32F4xx_StdPeriph_Driver/src/stm32f4xx_cryp_des.c ****   * @param  Ilength: length of the Input buffer, must be a multiple of 8.
 189:../Libraries/STM32F4xx_StdPeriph_Driver/src/stm32f4xx_cryp_des.c ****   * @param  Input: pointer to the Input buffer.
 190:../Libraries/STM32F4xx_StdPeriph_Driver/src/stm32f4xx_cryp_des.c ****   * @param  Output: pointer to the returned buffer.
 191:../Libraries/STM32F4xx_StdPeriph_Driver/src/stm32f4xx_cryp_des.c ****   * @retval An ErrorStatus enumeration value:
 192:../Libraries/STM32F4xx_StdPeriph_Driver/src/stm32f4xx_cryp_des.c ****   *          - SUCCESS: Operation done
 193:../Libraries/STM32F4xx_StdPeriph_Driver/src/stm32f4xx_cryp_des.c ****   *          - ERROR: Operation failed
 194:../Libraries/STM32F4xx_StdPeriph_Driver/src/stm32f4xx_cryp_des.c ****   */
 195:../Libraries/STM32F4xx_StdPeriph_Driver/src/stm32f4xx_cryp_des.c **** ErrorStatus CRYP_DES_CBC(uint8_t Mode, uint8_t Key[8], uint8_t InitVectors[8],
 196:../Libraries/STM32F4xx_StdPeriph_Driver/src/stm32f4xx_cryp_des.c ****                          uint8_t *Input, uint32_t Ilength, uint8_t *Output)
 197:../Libraries/STM32F4xx_StdPeriph_Driver/src/stm32f4xx_cryp_des.c **** {
 24800              		.loc 1 197 0
 24801              		.cfi_startproc
 24802              		@ args = 8, pretend = 0, frame = 136
 24803              		@ frame_needed = 1, uses_anonymous_args = 0
 24804 0160 90B5     		push	{r4, r7, lr}
 24805              	.LCFI3:
 24806              		.cfi_def_cfa_offset 12
 24807 0162 A3B0     		sub	sp, sp, #140
 24808              	.LCFI4:
 24809              		.cfi_def_cfa_offset 152
 24810 0164 00AF     		add	r7, sp, #0
 24811              		.cfi_offset 14, -4
 24812              		.cfi_offset 7, -8
 24813              		.cfi_offset 4, -12
 24814              	.LCFI5:
 24815              		.cfi_def_cfa_register 7
 24816 0166 B960     		str	r1, [r7, #8]
 24817 0168 7A60     		str	r2, [r7, #4]
 24818 016a 3B60     		str	r3, [r7, #0]
 24819 016c 0346     		mov	r3, r0
 24820 016e FB73     		strb	r3, [r7, #15]
 198:../Libraries/STM32F4xx_StdPeriph_Driver/src/stm32f4xx_cryp_des.c ****   CRYP_InitTypeDef DES_CRYP_InitStructure;
 199:../Libraries/STM32F4xx_StdPeriph_Driver/src/stm32f4xx_cryp_des.c ****   CRYP_KeyInitTypeDef DES_CRYP_KeyInitStructure;
 200:../Libraries/STM32F4xx_StdPeriph_Driver/src/stm32f4xx_cryp_des.c ****   CRYP_IVInitTypeDef DES_CRYP_IVInitStructure;
 201:../Libraries/STM32F4xx_StdPeriph_Driver/src/stm32f4xx_cryp_des.c ****   __IO uint32_t counter = 0;
 24821              		.loc 1 201 0
 24822 0170 4FF00003 		mov	r3, #0
 24823 0174 3B61     		str	r3, [r7, #16]
 202:../Libraries/STM32F4xx_StdPeriph_Driver/src/stm32f4xx_cryp_des.c ****   uint32_t busystatus = 0;
 24824              		.loc 1 202 0
 24825 0176 4FF00003 		mov	r3, #0
 24826 017a 7B67     		str	r3, [r7, #116]
 203:../Libraries/STM32F4xx_StdPeriph_Driver/src/stm32f4xx_cryp_des.c ****   ErrorStatus status = SUCCESS;
 24827              		.loc 1 203 0
 24828 017c 4FF00103 		mov	r3, #1
 24829 0180 87F88730 		strb	r3, [r7, #135]
 204:../Libraries/STM32F4xx_StdPeriph_Driver/src/stm32f4xx_cryp_des.c ****   uint32_t keyaddr    = (uint32_t)Key;
 24830              		.loc 1 204 0
 24831 0184 BB68     		ldr	r3, [r7, #8]
 24832 0186 3B67     		str	r3, [r7, #112]
 205:../Libraries/STM32F4xx_StdPeriph_Driver/src/stm32f4xx_cryp_des.c ****   uint32_t inputaddr  = (uint32_t)Input;
 24833              		.loc 1 205 0
 24834 0188 3B68     		ldr	r3, [r7, #0]
 24835 018a C7F88030 		str	r3, [r7, #128]
 206:../Libraries/STM32F4xx_StdPeriph_Driver/src/stm32f4xx_cryp_des.c ****   uint32_t outputaddr = (uint32_t)Output;
 24836              		.loc 1 206 0
 24837 018e D7F89C30 		ldr	r3, [r7, #156]
 24838 0192 FB67     		str	r3, [r7, #124]
 207:../Libraries/STM32F4xx_StdPeriph_Driver/src/stm32f4xx_cryp_des.c ****   uint32_t ivaddr     = (uint32_t)InitVectors;
 24839              		.loc 1 207 0
 24840 0194 7B68     		ldr	r3, [r7, #4]
 24841 0196 FB66     		str	r3, [r7, #108]
 208:../Libraries/STM32F4xx_StdPeriph_Driver/src/stm32f4xx_cryp_des.c ****   uint32_t i = 0;
 24842              		.loc 1 208 0
 24843 0198 4FF00003 		mov	r3, #0
 24844 019c BB67     		str	r3, [r7, #120]
 209:../Libraries/STM32F4xx_StdPeriph_Driver/src/stm32f4xx_cryp_des.c **** 
 210:../Libraries/STM32F4xx_StdPeriph_Driver/src/stm32f4xx_cryp_des.c ****   /* Crypto structures initialisation*/
 211:../Libraries/STM32F4xx_StdPeriph_Driver/src/stm32f4xx_cryp_des.c ****   CRYP_KeyStructInit(&DES_CRYP_KeyInitStructure);
 24845              		.loc 1 211 0
 24846 019e 07F12403 		add	r3, r7, #36
 24847 01a2 1846     		mov	r0, r3
 24848 01a4 FFF7FEFF 		bl	CRYP_KeyStructInit
 212:../Libraries/STM32F4xx_StdPeriph_Driver/src/stm32f4xx_cryp_des.c **** 
 213:../Libraries/STM32F4xx_StdPeriph_Driver/src/stm32f4xx_cryp_des.c ****   /* Crypto Init for Encryption process */
 214:../Libraries/STM32F4xx_StdPeriph_Driver/src/stm32f4xx_cryp_des.c ****   if(Mode == MODE_ENCRYPT) /* DES encryption */
 24849              		.loc 1 214 0
 24850 01a8 FB7B     		ldrb	r3, [r7, #15]	@ zero_extendqisi2
 24851 01aa 012B     		cmp	r3, #1
 24852 01ac 04D1     		bne	.L12
 215:../Libraries/STM32F4xx_StdPeriph_Driver/src/stm32f4xx_cryp_des.c ****   {
 216:../Libraries/STM32F4xx_StdPeriph_Driver/src/stm32f4xx_cryp_des.c ****      DES_CRYP_InitStructure.CRYP_AlgoDir  = CRYP_AlgoDir_Encrypt;
 24853              		.loc 1 216 0
 24854 01ae 4FF00003 		mov	r3, #0
 24855 01b2 A7F84430 		strh	r3, [r7, #68]	@ movhi
 24856 01b6 03E0     		b	.L13
 24857              	.L12:
 217:../Libraries/STM32F4xx_StdPeriph_Driver/src/stm32f4xx_cryp_des.c ****   }
 218:../Libraries/STM32F4xx_StdPeriph_Driver/src/stm32f4xx_cryp_des.c ****   else /*if(Mode == MODE_DECRYPT)*/ /* DES decryption */
 219:../Libraries/STM32F4xx_StdPeriph_Driver/src/stm32f4xx_cryp_des.c ****   {
 220:../Libraries/STM32F4xx_StdPeriph_Driver/src/stm32f4xx_cryp_des.c ****      DES_CRYP_InitStructure.CRYP_AlgoDir  = CRYP_AlgoDir_Decrypt;
 24858              		.loc 1 220 0
 24859 01b8 4FF00403 		mov	r3, #4
 24860 01bc A7F84430 		strh	r3, [r7, #68]	@ movhi
 24861              	.L13:
 221:../Libraries/STM32F4xx_StdPeriph_Driver/src/stm32f4xx_cryp_des.c ****   }
 222:../Libraries/STM32F4xx_StdPeriph_Driver/src/stm32f4xx_cryp_des.c **** 
 223:../Libraries/STM32F4xx_StdPeriph_Driver/src/stm32f4xx_cryp_des.c ****   DES_CRYP_InitStructure.CRYP_AlgoMode = CRYP_AlgoMode_DES_CBC;
 24862              		.loc 1 223 0
 24863 01c0 4FF01803 		mov	r3, #24
 24864 01c4 A7F84630 		strh	r3, [r7, #70]	@ movhi
 224:../Libraries/STM32F4xx_StdPeriph_Driver/src/stm32f4xx_cryp_des.c ****   DES_CRYP_InitStructure.CRYP_DataType = CRYP_DataType_8b;
 24865              		.loc 1 224 0
 24866 01c8 4FF08003 		mov	r3, #128
 24867 01cc A7F84830 		strh	r3, [r7, #72]	@ movhi
 225:../Libraries/STM32F4xx_StdPeriph_Driver/src/stm32f4xx_cryp_des.c ****   CRYP_Init(&DES_CRYP_InitStructure);
 24868              		.loc 1 225 0
 24869 01d0 07F14403 		add	r3, r7, #68
 24870 01d4 1846     		mov	r0, r3
 24871 01d6 FFF7FEFF 		bl	CRYP_Init
 226:../Libraries/STM32F4xx_StdPeriph_Driver/src/stm32f4xx_cryp_des.c **** 
 227:../Libraries/STM32F4xx_StdPeriph_Driver/src/stm32f4xx_cryp_des.c ****   /* Key Initialisation */
 228:../Libraries/STM32F4xx_StdPeriph_Driver/src/stm32f4xx_cryp_des.c ****   DES_CRYP_KeyInitStructure.CRYP_Key1Left = __REV(*(uint32_t*)(keyaddr));
 24872              		.loc 1 228 0
 24873 01da 3B6F     		ldr	r3, [r7, #112]
 24874 01dc 1B68     		ldr	r3, [r3, #0]
 24875 01de BB66     		str	r3, [r7, #104]
 24876              	.LBB18:
 24877              	.LBB19:
 352:/home/junpei/workspace/arm/F4_Discovery_Template/Libraries/CMSIS/Include/core_cmInstr.h ****   __ASM volatile ("rev %0, %1" : "=r" (result) : "r" (value) );
 24878              		.loc 7 352 0
 24879 01e0 BB6E     		ldr	r3, [r7, #104]
 24880              	@ 352 "/home/junpei/workspace/arm/F4_Discovery_Template/Libraries/CMSIS/Include/core_cmInstr.h" 1
 24881 01e2 1CBA     		rev r4, r3
 24882              	@ 0 "" 2
 24883              		.thumb
 24884 01e4 7C66     		str	r4, [r7, #100]
 24885              		.loc 7 353 0
 24886 01e6 7B6E     		ldr	r3, [r7, #100]
 24887              	.LBE19:
 24888              	.LBE18:
 24889              		.loc 1 228 0
 24890 01e8 FB62     		str	r3, [r7, #44]
 229:../Libraries/STM32F4xx_StdPeriph_Driver/src/stm32f4xx_cryp_des.c ****   keyaddr+=4;
 24891              		.loc 1 229 0
 24892 01ea 3B6F     		ldr	r3, [r7, #112]
 24893 01ec 03F10403 		add	r3, r3, #4
 24894 01f0 3B67     		str	r3, [r7, #112]
 230:../Libraries/STM32F4xx_StdPeriph_Driver/src/stm32f4xx_cryp_des.c ****   DES_CRYP_KeyInitStructure.CRYP_Key1Right= __REV(*(uint32_t*)(keyaddr));
 24895              		.loc 1 230 0
 24896 01f2 3B6F     		ldr	r3, [r7, #112]
 24897 01f4 1B68     		ldr	r3, [r3, #0]
 24898 01f6 3B66     		str	r3, [r7, #96]
 24899              	.LBB20:
 24900              	.LBB21:
 352:/home/junpei/workspace/arm/F4_Discovery_Template/Libraries/CMSIS/Include/core_cmInstr.h ****   __ASM volatile ("rev %0, %1" : "=r" (result) : "r" (value) );
 24901              		.loc 7 352 0
 24902 01f8 3B6E     		ldr	r3, [r7, #96]
 24903              	@ 352 "/home/junpei/workspace/arm/F4_Discovery_Template/Libraries/CMSIS/Include/core_cmInstr.h" 1
 24904 01fa 1CBA     		rev r4, r3
 24905              	@ 0 "" 2
 24906              		.thumb
 24907 01fc FC65     		str	r4, [r7, #92]
 24908              		.loc 7 353 0
 24909 01fe FB6D     		ldr	r3, [r7, #92]
 24910              	.LBE21:
 24911              	.LBE20:
 24912              		.loc 1 230 0
 24913 0200 3B63     		str	r3, [r7, #48]
 231:../Libraries/STM32F4xx_StdPeriph_Driver/src/stm32f4xx_cryp_des.c ****   CRYP_KeyInit(& DES_CRYP_KeyInitStructure);
 24914              		.loc 1 231 0
 24915 0202 07F12403 		add	r3, r7, #36
 24916 0206 1846     		mov	r0, r3
 24917 0208 FFF7FEFF 		bl	CRYP_KeyInit
 232:../Libraries/STM32F4xx_StdPeriph_Driver/src/stm32f4xx_cryp_des.c **** 
 233:../Libraries/STM32F4xx_StdPeriph_Driver/src/stm32f4xx_cryp_des.c ****   /* Initialization Vectors */
 234:../Libraries/STM32F4xx_StdPeriph_Driver/src/stm32f4xx_cryp_des.c ****   DES_CRYP_IVInitStructure.CRYP_IV0Left = __REV(*(uint32_t*)(ivaddr));
 24918              		.loc 1 234 0
 24919 020c FB6E     		ldr	r3, [r7, #108]
 24920 020e 1B68     		ldr	r3, [r3, #0]
 24921 0210 BB65     		str	r3, [r7, #88]
 24922              	.LBB22:
 24923              	.LBB23:
 352:/home/junpei/workspace/arm/F4_Discovery_Template/Libraries/CMSIS/Include/core_cmInstr.h ****   __ASM volatile ("rev %0, %1" : "=r" (result) : "r" (value) );
 24924              		.loc 7 352 0
 24925 0212 BB6D     		ldr	r3, [r7, #88]
 24926              	@ 352 "/home/junpei/workspace/arm/F4_Discovery_Template/Libraries/CMSIS/Include/core_cmInstr.h" 1
 24927 0214 1CBA     		rev r4, r3
 24928              	@ 0 "" 2
 24929              		.thumb
 24930 0216 7C65     		str	r4, [r7, #84]
 24931              		.loc 7 353 0
 24932 0218 7B6D     		ldr	r3, [r7, #84]
 24933              	.LBE23:
 24934              	.LBE22:
 24935              		.loc 1 234 0
 24936 021a 7B61     		str	r3, [r7, #20]
 235:../Libraries/STM32F4xx_StdPeriph_Driver/src/stm32f4xx_cryp_des.c ****   ivaddr+=4;
 24937              		.loc 1 235 0
 24938 021c FB6E     		ldr	r3, [r7, #108]
 24939 021e 03F10403 		add	r3, r3, #4
 24940 0222 FB66     		str	r3, [r7, #108]
 236:../Libraries/STM32F4xx_StdPeriph_Driver/src/stm32f4xx_cryp_des.c ****   DES_CRYP_IVInitStructure.CRYP_IV0Right= __REV(*(uint32_t*)(ivaddr));
 24941              		.loc 1 236 0
 24942 0224 FB6E     		ldr	r3, [r7, #108]
 24943 0226 1B68     		ldr	r3, [r3, #0]
 24944 0228 3B65     		str	r3, [r7, #80]
 24945              	.LBB24:
 24946              	.LBB25:
 352:/home/junpei/workspace/arm/F4_Discovery_Template/Libraries/CMSIS/Include/core_cmInstr.h ****   __ASM volatile ("rev %0, %1" : "=r" (result) : "r" (value) );
 24947              		.loc 7 352 0
 24948 022a 3B6D     		ldr	r3, [r7, #80]
 24949              	@ 352 "/home/junpei/workspace/arm/F4_Discovery_Template/Libraries/CMSIS/Include/core_cmInstr.h" 1
 24950 022c 1CBA     		rev r4, r3
 24951              	@ 0 "" 2
 24952              		.thumb
 24953 022e FC64     		str	r4, [r7, #76]
 24954              		.loc 7 353 0
 24955 0230 FB6C     		ldr	r3, [r7, #76]
 24956              	.LBE25:
 24957              	.LBE24:
 24958              		.loc 1 236 0
 24959 0232 BB61     		str	r3, [r7, #24]
 237:../Libraries/STM32F4xx_StdPeriph_Driver/src/stm32f4xx_cryp_des.c ****   CRYP_IVInit(&DES_CRYP_IVInitStructure);
 24960              		.loc 1 237 0
 24961 0234 07F11403 		add	r3, r7, #20
 24962 0238 1846     		mov	r0, r3
 24963 023a FFF7FEFF 		bl	CRYP_IVInit
 238:../Libraries/STM32F4xx_StdPeriph_Driver/src/stm32f4xx_cryp_des.c **** 
 239:../Libraries/STM32F4xx_StdPeriph_Driver/src/stm32f4xx_cryp_des.c ****   /* Flush IN/OUT FIFO */
 240:../Libraries/STM32F4xx_StdPeriph_Driver/src/stm32f4xx_cryp_des.c ****   CRYP_FIFOFlush();
 24964              		.loc 1 240 0
 24965 023e FFF7FEFF 		bl	CRYP_FIFOFlush
 241:../Libraries/STM32F4xx_StdPeriph_Driver/src/stm32f4xx_cryp_des.c ****   
 242:../Libraries/STM32F4xx_StdPeriph_Driver/src/stm32f4xx_cryp_des.c ****   /* Enable Crypto processor */
 243:../Libraries/STM32F4xx_StdPeriph_Driver/src/stm32f4xx_cryp_des.c ****   CRYP_Cmd(ENABLE);
 24966              		.loc 1 243 0
 24967 0242 4FF00100 		mov	r0, #1
 24968 0246 FFF7FEFF 		bl	CRYP_Cmd
 244:../Libraries/STM32F4xx_StdPeriph_Driver/src/stm32f4xx_cryp_des.c **** 
 245:../Libraries/STM32F4xx_StdPeriph_Driver/src/stm32f4xx_cryp_des.c ****   for(i=0; ((i<Ilength) && (status != ERROR)); i+=8)
 24969              		.loc 1 245 0
 24970 024a 4FF00003 		mov	r3, #0
 24971 024e BB67     		str	r3, [r7, #120]
 24972 0250 49E0     		b	.L14
 24973              	.L20:
 246:../Libraries/STM32F4xx_StdPeriph_Driver/src/stm32f4xx_cryp_des.c ****   {
 247:../Libraries/STM32F4xx_StdPeriph_Driver/src/stm32f4xx_cryp_des.c ****     /* Write the Input block in the Input FIFO */
 248:../Libraries/STM32F4xx_StdPeriph_Driver/src/stm32f4xx_cryp_des.c ****     CRYP_DataIn(*(uint32_t*)(inputaddr));
 24974              		.loc 1 248 0
 24975 0252 D7F88030 		ldr	r3, [r7, #128]
 24976 0256 1B68     		ldr	r3, [r3, #0]
 24977 0258 1846     		mov	r0, r3
 24978 025a FFF7FEFF 		bl	CRYP_DataIn
 249:../Libraries/STM32F4xx_StdPeriph_Driver/src/stm32f4xx_cryp_des.c ****     inputaddr+=4;
 24979              		.loc 1 249 0
 24980 025e D7F88030 		ldr	r3, [r7, #128]
 24981 0262 03F10403 		add	r3, r3, #4
 24982 0266 C7F88030 		str	r3, [r7, #128]
 250:../Libraries/STM32F4xx_StdPeriph_Driver/src/stm32f4xx_cryp_des.c ****     CRYP_DataIn(*(uint32_t*)(inputaddr));
 24983              		.loc 1 250 0
 24984 026a D7F88030 		ldr	r3, [r7, #128]
 24985 026e 1B68     		ldr	r3, [r3, #0]
 24986 0270 1846     		mov	r0, r3
 24987 0272 FFF7FEFF 		bl	CRYP_DataIn
 251:../Libraries/STM32F4xx_StdPeriph_Driver/src/stm32f4xx_cryp_des.c ****     inputaddr+=4;
 24988              		.loc 1 251 0
 24989 0276 D7F88030 		ldr	r3, [r7, #128]
 24990 027a 03F10403 		add	r3, r3, #4
 24991 027e C7F88030 		str	r3, [r7, #128]
 252:../Libraries/STM32F4xx_StdPeriph_Driver/src/stm32f4xx_cryp_des.c **** 
 253:../Libraries/STM32F4xx_StdPeriph_Driver/src/stm32f4xx_cryp_des.c ****     /* Wait until the complete message has been processed */
 254:../Libraries/STM32F4xx_StdPeriph_Driver/src/stm32f4xx_cryp_des.c ****     counter = 0;
 24992              		.loc 1 254 0
 24993 0282 4FF00003 		mov	r3, #0
 24994 0286 3B61     		str	r3, [r7, #16]
 24995              	.L16:
 255:../Libraries/STM32F4xx_StdPeriph_Driver/src/stm32f4xx_cryp_des.c ****     do
 256:../Libraries/STM32F4xx_StdPeriph_Driver/src/stm32f4xx_cryp_des.c ****     {
 257:../Libraries/STM32F4xx_StdPeriph_Driver/src/stm32f4xx_cryp_des.c ****       busystatus = CRYP_GetFlagStatus(CRYP_FLAG_BUSY);
 24996              		.loc 1 257 0 discriminator 1
 24997 0288 4FF01000 		mov	r0, #16
 24998 028c FFF7FEFF 		bl	CRYP_GetFlagStatus
 24999 0290 0346     		mov	r3, r0
 25000 0292 7B67     		str	r3, [r7, #116]
 258:../Libraries/STM32F4xx_StdPeriph_Driver/src/stm32f4xx_cryp_des.c ****       counter++;
 25001              		.loc 1 258 0 discriminator 1
 25002 0294 3B69     		ldr	r3, [r7, #16]
 25003 0296 03F10103 		add	r3, r3, #1
 25004 029a 3B61     		str	r3, [r7, #16]
 259:../Libraries/STM32F4xx_StdPeriph_Driver/src/stm32f4xx_cryp_des.c ****     }while ((counter != DESBUSY_TIMEOUT) && (busystatus != RESET));
 25005              		.loc 1 259 0 discriminator 1
 25006 029c 3B69     		ldr	r3, [r7, #16]
 25007 029e B3F5803F 		cmp	r3, #65536
 25008 02a2 02D0     		beq	.L15
 25009 02a4 7B6F     		ldr	r3, [r7, #116]
 25010 02a6 002B     		cmp	r3, #0
 25011 02a8 EED1     		bne	.L16
 25012              	.L15:
 260:../Libraries/STM32F4xx_StdPeriph_Driver/src/stm32f4xx_cryp_des.c **** 
 261:../Libraries/STM32F4xx_StdPeriph_Driver/src/stm32f4xx_cryp_des.c ****     if (busystatus != RESET)
 25013              		.loc 1 261 0
 25014 02aa 7B6F     		ldr	r3, [r7, #116]
 25015 02ac 002B     		cmp	r3, #0
 25016 02ae 04D0     		beq	.L17
 262:../Libraries/STM32F4xx_StdPeriph_Driver/src/stm32f4xx_cryp_des.c ****    {
 263:../Libraries/STM32F4xx_StdPeriph_Driver/src/stm32f4xx_cryp_des.c ****        status = ERROR;
 25017              		.loc 1 263 0
 25018 02b0 4FF00003 		mov	r3, #0
 25019 02b4 87F88730 		strb	r3, [r7, #135]
 25020 02b8 11E0     		b	.L18
 25021              	.L17:
 264:../Libraries/STM32F4xx_StdPeriph_Driver/src/stm32f4xx_cryp_des.c ****     }
 265:../Libraries/STM32F4xx_StdPeriph_Driver/src/stm32f4xx_cryp_des.c ****     else
 266:../Libraries/STM32F4xx_StdPeriph_Driver/src/stm32f4xx_cryp_des.c ****     {
 267:../Libraries/STM32F4xx_StdPeriph_Driver/src/stm32f4xx_cryp_des.c ****       /* Read the Output block from the Output FIFO */
 268:../Libraries/STM32F4xx_StdPeriph_Driver/src/stm32f4xx_cryp_des.c ****       *(uint32_t*)(outputaddr) = CRYP_DataOut();
 25022              		.loc 1 268 0
 25023 02ba FC6F     		ldr	r4, [r7, #124]
 25024 02bc FFF7FEFF 		bl	CRYP_DataOut
 25025 02c0 0346     		mov	r3, r0
 25026 02c2 2360     		str	r3, [r4, #0]
 269:../Libraries/STM32F4xx_StdPeriph_Driver/src/stm32f4xx_cryp_des.c ****       outputaddr+=4;
 25027              		.loc 1 269 0
 25028 02c4 FB6F     		ldr	r3, [r7, #124]
 25029 02c6 03F10403 		add	r3, r3, #4
 25030 02ca FB67     		str	r3, [r7, #124]
 270:../Libraries/STM32F4xx_StdPeriph_Driver/src/stm32f4xx_cryp_des.c ****       *(uint32_t*)(outputaddr) = CRYP_DataOut();
 25031              		.loc 1 270 0
 25032 02cc FC6F     		ldr	r4, [r7, #124]
 25033 02ce FFF7FEFF 		bl	CRYP_DataOut
 25034 02d2 0346     		mov	r3, r0
 25035 02d4 2360     		str	r3, [r4, #0]
 271:../Libraries/STM32F4xx_StdPeriph_Driver/src/stm32f4xx_cryp_des.c ****       outputaddr+=4;
 25036              		.loc 1 271 0
 25037 02d6 FB6F     		ldr	r3, [r7, #124]
 25038 02d8 03F10403 		add	r3, r3, #4
 25039 02dc FB67     		str	r3, [r7, #124]
 25040              	.L18:
 245:../Libraries/STM32F4xx_StdPeriph_Driver/src/stm32f4xx_cryp_des.c ****   for(i=0; ((i<Ilength) && (status != ERROR)); i+=8)
 25041              		.loc 1 245 0
 25042 02de BB6F     		ldr	r3, [r7, #120]
 25043 02e0 03F10803 		add	r3, r3, #8
 25044 02e4 BB67     		str	r3, [r7, #120]
 25045              	.L14:
 245:../Libraries/STM32F4xx_StdPeriph_Driver/src/stm32f4xx_cryp_des.c ****   for(i=0; ((i<Ilength) && (status != ERROR)); i+=8)
 25046              		.loc 1 245 0 is_stmt 0 discriminator 1
 25047 02e6 BA6F     		ldr	r2, [r7, #120]
 25048 02e8 D7F89830 		ldr	r3, [r7, #152]
 25049 02ec 9A42     		cmp	r2, r3
 25050 02ee 03D2     		bcs	.L19
 245:../Libraries/STM32F4xx_StdPeriph_Driver/src/stm32f4xx_cryp_des.c ****   for(i=0; ((i<Ilength) && (status != ERROR)); i+=8)
 25051              		.loc 1 245 0 discriminator 2
 25052 02f0 97F88730 		ldrb	r3, [r7, #135]	@ zero_extendqisi2
 25053 02f4 002B     		cmp	r3, #0
 25054 02f6 ACD1     		bne	.L20
 25055              	.L19:
 272:../Libraries/STM32F4xx_StdPeriph_Driver/src/stm32f4xx_cryp_des.c ****     }
 273:../Libraries/STM32F4xx_StdPeriph_Driver/src/stm32f4xx_cryp_des.c ****   }
 274:../Libraries/STM32F4xx_StdPeriph_Driver/src/stm32f4xx_cryp_des.c **** 
 275:../Libraries/STM32F4xx_StdPeriph_Driver/src/stm32f4xx_cryp_des.c ****   /* Disable Crypto */
 276:../Libraries/STM32F4xx_StdPeriph_Driver/src/stm32f4xx_cryp_des.c ****   CRYP_Cmd(DISABLE);
 25056              		.loc 1 276 0 is_stmt 1
 25057 02f8 4FF00000 		mov	r0, #0
 25058 02fc FFF7FEFF 		bl	CRYP_Cmd
 277:../Libraries/STM32F4xx_StdPeriph_Driver/src/stm32f4xx_cryp_des.c **** 
 278:../Libraries/STM32F4xx_StdPeriph_Driver/src/stm32f4xx_cryp_des.c ****   return status; 
 25059              		.loc 1 278 0
 25060 0300 97F88730 		ldrb	r3, [r7, #135]	@ zero_extendqisi2
 279:../Libraries/STM32F4xx_StdPeriph_Driver/src/stm32f4xx_cryp_des.c **** }
 25061              		.loc 1 279 0
 25062 0304 1846     		mov	r0, r3
 25063 0306 07F18C07 		add	r7, r7, #140
 25064 030a BD46     		mov	sp, r7
 25065 030c 90BD     		pop	{r4, r7, pc}
 25066              		.cfi_endproc
 25067              	.LFE111:
 25069              	.Letext0:
DEFINED SYMBOLS
                            *ABS*:00000000 stm32f4xx_cryp_des.c
     /tmp/ccxCtGxm.s:24566  .text:00000000 $t
     /tmp/ccxCtGxm.s:24571  .text:00000000 CRYP_DES_ECB
     /tmp/ccxCtGxm.s:24798  .text:00000160 CRYP_DES_CBC
                     .debug_frame:00000010 $d

UNDEFINED SYMBOLS
CRYP_KeyStructInit
CRYP_Init
CRYP_KeyInit
CRYP_FIFOFlush
CRYP_Cmd
CRYP_DataIn
CRYP_GetFlagStatus
CRYP_DataOut
CRYP_IVInit
