   1              		.syntax unified
   2              		.cpu cortex-m4
   3              		.fpu softvfp
   4              		.eabi_attribute 20, 1
   5              		.eabi_attribute 21, 1
   6              		.eabi_attribute 23, 3
   7              		.eabi_attribute 24, 1
   8              		.eabi_attribute 25, 1
   9              		.eabi_attribute 26, 1
  10              		.eabi_attribute 30, 6
  11              		.eabi_attribute 18, 4
  12              		.thumb
  13              		.file	"stm32f4xx_syscfg.c"
  23              	.Ltext0:
  24              		.file 1 "../Libraries/STM32F4xx_StdPeriph_Driver/src/stm32f4xx_syscfg.c"
 24586              		.align	2
 24587              		.global	SYSCFG_DeInit
 24588              		.thumb
 24589              		.thumb_func
 24591              	SYSCFG_DeInit:
 24592              	.LFB110:
   1:../Libraries/STM32F4xx_StdPeriph_Driver/src/stm32f4xx_syscfg.c **** /**
   2:../Libraries/STM32F4xx_StdPeriph_Driver/src/stm32f4xx_syscfg.c ****   ******************************************************************************
   3:../Libraries/STM32F4xx_StdPeriph_Driver/src/stm32f4xx_syscfg.c ****   * @file    stm32f4xx_syscfg.c
   4:../Libraries/STM32F4xx_StdPeriph_Driver/src/stm32f4xx_syscfg.c ****   * @author  MCD Application Team
   5:../Libraries/STM32F4xx_StdPeriph_Driver/src/stm32f4xx_syscfg.c ****   * @version V1.0.2
   6:../Libraries/STM32F4xx_StdPeriph_Driver/src/stm32f4xx_syscfg.c ****   * @date    05-March-2012
   7:../Libraries/STM32F4xx_StdPeriph_Driver/src/stm32f4xx_syscfg.c ****   * @brief   This file provides firmware functions to manage the SYSCFG peripheral.
   8:../Libraries/STM32F4xx_StdPeriph_Driver/src/stm32f4xx_syscfg.c ****   *
   9:../Libraries/STM32F4xx_StdPeriph_Driver/src/stm32f4xx_syscfg.c ****   *  @verbatim
  10:../Libraries/STM32F4xx_StdPeriph_Driver/src/stm32f4xx_syscfg.c ****   *  
  11:../Libraries/STM32F4xx_StdPeriph_Driver/src/stm32f4xx_syscfg.c ****   *          ===================================================================
  12:../Libraries/STM32F4xx_StdPeriph_Driver/src/stm32f4xx_syscfg.c ****   *                                 How to use this driver
  13:../Libraries/STM32F4xx_StdPeriph_Driver/src/stm32f4xx_syscfg.c ****   *          ===================================================================
  14:../Libraries/STM32F4xx_StdPeriph_Driver/src/stm32f4xx_syscfg.c ****   *                  
  15:../Libraries/STM32F4xx_StdPeriph_Driver/src/stm32f4xx_syscfg.c ****   *          This driver provides functions for:
  16:../Libraries/STM32F4xx_StdPeriph_Driver/src/stm32f4xx_syscfg.c ****   *          
  17:../Libraries/STM32F4xx_StdPeriph_Driver/src/stm32f4xx_syscfg.c ****   *          1. Remapping the memory accessible in the code area using SYSCFG_MemoryRemapConfig()
  18:../Libraries/STM32F4xx_StdPeriph_Driver/src/stm32f4xx_syscfg.c ****   *              
  19:../Libraries/STM32F4xx_StdPeriph_Driver/src/stm32f4xx_syscfg.c ****   *          2. Manage the EXTI lines connection to the GPIOs using SYSCFG_EXTILineConfig()
  20:../Libraries/STM32F4xx_StdPeriph_Driver/src/stm32f4xx_syscfg.c ****   *            
  21:../Libraries/STM32F4xx_StdPeriph_Driver/src/stm32f4xx_syscfg.c ****   *          3. Select the ETHERNET media interface (RMII/RII) using SYSCFG_ETH_MediaInterfaceConfi
  22:../Libraries/STM32F4xx_StdPeriph_Driver/src/stm32f4xx_syscfg.c ****   *
  23:../Libraries/STM32F4xx_StdPeriph_Driver/src/stm32f4xx_syscfg.c ****   *  @note  SYSCFG APB clock must be enabled to get write access to SYSCFG registers,
  24:../Libraries/STM32F4xx_StdPeriph_Driver/src/stm32f4xx_syscfg.c ****   *         using RCC_APB2PeriphClockCmd(RCC_APB2Periph_SYSCFG, ENABLE);
  25:../Libraries/STM32F4xx_StdPeriph_Driver/src/stm32f4xx_syscfg.c ****   *                 
  26:../Libraries/STM32F4xx_StdPeriph_Driver/src/stm32f4xx_syscfg.c ****   *  @endverbatim
  27:../Libraries/STM32F4xx_StdPeriph_Driver/src/stm32f4xx_syscfg.c ****   *      
  28:../Libraries/STM32F4xx_StdPeriph_Driver/src/stm32f4xx_syscfg.c ****   ******************************************************************************
  29:../Libraries/STM32F4xx_StdPeriph_Driver/src/stm32f4xx_syscfg.c ****   * @attention
  30:../Libraries/STM32F4xx_StdPeriph_Driver/src/stm32f4xx_syscfg.c ****   *
  31:../Libraries/STM32F4xx_StdPeriph_Driver/src/stm32f4xx_syscfg.c ****   * <h2><center>&copy; COPYRIGHT 2012 STMicroelectronics</center></h2>
  32:../Libraries/STM32F4xx_StdPeriph_Driver/src/stm32f4xx_syscfg.c ****   *
  33:../Libraries/STM32F4xx_StdPeriph_Driver/src/stm32f4xx_syscfg.c ****   * Licensed under MCD-ST Liberty SW License Agreement V2, (the "License");
  34:../Libraries/STM32F4xx_StdPeriph_Driver/src/stm32f4xx_syscfg.c ****   * You may not use this file except in compliance with the License.
  35:../Libraries/STM32F4xx_StdPeriph_Driver/src/stm32f4xx_syscfg.c ****   * You may obtain a copy of the License at:
  36:../Libraries/STM32F4xx_StdPeriph_Driver/src/stm32f4xx_syscfg.c ****   *
  37:../Libraries/STM32F4xx_StdPeriph_Driver/src/stm32f4xx_syscfg.c ****   *        http://www.st.com/software_license_agreement_liberty_v2
  38:../Libraries/STM32F4xx_StdPeriph_Driver/src/stm32f4xx_syscfg.c ****   *
  39:../Libraries/STM32F4xx_StdPeriph_Driver/src/stm32f4xx_syscfg.c ****   * Unless required by applicable law or agreed to in writing, software 
  40:../Libraries/STM32F4xx_StdPeriph_Driver/src/stm32f4xx_syscfg.c ****   * distributed under the License is distributed on an "AS IS" BASIS, 
  41:../Libraries/STM32F4xx_StdPeriph_Driver/src/stm32f4xx_syscfg.c ****   * WITHOUT WARRANTIES OR CONDITIONS OF ANY KIND, either express or implied.
  42:../Libraries/STM32F4xx_StdPeriph_Driver/src/stm32f4xx_syscfg.c ****   * See the License for the specific language governing permissions and
  43:../Libraries/STM32F4xx_StdPeriph_Driver/src/stm32f4xx_syscfg.c ****   * limitations under the License.
  44:../Libraries/STM32F4xx_StdPeriph_Driver/src/stm32f4xx_syscfg.c ****   *
  45:../Libraries/STM32F4xx_StdPeriph_Driver/src/stm32f4xx_syscfg.c ****   ******************************************************************************
  46:../Libraries/STM32F4xx_StdPeriph_Driver/src/stm32f4xx_syscfg.c ****   */
  47:../Libraries/STM32F4xx_StdPeriph_Driver/src/stm32f4xx_syscfg.c **** 
  48:../Libraries/STM32F4xx_StdPeriph_Driver/src/stm32f4xx_syscfg.c **** /* Includes ------------------------------------------------------------------*/
  49:../Libraries/STM32F4xx_StdPeriph_Driver/src/stm32f4xx_syscfg.c **** #include "stm32f4xx_syscfg.h"
  50:../Libraries/STM32F4xx_StdPeriph_Driver/src/stm32f4xx_syscfg.c **** #include "stm32f4xx_rcc.h"
  51:../Libraries/STM32F4xx_StdPeriph_Driver/src/stm32f4xx_syscfg.c **** 
  52:../Libraries/STM32F4xx_StdPeriph_Driver/src/stm32f4xx_syscfg.c **** /** @addtogroup STM32F4xx_StdPeriph_Driver
  53:../Libraries/STM32F4xx_StdPeriph_Driver/src/stm32f4xx_syscfg.c ****   * @{
  54:../Libraries/STM32F4xx_StdPeriph_Driver/src/stm32f4xx_syscfg.c ****   */
  55:../Libraries/STM32F4xx_StdPeriph_Driver/src/stm32f4xx_syscfg.c **** 
  56:../Libraries/STM32F4xx_StdPeriph_Driver/src/stm32f4xx_syscfg.c **** /** @defgroup SYSCFG 
  57:../Libraries/STM32F4xx_StdPeriph_Driver/src/stm32f4xx_syscfg.c ****   * @brief SYSCFG driver modules
  58:../Libraries/STM32F4xx_StdPeriph_Driver/src/stm32f4xx_syscfg.c ****   * @{
  59:../Libraries/STM32F4xx_StdPeriph_Driver/src/stm32f4xx_syscfg.c ****   */ 
  60:../Libraries/STM32F4xx_StdPeriph_Driver/src/stm32f4xx_syscfg.c **** 
  61:../Libraries/STM32F4xx_StdPeriph_Driver/src/stm32f4xx_syscfg.c **** /* Private typedef -----------------------------------------------------------*/
  62:../Libraries/STM32F4xx_StdPeriph_Driver/src/stm32f4xx_syscfg.c **** /* Private define ------------------------------------------------------------*/
  63:../Libraries/STM32F4xx_StdPeriph_Driver/src/stm32f4xx_syscfg.c **** /* ------------ RCC registers bit address in the alias region ----------- */
  64:../Libraries/STM32F4xx_StdPeriph_Driver/src/stm32f4xx_syscfg.c **** #define SYSCFG_OFFSET             (SYSCFG_BASE - PERIPH_BASE)
  65:../Libraries/STM32F4xx_StdPeriph_Driver/src/stm32f4xx_syscfg.c **** /* ---  PMC Register ---*/ 
  66:../Libraries/STM32F4xx_StdPeriph_Driver/src/stm32f4xx_syscfg.c **** /* Alias word address of MII_RMII_SEL bit */ 
  67:../Libraries/STM32F4xx_StdPeriph_Driver/src/stm32f4xx_syscfg.c **** #define PMC_OFFSET                (SYSCFG_OFFSET + 0x04) 
  68:../Libraries/STM32F4xx_StdPeriph_Driver/src/stm32f4xx_syscfg.c **** #define MII_RMII_SEL_BitNumber    ((uint8_t)0x17) 
  69:../Libraries/STM32F4xx_StdPeriph_Driver/src/stm32f4xx_syscfg.c **** #define PMC_MII_RMII_SEL_BB       (PERIPH_BB_BASE + (PMC_OFFSET * 32) + (MII_RMII_SEL_BitNumber * 4
  70:../Libraries/STM32F4xx_StdPeriph_Driver/src/stm32f4xx_syscfg.c **** 
  71:../Libraries/STM32F4xx_StdPeriph_Driver/src/stm32f4xx_syscfg.c **** /* ---  CMPCR Register ---*/ 
  72:../Libraries/STM32F4xx_StdPeriph_Driver/src/stm32f4xx_syscfg.c **** /* Alias word address of CMP_PD bit */ 
  73:../Libraries/STM32F4xx_StdPeriph_Driver/src/stm32f4xx_syscfg.c **** #define CMPCR_OFFSET              (SYSCFG_OFFSET + 0x20) 
  74:../Libraries/STM32F4xx_StdPeriph_Driver/src/stm32f4xx_syscfg.c **** #define CMP_PD_BitNumber          ((uint8_t)0x00) 
  75:../Libraries/STM32F4xx_StdPeriph_Driver/src/stm32f4xx_syscfg.c **** #define CMPCR_CMP_PD_BB           (PERIPH_BB_BASE + (CMPCR_OFFSET * 32) + (CMP_PD_BitNumber * 4)) 
  76:../Libraries/STM32F4xx_StdPeriph_Driver/src/stm32f4xx_syscfg.c **** 
  77:../Libraries/STM32F4xx_StdPeriph_Driver/src/stm32f4xx_syscfg.c **** /* Private macro -------------------------------------------------------------*/
  78:../Libraries/STM32F4xx_StdPeriph_Driver/src/stm32f4xx_syscfg.c **** /* Private variables ---------------------------------------------------------*/
  79:../Libraries/STM32F4xx_StdPeriph_Driver/src/stm32f4xx_syscfg.c **** /* Private function prototypes -----------------------------------------------*/
  80:../Libraries/STM32F4xx_StdPeriph_Driver/src/stm32f4xx_syscfg.c **** /* Private functions ---------------------------------------------------------*/
  81:../Libraries/STM32F4xx_StdPeriph_Driver/src/stm32f4xx_syscfg.c **** 
  82:../Libraries/STM32F4xx_StdPeriph_Driver/src/stm32f4xx_syscfg.c **** /** @defgroup SYSCFG_Private_Functions
  83:../Libraries/STM32F4xx_StdPeriph_Driver/src/stm32f4xx_syscfg.c ****   * @{
  84:../Libraries/STM32F4xx_StdPeriph_Driver/src/stm32f4xx_syscfg.c ****   */ 
  85:../Libraries/STM32F4xx_StdPeriph_Driver/src/stm32f4xx_syscfg.c **** 
  86:../Libraries/STM32F4xx_StdPeriph_Driver/src/stm32f4xx_syscfg.c **** /**
  87:../Libraries/STM32F4xx_StdPeriph_Driver/src/stm32f4xx_syscfg.c ****   * @brief  Deinitializes the Alternate Functions (remap and EXTI configuration)
  88:../Libraries/STM32F4xx_StdPeriph_Driver/src/stm32f4xx_syscfg.c ****   *   registers to their default reset values.
  89:../Libraries/STM32F4xx_StdPeriph_Driver/src/stm32f4xx_syscfg.c ****   * @param  None
  90:../Libraries/STM32F4xx_StdPeriph_Driver/src/stm32f4xx_syscfg.c ****   * @retval None
  91:../Libraries/STM32F4xx_StdPeriph_Driver/src/stm32f4xx_syscfg.c ****   */
  92:../Libraries/STM32F4xx_StdPeriph_Driver/src/stm32f4xx_syscfg.c **** void SYSCFG_DeInit(void)
  93:../Libraries/STM32F4xx_StdPeriph_Driver/src/stm32f4xx_syscfg.c **** {
 24593              		.loc 1 93 0
 24594              		.cfi_startproc
 24595              		@ args = 0, pretend = 0, frame = 0
 24596              		@ frame_needed = 1, uses_anonymous_args = 0
 24597 0000 80B5     		push	{r7, lr}
 24598              	.LCFI0:
 24599              		.cfi_def_cfa_offset 8
 24600 0002 00AF     		add	r7, sp, #0
 24601              		.cfi_offset 14, -4
 24602              		.cfi_offset 7, -8
 24603              	.LCFI1:
 24604              		.cfi_def_cfa_register 7
  94:../Libraries/STM32F4xx_StdPeriph_Driver/src/stm32f4xx_syscfg.c ****    RCC_APB2PeriphResetCmd(RCC_APB2Periph_SYSCFG, ENABLE);
 24605              		.loc 1 94 0
 24606 0004 4FF48040 		mov	r0, #16384
 24607 0008 4FF00101 		mov	r1, #1
 24608 000c FFF7FEFF 		bl	RCC_APB2PeriphResetCmd
  95:../Libraries/STM32F4xx_StdPeriph_Driver/src/stm32f4xx_syscfg.c ****    RCC_APB2PeriphResetCmd(RCC_APB2Periph_SYSCFG, DISABLE);
 24609              		.loc 1 95 0
 24610 0010 4FF48040 		mov	r0, #16384
 24611 0014 4FF00001 		mov	r1, #0
 24612 0018 FFF7FEFF 		bl	RCC_APB2PeriphResetCmd
  96:../Libraries/STM32F4xx_StdPeriph_Driver/src/stm32f4xx_syscfg.c **** }
 24613              		.loc 1 96 0
 24614 001c 80BD     		pop	{r7, pc}
 24615              		.cfi_endproc
 24616              	.LFE110:
 24618 001e 00BF     		.align	2
 24619              		.global	SYSCFG_MemoryRemapConfig
 24620              		.thumb
 24621              		.thumb_func
 24623              	SYSCFG_MemoryRemapConfig:
 24624              	.LFB111:
  97:../Libraries/STM32F4xx_StdPeriph_Driver/src/stm32f4xx_syscfg.c **** 
  98:../Libraries/STM32F4xx_StdPeriph_Driver/src/stm32f4xx_syscfg.c **** /**
  99:../Libraries/STM32F4xx_StdPeriph_Driver/src/stm32f4xx_syscfg.c ****   * @brief  Changes the mapping of the specified pin.
 100:../Libraries/STM32F4xx_StdPeriph_Driver/src/stm32f4xx_syscfg.c ****   * @param  SYSCFG_Memory: selects the memory remapping.
 101:../Libraries/STM32F4xx_StdPeriph_Driver/src/stm32f4xx_syscfg.c ****   *         This parameter can be one of the following values:
 102:../Libraries/STM32F4xx_StdPeriph_Driver/src/stm32f4xx_syscfg.c ****   *            @arg SYSCFG_MemoryRemap_Flash:       Main Flash memory mapped at 0x00000000  
 103:../Libraries/STM32F4xx_StdPeriph_Driver/src/stm32f4xx_syscfg.c ****   *            @arg SYSCFG_MemoryRemap_SystemFlash: System Flash memory mapped at 0x00000000
 104:../Libraries/STM32F4xx_StdPeriph_Driver/src/stm32f4xx_syscfg.c ****   *            @arg SYSCFG_MemoryRemap_FSMC:        FSMC (Bank1 (NOR/PSRAM 1 and 2) mapped at 0x000
 105:../Libraries/STM32F4xx_StdPeriph_Driver/src/stm32f4xx_syscfg.c ****   *            @arg SYSCFG_MemoryRemap_SRAM:        Embedded SRAM (112kB) mapped at 0x00000000
 106:../Libraries/STM32F4xx_StdPeriph_Driver/src/stm32f4xx_syscfg.c ****   * @retval None
 107:../Libraries/STM32F4xx_StdPeriph_Driver/src/stm32f4xx_syscfg.c ****   */
 108:../Libraries/STM32F4xx_StdPeriph_Driver/src/stm32f4xx_syscfg.c **** void SYSCFG_MemoryRemapConfig(uint8_t SYSCFG_MemoryRemap)
 109:../Libraries/STM32F4xx_StdPeriph_Driver/src/stm32f4xx_syscfg.c **** {
 24625              		.loc 1 109 0
 24626              		.cfi_startproc
 24627              		@ args = 0, pretend = 0, frame = 8
 24628              		@ frame_needed = 1, uses_anonymous_args = 0
 24629              		@ link register save eliminated.
 24630 0020 80B4     		push	{r7}
 24631              	.LCFI2:
 24632              		.cfi_def_cfa_offset 4
 24633 0022 83B0     		sub	sp, sp, #12
 24634              	.LCFI3:
 24635              		.cfi_def_cfa_offset 16
 24636 0024 00AF     		add	r7, sp, #0
 24637              		.cfi_offset 7, -4
 24638              	.LCFI4:
 24639              		.cfi_def_cfa_register 7
 24640 0026 0346     		mov	r3, r0
 24641 0028 FB71     		strb	r3, [r7, #7]
 110:../Libraries/STM32F4xx_StdPeriph_Driver/src/stm32f4xx_syscfg.c ****   /* Check the parameters */
 111:../Libraries/STM32F4xx_StdPeriph_Driver/src/stm32f4xx_syscfg.c ****   assert_param(IS_SYSCFG_MEMORY_REMAP_CONFING(SYSCFG_MemoryRemap));
 112:../Libraries/STM32F4xx_StdPeriph_Driver/src/stm32f4xx_syscfg.c **** 
 113:../Libraries/STM32F4xx_StdPeriph_Driver/src/stm32f4xx_syscfg.c ****   SYSCFG->MEMRMP = SYSCFG_MemoryRemap;
 24642              		.loc 1 113 0
 24643 002a 044B     		ldr	r3, .L3
 24644 002c FA79     		ldrb	r2, [r7, #7]	@ zero_extendqisi2
 24645 002e 1A60     		str	r2, [r3, #0]
 114:../Libraries/STM32F4xx_StdPeriph_Driver/src/stm32f4xx_syscfg.c **** }
 24646              		.loc 1 114 0
 24647 0030 07F10C07 		add	r7, r7, #12
 24648 0034 BD46     		mov	sp, r7
 24649 0036 80BC     		pop	{r7}
 24650 0038 7047     		bx	lr
 24651              	.L4:
 24652 003a 00BF     		.align	2
 24653              	.L3:
 24654 003c 00380140 		.word	1073821696
 24655              		.cfi_endproc
 24656              	.LFE111:
 24658              		.align	2
 24659              		.global	SYSCFG_EXTILineConfig
 24660              		.thumb
 24661              		.thumb_func
 24663              	SYSCFG_EXTILineConfig:
 24664              	.LFB112:
 115:../Libraries/STM32F4xx_StdPeriph_Driver/src/stm32f4xx_syscfg.c **** 
 116:../Libraries/STM32F4xx_StdPeriph_Driver/src/stm32f4xx_syscfg.c **** /**
 117:../Libraries/STM32F4xx_StdPeriph_Driver/src/stm32f4xx_syscfg.c ****   * @brief  Selects the GPIO pin used as EXTI Line.
 118:../Libraries/STM32F4xx_StdPeriph_Driver/src/stm32f4xx_syscfg.c ****   * @param  EXTI_PortSourceGPIOx : selects the GPIO port to be used as source for
 119:../Libraries/STM32F4xx_StdPeriph_Driver/src/stm32f4xx_syscfg.c ****   *          EXTI lines where x can be (A..I).
 120:../Libraries/STM32F4xx_StdPeriph_Driver/src/stm32f4xx_syscfg.c ****   * @param  EXTI_PinSourcex: specifies the EXTI line to be configured.
 121:../Libraries/STM32F4xx_StdPeriph_Driver/src/stm32f4xx_syscfg.c ****   *           This parameter can be EXTI_PinSourcex where x can be (0..15, except
 122:../Libraries/STM32F4xx_StdPeriph_Driver/src/stm32f4xx_syscfg.c ****   *           for EXTI_PortSourceGPIOI x can be (0..11).
 123:../Libraries/STM32F4xx_StdPeriph_Driver/src/stm32f4xx_syscfg.c ****   * @retval None
 124:../Libraries/STM32F4xx_StdPeriph_Driver/src/stm32f4xx_syscfg.c ****   */
 125:../Libraries/STM32F4xx_StdPeriph_Driver/src/stm32f4xx_syscfg.c **** void SYSCFG_EXTILineConfig(uint8_t EXTI_PortSourceGPIOx, uint8_t EXTI_PinSourcex)
 126:../Libraries/STM32F4xx_StdPeriph_Driver/src/stm32f4xx_syscfg.c **** {
 24665              		.loc 1 126 0
 24666              		.cfi_startproc
 24667              		@ args = 0, pretend = 0, frame = 16
 24668              		@ frame_needed = 1, uses_anonymous_args = 0
 24669              		@ link register save eliminated.
 24670 0040 90B4     		push	{r4, r7}
 24671              	.LCFI5:
 24672              		.cfi_def_cfa_offset 8
 24673 0042 84B0     		sub	sp, sp, #16
 24674              	.LCFI6:
 24675              		.cfi_def_cfa_offset 24
 24676 0044 00AF     		add	r7, sp, #0
 24677              		.cfi_offset 7, -4
 24678              		.cfi_offset 4, -8
 24679              	.LCFI7:
 24680              		.cfi_def_cfa_register 7
 24681 0046 0246     		mov	r2, r0
 24682 0048 0B46     		mov	r3, r1
 24683 004a FA71     		strb	r2, [r7, #7]
 24684 004c BB71     		strb	r3, [r7, #6]
 127:../Libraries/STM32F4xx_StdPeriph_Driver/src/stm32f4xx_syscfg.c ****   uint32_t tmp = 0x00;
 24685              		.loc 1 127 0
 24686 004e 4FF00003 		mov	r3, #0
 24687 0052 FB60     		str	r3, [r7, #12]
 128:../Libraries/STM32F4xx_StdPeriph_Driver/src/stm32f4xx_syscfg.c **** 
 129:../Libraries/STM32F4xx_StdPeriph_Driver/src/stm32f4xx_syscfg.c ****   /* Check the parameters */
 130:../Libraries/STM32F4xx_StdPeriph_Driver/src/stm32f4xx_syscfg.c ****   assert_param(IS_EXTI_PORT_SOURCE(EXTI_PortSourceGPIOx));
 131:../Libraries/STM32F4xx_StdPeriph_Driver/src/stm32f4xx_syscfg.c ****   assert_param(IS_EXTI_PIN_SOURCE(EXTI_PinSourcex));
 132:../Libraries/STM32F4xx_StdPeriph_Driver/src/stm32f4xx_syscfg.c **** 
 133:../Libraries/STM32F4xx_StdPeriph_Driver/src/stm32f4xx_syscfg.c ****   tmp = ((uint32_t)0x0F) << (0x04 * (EXTI_PinSourcex & (uint8_t)0x03));
 24688              		.loc 1 133 0
 24689 0054 BB79     		ldrb	r3, [r7, #6]	@ zero_extendqisi2
 24690 0056 03F00303 		and	r3, r3, #3
 24691 005a 4FEA8303 		lsl	r3, r3, #2
 24692 005e 4FF00F02 		mov	r2, #15
 24693 0062 02FA03F3 		lsl	r3, r2, r3
 24694 0066 FB60     		str	r3, [r7, #12]
 134:../Libraries/STM32F4xx_StdPeriph_Driver/src/stm32f4xx_syscfg.c ****   SYSCFG->EXTICR[EXTI_PinSourcex >> 0x02] &= ~tmp;
 24695              		.loc 1 134 0
 24696 0068 1B4B     		ldr	r3, .L6
 24697 006a BA79     		ldrb	r2, [r7, #6]	@ zero_extendqisi2
 24698 006c 4FEA9202 		lsr	r2, r2, #2
 24699 0070 D2B2     		uxtb	r2, r2
 24700 0072 1949     		ldr	r1, .L6
 24701 0074 B879     		ldrb	r0, [r7, #6]	@ zero_extendqisi2
 24702 0076 4FEA9000 		lsr	r0, r0, #2
 24703 007a C0B2     		uxtb	r0, r0
 24704 007c 00F10200 		add	r0, r0, #2
 24705 0080 51F82000 		ldr	r0, [r1, r0, lsl #2]
 24706 0084 F968     		ldr	r1, [r7, #12]
 24707 0086 6FEA0101 		mvn	r1, r1
 24708 008a 00EA0101 		and	r1, r0, r1
 24709 008e 02F10202 		add	r2, r2, #2
 24710 0092 43F82210 		str	r1, [r3, r2, lsl #2]
 135:../Libraries/STM32F4xx_StdPeriph_Driver/src/stm32f4xx_syscfg.c ****   SYSCFG->EXTICR[EXTI_PinSourcex >> 0x02] |= (((uint32_t)EXTI_PortSourceGPIOx) << (0x04 * (EXTI_Pin
 24711              		.loc 1 135 0
 24712 0096 104B     		ldr	r3, .L6
 24713 0098 BA79     		ldrb	r2, [r7, #6]	@ zero_extendqisi2
 24714 009a 4FEA9202 		lsr	r2, r2, #2
 24715 009e D2B2     		uxtb	r2, r2
 24716 00a0 0D49     		ldr	r1, .L6
 24717 00a2 B879     		ldrb	r0, [r7, #6]	@ zero_extendqisi2
 24718 00a4 4FEA9000 		lsr	r0, r0, #2
 24719 00a8 C0B2     		uxtb	r0, r0
 24720 00aa 00F10200 		add	r0, r0, #2
 24721 00ae 51F82000 		ldr	r0, [r1, r0, lsl #2]
 24722 00b2 FC79     		ldrb	r4, [r7, #7]	@ zero_extendqisi2
 24723 00b4 B979     		ldrb	r1, [r7, #6]	@ zero_extendqisi2
 24724 00b6 01F00301 		and	r1, r1, #3
 24725 00ba 4FEA8101 		lsl	r1, r1, #2
 24726 00be 04FA01F1 		lsl	r1, r4, r1
 24727 00c2 40EA0101 		orr	r1, r0, r1
 24728 00c6 02F10202 		add	r2, r2, #2
 24729 00ca 43F82210 		str	r1, [r3, r2, lsl #2]
 136:../Libraries/STM32F4xx_StdPeriph_Driver/src/stm32f4xx_syscfg.c **** }
 24730              		.loc 1 136 0
 24731 00ce 07F11007 		add	r7, r7, #16
 24732 00d2 BD46     		mov	sp, r7
 24733 00d4 90BC     		pop	{r4, r7}
 24734 00d6 7047     		bx	lr
 24735              	.L7:
 24736              		.align	2
 24737              	.L6:
 24738 00d8 00380140 		.word	1073821696
 24739              		.cfi_endproc
 24740              	.LFE112:
 24742              		.align	2
 24743              		.global	SYSCFG_ETH_MediaInterfaceConfig
 24744              		.thumb
 24745              		.thumb_func
 24747              	SYSCFG_ETH_MediaInterfaceConfig:
 24748              	.LFB113:
 137:../Libraries/STM32F4xx_StdPeriph_Driver/src/stm32f4xx_syscfg.c **** 
 138:../Libraries/STM32F4xx_StdPeriph_Driver/src/stm32f4xx_syscfg.c **** /**
 139:../Libraries/STM32F4xx_StdPeriph_Driver/src/stm32f4xx_syscfg.c ****   * @brief  Selects the ETHERNET media interface 
 140:../Libraries/STM32F4xx_StdPeriph_Driver/src/stm32f4xx_syscfg.c ****   * @param  SYSCFG_ETH_MediaInterface: specifies the Media Interface mode. 
 141:../Libraries/STM32F4xx_StdPeriph_Driver/src/stm32f4xx_syscfg.c ****   *          This parameter can be one of the following values: 
 142:../Libraries/STM32F4xx_StdPeriph_Driver/src/stm32f4xx_syscfg.c ****   *            @arg SYSCFG_ETH_MediaInterface_MII: MII mode selected
 143:../Libraries/STM32F4xx_StdPeriph_Driver/src/stm32f4xx_syscfg.c ****   *            @arg SYSCFG_ETH_MediaInterface_RMII: RMII mode selected 
 144:../Libraries/STM32F4xx_StdPeriph_Driver/src/stm32f4xx_syscfg.c ****   * @retval None 
 145:../Libraries/STM32F4xx_StdPeriph_Driver/src/stm32f4xx_syscfg.c ****   */
 146:../Libraries/STM32F4xx_StdPeriph_Driver/src/stm32f4xx_syscfg.c **** void SYSCFG_ETH_MediaInterfaceConfig(uint32_t SYSCFG_ETH_MediaInterface) 
 147:../Libraries/STM32F4xx_StdPeriph_Driver/src/stm32f4xx_syscfg.c **** { 
 24749              		.loc 1 147 0
 24750              		.cfi_startproc
 24751              		@ args = 0, pretend = 0, frame = 8
 24752              		@ frame_needed = 1, uses_anonymous_args = 0
 24753              		@ link register save eliminated.
 24754 00dc 80B4     		push	{r7}
 24755              	.LCFI8:
 24756              		.cfi_def_cfa_offset 4
 24757 00de 83B0     		sub	sp, sp, #12
 24758              	.LCFI9:
 24759              		.cfi_def_cfa_offset 16
 24760 00e0 00AF     		add	r7, sp, #0
 24761              		.cfi_offset 7, -4
 24762              	.LCFI10:
 24763              		.cfi_def_cfa_register 7
 24764 00e2 7860     		str	r0, [r7, #4]
 148:../Libraries/STM32F4xx_StdPeriph_Driver/src/stm32f4xx_syscfg.c ****   assert_param(IS_SYSCFG_ETH_MEDIA_INTERFACE(SYSCFG_ETH_MediaInterface)); 
 149:../Libraries/STM32F4xx_StdPeriph_Driver/src/stm32f4xx_syscfg.c ****   /* Configure MII_RMII selection bit */ 
 150:../Libraries/STM32F4xx_StdPeriph_Driver/src/stm32f4xx_syscfg.c ****   *(__IO uint32_t *) PMC_MII_RMII_SEL_BB = SYSCFG_ETH_MediaInterface; 
 24765              		.loc 1 150 0
 24766 00e4 034B     		ldr	r3, .L9
 24767 00e6 7A68     		ldr	r2, [r7, #4]
 24768 00e8 1A60     		str	r2, [r3, #0]
 151:../Libraries/STM32F4xx_StdPeriph_Driver/src/stm32f4xx_syscfg.c **** }
 24769              		.loc 1 151 0
 24770 00ea 07F10C07 		add	r7, r7, #12
 24771 00ee BD46     		mov	sp, r7
 24772 00f0 80BC     		pop	{r7}
 24773 00f2 7047     		bx	lr
 24774              	.L10:
 24775              		.align	2
 24776              	.L9:
 24777 00f4 DC002742 		.word	1109852380
 24778              		.cfi_endproc
 24779              	.LFE113:
 24781              		.align	2
 24782              		.global	SYSCFG_CompensationCellCmd
 24783              		.thumb
 24784              		.thumb_func
 24786              	SYSCFG_CompensationCellCmd:
 24787              	.LFB114:
 152:../Libraries/STM32F4xx_StdPeriph_Driver/src/stm32f4xx_syscfg.c **** 
 153:../Libraries/STM32F4xx_StdPeriph_Driver/src/stm32f4xx_syscfg.c **** /**
 154:../Libraries/STM32F4xx_StdPeriph_Driver/src/stm32f4xx_syscfg.c ****   * @brief  Enables or disables the I/O Compensation Cell.
 155:../Libraries/STM32F4xx_StdPeriph_Driver/src/stm32f4xx_syscfg.c ****   * @note   The I/O compensation cell can be used only when the device supply
 156:../Libraries/STM32F4xx_StdPeriph_Driver/src/stm32f4xx_syscfg.c ****   *         voltage ranges from 2.4 to 3.6 V.  
 157:../Libraries/STM32F4xx_StdPeriph_Driver/src/stm32f4xx_syscfg.c ****   * @param  NewState: new state of the I/O Compensation Cell.
 158:../Libraries/STM32F4xx_StdPeriph_Driver/src/stm32f4xx_syscfg.c ****   *          This parameter can be one of the following values:
 159:../Libraries/STM32F4xx_StdPeriph_Driver/src/stm32f4xx_syscfg.c ****   *            @arg ENABLE: I/O compensation cell enabled  
 160:../Libraries/STM32F4xx_StdPeriph_Driver/src/stm32f4xx_syscfg.c ****   *            @arg DISABLE: I/O compensation cell power-down mode  
 161:../Libraries/STM32F4xx_StdPeriph_Driver/src/stm32f4xx_syscfg.c ****   * @retval None
 162:../Libraries/STM32F4xx_StdPeriph_Driver/src/stm32f4xx_syscfg.c ****   */
 163:../Libraries/STM32F4xx_StdPeriph_Driver/src/stm32f4xx_syscfg.c **** void SYSCFG_CompensationCellCmd(FunctionalState NewState)
 164:../Libraries/STM32F4xx_StdPeriph_Driver/src/stm32f4xx_syscfg.c **** {
 24788              		.loc 1 164 0
 24789              		.cfi_startproc
 24790              		@ args = 0, pretend = 0, frame = 8
 24791              		@ frame_needed = 1, uses_anonymous_args = 0
 24792              		@ link register save eliminated.
 24793 00f8 80B4     		push	{r7}
 24794              	.LCFI11:
 24795              		.cfi_def_cfa_offset 4
 24796 00fa 83B0     		sub	sp, sp, #12
 24797              	.LCFI12:
 24798              		.cfi_def_cfa_offset 16
 24799 00fc 00AF     		add	r7, sp, #0
 24800              		.cfi_offset 7, -4
 24801              	.LCFI13:
 24802              		.cfi_def_cfa_register 7
 24803 00fe 0346     		mov	r3, r0
 24804 0100 FB71     		strb	r3, [r7, #7]
 165:../Libraries/STM32F4xx_StdPeriph_Driver/src/stm32f4xx_syscfg.c ****   /* Check the parameters */
 166:../Libraries/STM32F4xx_StdPeriph_Driver/src/stm32f4xx_syscfg.c ****   assert_param(IS_FUNCTIONAL_STATE(NewState));
 167:../Libraries/STM32F4xx_StdPeriph_Driver/src/stm32f4xx_syscfg.c **** 
 168:../Libraries/STM32F4xx_StdPeriph_Driver/src/stm32f4xx_syscfg.c ****   *(__IO uint32_t *) CMPCR_CMP_PD_BB = (uint32_t)NewState;
 24805              		.loc 1 168 0
 24806 0102 044B     		ldr	r3, .L12
 24807 0104 FA79     		ldrb	r2, [r7, #7]	@ zero_extendqisi2
 24808 0106 1A60     		str	r2, [r3, #0]
 169:../Libraries/STM32F4xx_StdPeriph_Driver/src/stm32f4xx_syscfg.c **** }
 24809              		.loc 1 169 0
 24810 0108 07F10C07 		add	r7, r7, #12
 24811 010c BD46     		mov	sp, r7
 24812 010e 80BC     		pop	{r7}
 24813 0110 7047     		bx	lr
 24814              	.L13:
 24815 0112 00BF     		.align	2
 24816              	.L12:
 24817 0114 00042742 		.word	1109853184
 24818              		.cfi_endproc
 24819              	.LFE114:
 24821              		.align	2
 24822              		.global	SYSCFG_GetCompensationCellStatus
 24823              		.thumb
 24824              		.thumb_func
 24826              	SYSCFG_GetCompensationCellStatus:
 24827              	.LFB115:
 170:../Libraries/STM32F4xx_StdPeriph_Driver/src/stm32f4xx_syscfg.c **** 
 171:../Libraries/STM32F4xx_StdPeriph_Driver/src/stm32f4xx_syscfg.c **** /**
 172:../Libraries/STM32F4xx_StdPeriph_Driver/src/stm32f4xx_syscfg.c ****   * @brief  Checks whether the I/O Compensation Cell ready flag is set or not.
 173:../Libraries/STM32F4xx_StdPeriph_Driver/src/stm32f4xx_syscfg.c ****   * @param  None
 174:../Libraries/STM32F4xx_StdPeriph_Driver/src/stm32f4xx_syscfg.c ****   * @retval The new state of the I/O Compensation Cell ready flag (SET or RESET)
 175:../Libraries/STM32F4xx_StdPeriph_Driver/src/stm32f4xx_syscfg.c ****   */
 176:../Libraries/STM32F4xx_StdPeriph_Driver/src/stm32f4xx_syscfg.c **** FlagStatus SYSCFG_GetCompensationCellStatus(void)
 177:../Libraries/STM32F4xx_StdPeriph_Driver/src/stm32f4xx_syscfg.c **** {
 24828              		.loc 1 177 0
 24829              		.cfi_startproc
 24830              		@ args = 0, pretend = 0, frame = 8
 24831              		@ frame_needed = 1, uses_anonymous_args = 0
 24832              		@ link register save eliminated.
 24833 0118 80B4     		push	{r7}
 24834              	.LCFI14:
 24835              		.cfi_def_cfa_offset 4
 24836 011a 83B0     		sub	sp, sp, #12
 24837              	.LCFI15:
 24838              		.cfi_def_cfa_offset 16
 24839 011c 00AF     		add	r7, sp, #0
 24840              		.cfi_offset 7, -4
 24841              	.LCFI16:
 24842              		.cfi_def_cfa_register 7
 178:../Libraries/STM32F4xx_StdPeriph_Driver/src/stm32f4xx_syscfg.c ****   FlagStatus bitstatus = RESET;
 24843              		.loc 1 178 0
 24844 011e 4FF00003 		mov	r3, #0
 24845 0122 FB71     		strb	r3, [r7, #7]
 179:../Libraries/STM32F4xx_StdPeriph_Driver/src/stm32f4xx_syscfg.c ****     
 180:../Libraries/STM32F4xx_StdPeriph_Driver/src/stm32f4xx_syscfg.c ****   if ((SYSCFG->CMPCR & SYSCFG_CMPCR_READY ) != (uint32_t)RESET)
 24846              		.loc 1 180 0
 24847 0124 094B     		ldr	r3, .L17
 24848 0126 1B6A     		ldr	r3, [r3, #32]
 24849 0128 03F48073 		and	r3, r3, #256
 24850 012c 002B     		cmp	r3, #0
 24851 012e 03D0     		beq	.L15
 181:../Libraries/STM32F4xx_StdPeriph_Driver/src/stm32f4xx_syscfg.c ****   {
 182:../Libraries/STM32F4xx_StdPeriph_Driver/src/stm32f4xx_syscfg.c ****     bitstatus = SET;
 24852              		.loc 1 182 0
 24853 0130 4FF00103 		mov	r3, #1
 24854 0134 FB71     		strb	r3, [r7, #7]
 24855 0136 02E0     		b	.L16
 24856              	.L15:
 183:../Libraries/STM32F4xx_StdPeriph_Driver/src/stm32f4xx_syscfg.c ****   }
 184:../Libraries/STM32F4xx_StdPeriph_Driver/src/stm32f4xx_syscfg.c ****   else
 185:../Libraries/STM32F4xx_StdPeriph_Driver/src/stm32f4xx_syscfg.c ****   {
 186:../Libraries/STM32F4xx_StdPeriph_Driver/src/stm32f4xx_syscfg.c ****     bitstatus = RESET;
 24857              		.loc 1 186 0
 24858 0138 4FF00003 		mov	r3, #0
 24859 013c FB71     		strb	r3, [r7, #7]
 24860              	.L16:
 187:../Libraries/STM32F4xx_StdPeriph_Driver/src/stm32f4xx_syscfg.c ****   }
 188:../Libraries/STM32F4xx_StdPeriph_Driver/src/stm32f4xx_syscfg.c ****   return bitstatus;
 24861              		.loc 1 188 0
 24862 013e FB79     		ldrb	r3, [r7, #7]	@ zero_extendqisi2
 189:../Libraries/STM32F4xx_StdPeriph_Driver/src/stm32f4xx_syscfg.c **** }
 24863              		.loc 1 189 0
 24864 0140 1846     		mov	r0, r3
 24865 0142 07F10C07 		add	r7, r7, #12
 24866 0146 BD46     		mov	sp, r7
 24867 0148 80BC     		pop	{r7}
 24868 014a 7047     		bx	lr
 24869              	.L18:
 24870              		.align	2
 24871              	.L17:
 24872 014c 00380140 		.word	1073821696
 24873              		.cfi_endproc
 24874              	.LFE115:
 24876              	.Letext0:
DEFINED SYMBOLS
                            *ABS*:00000000 stm32f4xx_syscfg.c
     /tmp/ccKavGWO.s:24586  .text:00000000 $t
     /tmp/ccKavGWO.s:24591  .text:00000000 SYSCFG_DeInit
     /tmp/ccKavGWO.s:24623  .text:00000020 SYSCFG_MemoryRemapConfig
     /tmp/ccKavGWO.s:24654  .text:0000003c $d
     /tmp/ccKavGWO.s:24658  .text:00000040 $t
     /tmp/ccKavGWO.s:24663  .text:00000040 SYSCFG_EXTILineConfig
     /tmp/ccKavGWO.s:24738  .text:000000d8 $d
     /tmp/ccKavGWO.s:24742  .text:000000dc $t
     /tmp/ccKavGWO.s:24747  .text:000000dc SYSCFG_ETH_MediaInterfaceConfig
     /tmp/ccKavGWO.s:24777  .text:000000f4 $d
     /tmp/ccKavGWO.s:24781  .text:000000f8 $t
     /tmp/ccKavGWO.s:24786  .text:000000f8 SYSCFG_CompensationCellCmd
     /tmp/ccKavGWO.s:24817  .text:00000114 $d
     /tmp/ccKavGWO.s:24821  .text:00000118 $t
     /tmp/ccKavGWO.s:24826  .text:00000118 SYSCFG_GetCompensationCellStatus
     /tmp/ccKavGWO.s:24872  .text:0000014c $d
                     .debug_frame:00000010 $d

UNDEFINED SYMBOLS
RCC_APB2PeriphResetCmd
