   1              		.syntax unified
   2              		.cpu cortex-m4
   3              		.fpu softvfp
   4              		.eabi_attribute 20, 1
   5              		.eabi_attribute 21, 1
   6              		.eabi_attribute 23, 3
   7              		.eabi_attribute 24, 1
   8              		.eabi_attribute 25, 1
   9              		.eabi_attribute 26, 1
  10              		.eabi_attribute 30, 6
  11              		.eabi_attribute 18, 4
  12              		.thumb
  13              		.file	"stm32f4xx_dbgmcu.c"
  23              	.Ltext0:
  24              		.file 1 "../Libraries/STM32F4xx_StdPeriph_Driver/src/stm32f4xx_dbgmcu.c"
 24566              		.align	2
 24567              		.global	DBGMCU_GetREVID
 24568              		.thumb
 24569              		.thumb_func
 24571              	DBGMCU_GetREVID:
 24572              	.LFB110:
   1:../Libraries/STM32F4xx_StdPeriph_Driver/src/stm32f4xx_dbgmcu.c **** /**
   2:../Libraries/STM32F4xx_StdPeriph_Driver/src/stm32f4xx_dbgmcu.c ****   ******************************************************************************
   3:../Libraries/STM32F4xx_StdPeriph_Driver/src/stm32f4xx_dbgmcu.c ****   * @file    stm32f4xx_dbgmcu.c
   4:../Libraries/STM32F4xx_StdPeriph_Driver/src/stm32f4xx_dbgmcu.c ****   * @author  MCD Application Team
   5:../Libraries/STM32F4xx_StdPeriph_Driver/src/stm32f4xx_dbgmcu.c ****   * @version V1.0.2
   6:../Libraries/STM32F4xx_StdPeriph_Driver/src/stm32f4xx_dbgmcu.c ****   * @date    05-March-2012
   7:../Libraries/STM32F4xx_StdPeriph_Driver/src/stm32f4xx_dbgmcu.c ****   * @brief   This file provides all the DBGMCU firmware functions.
   8:../Libraries/STM32F4xx_StdPeriph_Driver/src/stm32f4xx_dbgmcu.c ****   ******************************************************************************
   9:../Libraries/STM32F4xx_StdPeriph_Driver/src/stm32f4xx_dbgmcu.c ****   * @attention
  10:../Libraries/STM32F4xx_StdPeriph_Driver/src/stm32f4xx_dbgmcu.c ****   *
  11:../Libraries/STM32F4xx_StdPeriph_Driver/src/stm32f4xx_dbgmcu.c ****   * <h2><center>&copy; COPYRIGHT 2012 STMicroelectronics</center></h2>
  12:../Libraries/STM32F4xx_StdPeriph_Driver/src/stm32f4xx_dbgmcu.c ****   *
  13:../Libraries/STM32F4xx_StdPeriph_Driver/src/stm32f4xx_dbgmcu.c ****   * Licensed under MCD-ST Liberty SW License Agreement V2, (the "License");
  14:../Libraries/STM32F4xx_StdPeriph_Driver/src/stm32f4xx_dbgmcu.c ****   * You may not use this file except in compliance with the License.
  15:../Libraries/STM32F4xx_StdPeriph_Driver/src/stm32f4xx_dbgmcu.c ****   * You may obtain a copy of the License at:
  16:../Libraries/STM32F4xx_StdPeriph_Driver/src/stm32f4xx_dbgmcu.c ****   *
  17:../Libraries/STM32F4xx_StdPeriph_Driver/src/stm32f4xx_dbgmcu.c ****   *        http://www.st.com/software_license_agreement_liberty_v2
  18:../Libraries/STM32F4xx_StdPeriph_Driver/src/stm32f4xx_dbgmcu.c ****   *
  19:../Libraries/STM32F4xx_StdPeriph_Driver/src/stm32f4xx_dbgmcu.c ****   * Unless required by applicable law or agreed to in writing, software 
  20:../Libraries/STM32F4xx_StdPeriph_Driver/src/stm32f4xx_dbgmcu.c ****   * distributed under the License is distributed on an "AS IS" BASIS, 
  21:../Libraries/STM32F4xx_StdPeriph_Driver/src/stm32f4xx_dbgmcu.c ****   * WITHOUT WARRANTIES OR CONDITIONS OF ANY KIND, either express or implied.
  22:../Libraries/STM32F4xx_StdPeriph_Driver/src/stm32f4xx_dbgmcu.c ****   * See the License for the specific language governing permissions and
  23:../Libraries/STM32F4xx_StdPeriph_Driver/src/stm32f4xx_dbgmcu.c ****   * limitations under the License.
  24:../Libraries/STM32F4xx_StdPeriph_Driver/src/stm32f4xx_dbgmcu.c ****   *
  25:../Libraries/STM32F4xx_StdPeriph_Driver/src/stm32f4xx_dbgmcu.c ****   ******************************************************************************
  26:../Libraries/STM32F4xx_StdPeriph_Driver/src/stm32f4xx_dbgmcu.c ****   */
  27:../Libraries/STM32F4xx_StdPeriph_Driver/src/stm32f4xx_dbgmcu.c **** 
  28:../Libraries/STM32F4xx_StdPeriph_Driver/src/stm32f4xx_dbgmcu.c **** /* Includes ------------------------------------------------------------------*/
  29:../Libraries/STM32F4xx_StdPeriph_Driver/src/stm32f4xx_dbgmcu.c **** #include "stm32f4xx_dbgmcu.h"
  30:../Libraries/STM32F4xx_StdPeriph_Driver/src/stm32f4xx_dbgmcu.c **** 
  31:../Libraries/STM32F4xx_StdPeriph_Driver/src/stm32f4xx_dbgmcu.c **** /** @addtogroup STM32F4xx_StdPeriph_Driver
  32:../Libraries/STM32F4xx_StdPeriph_Driver/src/stm32f4xx_dbgmcu.c ****   * @{
  33:../Libraries/STM32F4xx_StdPeriph_Driver/src/stm32f4xx_dbgmcu.c ****   */
  34:../Libraries/STM32F4xx_StdPeriph_Driver/src/stm32f4xx_dbgmcu.c **** 
  35:../Libraries/STM32F4xx_StdPeriph_Driver/src/stm32f4xx_dbgmcu.c **** /** @defgroup DBGMCU 
  36:../Libraries/STM32F4xx_StdPeriph_Driver/src/stm32f4xx_dbgmcu.c ****   * @brief DBGMCU driver modules
  37:../Libraries/STM32F4xx_StdPeriph_Driver/src/stm32f4xx_dbgmcu.c ****   * @{
  38:../Libraries/STM32F4xx_StdPeriph_Driver/src/stm32f4xx_dbgmcu.c ****   */ 
  39:../Libraries/STM32F4xx_StdPeriph_Driver/src/stm32f4xx_dbgmcu.c **** 
  40:../Libraries/STM32F4xx_StdPeriph_Driver/src/stm32f4xx_dbgmcu.c **** /* Private typedef -----------------------------------------------------------*/
  41:../Libraries/STM32F4xx_StdPeriph_Driver/src/stm32f4xx_dbgmcu.c **** /* Private define ------------------------------------------------------------*/
  42:../Libraries/STM32F4xx_StdPeriph_Driver/src/stm32f4xx_dbgmcu.c **** #define IDCODE_DEVID_MASK    ((uint32_t)0x00000FFF)
  43:../Libraries/STM32F4xx_StdPeriph_Driver/src/stm32f4xx_dbgmcu.c **** 
  44:../Libraries/STM32F4xx_StdPeriph_Driver/src/stm32f4xx_dbgmcu.c **** /* Private macro -------------------------------------------------------------*/
  45:../Libraries/STM32F4xx_StdPeriph_Driver/src/stm32f4xx_dbgmcu.c **** /* Private variables ---------------------------------------------------------*/
  46:../Libraries/STM32F4xx_StdPeriph_Driver/src/stm32f4xx_dbgmcu.c **** /* Private function prototypes -----------------------------------------------*/
  47:../Libraries/STM32F4xx_StdPeriph_Driver/src/stm32f4xx_dbgmcu.c **** /* Private functions ---------------------------------------------------------*/
  48:../Libraries/STM32F4xx_StdPeriph_Driver/src/stm32f4xx_dbgmcu.c **** 
  49:../Libraries/STM32F4xx_StdPeriph_Driver/src/stm32f4xx_dbgmcu.c **** /** @defgroup DBGMCU_Private_Functions
  50:../Libraries/STM32F4xx_StdPeriph_Driver/src/stm32f4xx_dbgmcu.c ****   * @{
  51:../Libraries/STM32F4xx_StdPeriph_Driver/src/stm32f4xx_dbgmcu.c ****   */ 
  52:../Libraries/STM32F4xx_StdPeriph_Driver/src/stm32f4xx_dbgmcu.c **** 
  53:../Libraries/STM32F4xx_StdPeriph_Driver/src/stm32f4xx_dbgmcu.c **** /**
  54:../Libraries/STM32F4xx_StdPeriph_Driver/src/stm32f4xx_dbgmcu.c ****   * @brief  Returns the device revision identifier.
  55:../Libraries/STM32F4xx_StdPeriph_Driver/src/stm32f4xx_dbgmcu.c ****   * @param  None
  56:../Libraries/STM32F4xx_StdPeriph_Driver/src/stm32f4xx_dbgmcu.c ****   * @retval Device revision identifier
  57:../Libraries/STM32F4xx_StdPeriph_Driver/src/stm32f4xx_dbgmcu.c ****   */
  58:../Libraries/STM32F4xx_StdPeriph_Driver/src/stm32f4xx_dbgmcu.c **** uint32_t DBGMCU_GetREVID(void)
  59:../Libraries/STM32F4xx_StdPeriph_Driver/src/stm32f4xx_dbgmcu.c **** {
 24573              		.loc 1 59 0
 24574              		.cfi_startproc
 24575              		@ args = 0, pretend = 0, frame = 0
 24576              		@ frame_needed = 1, uses_anonymous_args = 0
 24577              		@ link register save eliminated.
 24578 0000 80B4     		push	{r7}
 24579              	.LCFI0:
 24580              		.cfi_def_cfa_offset 4
 24581 0002 00AF     		add	r7, sp, #0
 24582              		.cfi_offset 7, -4
 24583              	.LCFI1:
 24584              		.cfi_def_cfa_register 7
  60:../Libraries/STM32F4xx_StdPeriph_Driver/src/stm32f4xx_dbgmcu.c ****    return(DBGMCU->IDCODE >> 16);
 24585              		.loc 1 60 0
 24586 0004 034B     		ldr	r3, .L2
 24587 0006 1B68     		ldr	r3, [r3, #0]
 24588 0008 4FEA1343 		lsr	r3, r3, #16
  61:../Libraries/STM32F4xx_StdPeriph_Driver/src/stm32f4xx_dbgmcu.c **** }
 24589              		.loc 1 61 0
 24590 000c 1846     		mov	r0, r3
 24591 000e BD46     		mov	sp, r7
 24592 0010 80BC     		pop	{r7}
 24593 0012 7047     		bx	lr
 24594              	.L3:
 24595              		.align	2
 24596              	.L2:
 24597 0014 002004E0 		.word	-536600576
 24598              		.cfi_endproc
 24599              	.LFE110:
 24601              		.align	2
 24602              		.global	DBGMCU_GetDEVID
 24603              		.thumb
 24604              		.thumb_func
 24606              	DBGMCU_GetDEVID:
 24607              	.LFB111:
  62:../Libraries/STM32F4xx_StdPeriph_Driver/src/stm32f4xx_dbgmcu.c **** 
  63:../Libraries/STM32F4xx_StdPeriph_Driver/src/stm32f4xx_dbgmcu.c **** /**
  64:../Libraries/STM32F4xx_StdPeriph_Driver/src/stm32f4xx_dbgmcu.c ****   * @brief  Returns the device identifier.
  65:../Libraries/STM32F4xx_StdPeriph_Driver/src/stm32f4xx_dbgmcu.c ****   * @param  None
  66:../Libraries/STM32F4xx_StdPeriph_Driver/src/stm32f4xx_dbgmcu.c ****   * @retval Device identifier
  67:../Libraries/STM32F4xx_StdPeriph_Driver/src/stm32f4xx_dbgmcu.c ****   */
  68:../Libraries/STM32F4xx_StdPeriph_Driver/src/stm32f4xx_dbgmcu.c **** uint32_t DBGMCU_GetDEVID(void)
  69:../Libraries/STM32F4xx_StdPeriph_Driver/src/stm32f4xx_dbgmcu.c **** {
 24608              		.loc 1 69 0
 24609              		.cfi_startproc
 24610              		@ args = 0, pretend = 0, frame = 0
 24611              		@ frame_needed = 1, uses_anonymous_args = 0
 24612              		@ link register save eliminated.
 24613 0018 80B4     		push	{r7}
 24614              	.LCFI2:
 24615              		.cfi_def_cfa_offset 4
 24616 001a 00AF     		add	r7, sp, #0
 24617              		.cfi_offset 7, -4
 24618              	.LCFI3:
 24619              		.cfi_def_cfa_register 7
  70:../Libraries/STM32F4xx_StdPeriph_Driver/src/stm32f4xx_dbgmcu.c ****    return(DBGMCU->IDCODE & IDCODE_DEVID_MASK);
 24620              		.loc 1 70 0
 24621 001c 044B     		ldr	r3, .L5
 24622 001e 1B68     		ldr	r3, [r3, #0]
 24623 0020 4FEA0353 		lsl	r3, r3, #20
 24624 0024 4FEA1353 		lsr	r3, r3, #20
  71:../Libraries/STM32F4xx_StdPeriph_Driver/src/stm32f4xx_dbgmcu.c **** }
 24625              		.loc 1 71 0
 24626 0028 1846     		mov	r0, r3
 24627 002a BD46     		mov	sp, r7
 24628 002c 80BC     		pop	{r7}
 24629 002e 7047     		bx	lr
 24630              	.L6:
 24631              		.align	2
 24632              	.L5:
 24633 0030 002004E0 		.word	-536600576
 24634              		.cfi_endproc
 24635              	.LFE111:
 24637              		.align	2
 24638              		.global	DBGMCU_Config
 24639              		.thumb
 24640              		.thumb_func
 24642              	DBGMCU_Config:
 24643              	.LFB112:
  72:../Libraries/STM32F4xx_StdPeriph_Driver/src/stm32f4xx_dbgmcu.c **** 
  73:../Libraries/STM32F4xx_StdPeriph_Driver/src/stm32f4xx_dbgmcu.c **** /**
  74:../Libraries/STM32F4xx_StdPeriph_Driver/src/stm32f4xx_dbgmcu.c ****   * @brief  Configures low power mode behavior when the MCU is in Debug mode.
  75:../Libraries/STM32F4xx_StdPeriph_Driver/src/stm32f4xx_dbgmcu.c ****   * @param  DBGMCU_Periph: specifies the low power mode.
  76:../Libraries/STM32F4xx_StdPeriph_Driver/src/stm32f4xx_dbgmcu.c ****   *   This parameter can be any combination of the following values:
  77:../Libraries/STM32F4xx_StdPeriph_Driver/src/stm32f4xx_dbgmcu.c ****   *     @arg DBGMCU_SLEEP: Keep debugger connection during SLEEP mode              
  78:../Libraries/STM32F4xx_StdPeriph_Driver/src/stm32f4xx_dbgmcu.c ****   *     @arg DBGMCU_STOP: Keep debugger connection during STOP mode               
  79:../Libraries/STM32F4xx_StdPeriph_Driver/src/stm32f4xx_dbgmcu.c ****   *     @arg DBGMCU_STANDBY: Keep debugger connection during STANDBY mode        
  80:../Libraries/STM32F4xx_StdPeriph_Driver/src/stm32f4xx_dbgmcu.c ****   * @param  NewState: new state of the specified low power mode in Debug mode.
  81:../Libraries/STM32F4xx_StdPeriph_Driver/src/stm32f4xx_dbgmcu.c ****   *   This parameter can be: ENABLE or DISABLE.
  82:../Libraries/STM32F4xx_StdPeriph_Driver/src/stm32f4xx_dbgmcu.c ****   * @retval None
  83:../Libraries/STM32F4xx_StdPeriph_Driver/src/stm32f4xx_dbgmcu.c ****   */
  84:../Libraries/STM32F4xx_StdPeriph_Driver/src/stm32f4xx_dbgmcu.c **** void DBGMCU_Config(uint32_t DBGMCU_Periph, FunctionalState NewState)
  85:../Libraries/STM32F4xx_StdPeriph_Driver/src/stm32f4xx_dbgmcu.c **** {
 24644              		.loc 1 85 0
 24645              		.cfi_startproc
 24646              		@ args = 0, pretend = 0, frame = 8
 24647              		@ frame_needed = 1, uses_anonymous_args = 0
 24648              		@ link register save eliminated.
 24649 0034 80B4     		push	{r7}
 24650              	.LCFI4:
 24651              		.cfi_def_cfa_offset 4
 24652 0036 83B0     		sub	sp, sp, #12
 24653              	.LCFI5:
 24654              		.cfi_def_cfa_offset 16
 24655 0038 00AF     		add	r7, sp, #0
 24656              		.cfi_offset 7, -4
 24657              	.LCFI6:
 24658              		.cfi_def_cfa_register 7
 24659 003a 7860     		str	r0, [r7, #4]
 24660 003c 0B46     		mov	r3, r1
 24661 003e FB70     		strb	r3, [r7, #3]
  86:../Libraries/STM32F4xx_StdPeriph_Driver/src/stm32f4xx_dbgmcu.c ****   /* Check the parameters */
  87:../Libraries/STM32F4xx_StdPeriph_Driver/src/stm32f4xx_dbgmcu.c ****   assert_param(IS_DBGMCU_PERIPH(DBGMCU_Periph));
  88:../Libraries/STM32F4xx_StdPeriph_Driver/src/stm32f4xx_dbgmcu.c ****   assert_param(IS_FUNCTIONAL_STATE(NewState));
  89:../Libraries/STM32F4xx_StdPeriph_Driver/src/stm32f4xx_dbgmcu.c ****   if (NewState != DISABLE)
 24662              		.loc 1 89 0
 24663 0040 FB78     		ldrb	r3, [r7, #3]	@ zero_extendqisi2
 24664 0042 002B     		cmp	r3, #0
 24665 0044 07D0     		beq	.L8
  90:../Libraries/STM32F4xx_StdPeriph_Driver/src/stm32f4xx_dbgmcu.c ****   {
  91:../Libraries/STM32F4xx_StdPeriph_Driver/src/stm32f4xx_dbgmcu.c ****     DBGMCU->CR |= DBGMCU_Periph;
 24666              		.loc 1 91 0
 24667 0046 0B4B     		ldr	r3, .L10
 24668 0048 0A4A     		ldr	r2, .L10
 24669 004a 5168     		ldr	r1, [r2, #4]
 24670 004c 7A68     		ldr	r2, [r7, #4]
 24671 004e 41EA0202 		orr	r2, r1, r2
 24672 0052 5A60     		str	r2, [r3, #4]
 24673 0054 08E0     		b	.L7
 24674              	.L8:
  92:../Libraries/STM32F4xx_StdPeriph_Driver/src/stm32f4xx_dbgmcu.c ****   }
  93:../Libraries/STM32F4xx_StdPeriph_Driver/src/stm32f4xx_dbgmcu.c ****   else
  94:../Libraries/STM32F4xx_StdPeriph_Driver/src/stm32f4xx_dbgmcu.c ****   {
  95:../Libraries/STM32F4xx_StdPeriph_Driver/src/stm32f4xx_dbgmcu.c ****     DBGMCU->CR &= ~DBGMCU_Periph;
 24675              		.loc 1 95 0
 24676 0056 074B     		ldr	r3, .L10
 24677 0058 064A     		ldr	r2, .L10
 24678 005a 5168     		ldr	r1, [r2, #4]
 24679 005c 7A68     		ldr	r2, [r7, #4]
 24680 005e 6FEA0202 		mvn	r2, r2
 24681 0062 01EA0202 		and	r2, r1, r2
 24682 0066 5A60     		str	r2, [r3, #4]
 24683              	.L7:
  96:../Libraries/STM32F4xx_StdPeriph_Driver/src/stm32f4xx_dbgmcu.c ****   }
  97:../Libraries/STM32F4xx_StdPeriph_Driver/src/stm32f4xx_dbgmcu.c **** }
 24684              		.loc 1 97 0
 24685 0068 07F10C07 		add	r7, r7, #12
 24686 006c BD46     		mov	sp, r7
 24687 006e 80BC     		pop	{r7}
 24688 0070 7047     		bx	lr
 24689              	.L11:
 24690 0072 00BF     		.align	2
 24691              	.L10:
 24692 0074 002004E0 		.word	-536600576
 24693              		.cfi_endproc
 24694              	.LFE112:
 24696              		.align	2
 24697              		.global	DBGMCU_APB1PeriphConfig
 24698              		.thumb
 24699              		.thumb_func
 24701              	DBGMCU_APB1PeriphConfig:
 24702              	.LFB113:
  98:../Libraries/STM32F4xx_StdPeriph_Driver/src/stm32f4xx_dbgmcu.c **** 
  99:../Libraries/STM32F4xx_StdPeriph_Driver/src/stm32f4xx_dbgmcu.c **** /**
 100:../Libraries/STM32F4xx_StdPeriph_Driver/src/stm32f4xx_dbgmcu.c ****   * @brief  Configures APB1 peripheral behavior when the MCU is in Debug mode.
 101:../Libraries/STM32F4xx_StdPeriph_Driver/src/stm32f4xx_dbgmcu.c ****   * @param  DBGMCU_Periph: specifies the APB1 peripheral.
 102:../Libraries/STM32F4xx_StdPeriph_Driver/src/stm32f4xx_dbgmcu.c ****   *   This parameter can be any combination of the following values:        
 103:../Libraries/STM32F4xx_StdPeriph_Driver/src/stm32f4xx_dbgmcu.c ****   *     @arg DBGMCU_TIM2_STOP: TIM2 counter stopped when Core is halted          
 104:../Libraries/STM32F4xx_StdPeriph_Driver/src/stm32f4xx_dbgmcu.c ****   *     @arg DBGMCU_TIM3_STOP: TIM3 counter stopped when Core is halted          
 105:../Libraries/STM32F4xx_StdPeriph_Driver/src/stm32f4xx_dbgmcu.c ****   *     @arg DBGMCU_TIM4_STOP: TIM4 counter stopped when Core is halted
 106:../Libraries/STM32F4xx_StdPeriph_Driver/src/stm32f4xx_dbgmcu.c ****   *     @arg DBGMCU_TIM5_STOP: TIM5 counter stopped when Core is halted          
 107:../Libraries/STM32F4xx_StdPeriph_Driver/src/stm32f4xx_dbgmcu.c ****   *     @arg DBGMCU_TIM6_STOP: TIM6 counter stopped when Core is halted          
 108:../Libraries/STM32F4xx_StdPeriph_Driver/src/stm32f4xx_dbgmcu.c ****   *     @arg DBGMCU_TIM7_STOP: TIM7 counter stopped when Core is halted
 109:../Libraries/STM32F4xx_StdPeriph_Driver/src/stm32f4xx_dbgmcu.c ****   *     @arg DBGMCU_TIM12_STOP: TIM12 counter stopped when Core is halted  
 110:../Libraries/STM32F4xx_StdPeriph_Driver/src/stm32f4xx_dbgmcu.c ****   *     @arg DBGMCU_TIM13_STOP: TIM13 counter stopped when Core is halted  
 111:../Libraries/STM32F4xx_StdPeriph_Driver/src/stm32f4xx_dbgmcu.c ****   *     @arg DBGMCU_TIM14_STOP: TIM14 counter stopped when Core is halted 
 112:../Libraries/STM32F4xx_StdPeriph_Driver/src/stm32f4xx_dbgmcu.c ****   *     @arg DBGMCU_RTC_STOP: RTC Calendar and Wakeup counter stopped when Core is halted.         
 113:../Libraries/STM32F4xx_StdPeriph_Driver/src/stm32f4xx_dbgmcu.c ****   *     @arg DBGMCU_WWDG_STOP: Debug WWDG stopped when Core is halted
 114:../Libraries/STM32F4xx_StdPeriph_Driver/src/stm32f4xx_dbgmcu.c ****   *     @arg DBGMCU_IWDG_STOP: Debug IWDG stopped when Core is halted        
 115:../Libraries/STM32F4xx_StdPeriph_Driver/src/stm32f4xx_dbgmcu.c ****   *     @arg DBGMCU_I2C1_SMBUS_TIMEOUT: I2C1 SMBUS timeout mode stopped when Core is halted
 116:../Libraries/STM32F4xx_StdPeriph_Driver/src/stm32f4xx_dbgmcu.c ****   *     @arg DBGMCU_I2C2_SMBUS_TIMEOUT: I2C2 SMBUS timeout mode stopped when Core is halted
 117:../Libraries/STM32F4xx_StdPeriph_Driver/src/stm32f4xx_dbgmcu.c ****   *     @arg DBGMCU_I2C3_SMBUS_TIMEOUT: I2C3 SMBUS timeout mode stopped when Core is halted
 118:../Libraries/STM32F4xx_StdPeriph_Driver/src/stm32f4xx_dbgmcu.c ****   *     @arg DBGMCU_CAN2_STOP: Debug CAN1 stopped when Core is halted           
 119:../Libraries/STM32F4xx_StdPeriph_Driver/src/stm32f4xx_dbgmcu.c ****   *     @arg DBGMCU_CAN1_STOP: Debug CAN2 stopped when Core is halted        
 120:../Libraries/STM32F4xx_StdPeriph_Driver/src/stm32f4xx_dbgmcu.c ****   *   This parameter can be: ENABLE or DISABLE.
 121:../Libraries/STM32F4xx_StdPeriph_Driver/src/stm32f4xx_dbgmcu.c ****   * @retval None
 122:../Libraries/STM32F4xx_StdPeriph_Driver/src/stm32f4xx_dbgmcu.c ****   */
 123:../Libraries/STM32F4xx_StdPeriph_Driver/src/stm32f4xx_dbgmcu.c **** void DBGMCU_APB1PeriphConfig(uint32_t DBGMCU_Periph, FunctionalState NewState)
 124:../Libraries/STM32F4xx_StdPeriph_Driver/src/stm32f4xx_dbgmcu.c **** {
 24703              		.loc 1 124 0
 24704              		.cfi_startproc
 24705              		@ args = 0, pretend = 0, frame = 8
 24706              		@ frame_needed = 1, uses_anonymous_args = 0
 24707              		@ link register save eliminated.
 24708 0078 80B4     		push	{r7}
 24709              	.LCFI7:
 24710              		.cfi_def_cfa_offset 4
 24711 007a 83B0     		sub	sp, sp, #12
 24712              	.LCFI8:
 24713              		.cfi_def_cfa_offset 16
 24714 007c 00AF     		add	r7, sp, #0
 24715              		.cfi_offset 7, -4
 24716              	.LCFI9:
 24717              		.cfi_def_cfa_register 7
 24718 007e 7860     		str	r0, [r7, #4]
 24719 0080 0B46     		mov	r3, r1
 24720 0082 FB70     		strb	r3, [r7, #3]
 125:../Libraries/STM32F4xx_StdPeriph_Driver/src/stm32f4xx_dbgmcu.c ****   /* Check the parameters */
 126:../Libraries/STM32F4xx_StdPeriph_Driver/src/stm32f4xx_dbgmcu.c ****   assert_param(IS_DBGMCU_APB1PERIPH(DBGMCU_Periph));
 127:../Libraries/STM32F4xx_StdPeriph_Driver/src/stm32f4xx_dbgmcu.c ****   assert_param(IS_FUNCTIONAL_STATE(NewState));
 128:../Libraries/STM32F4xx_StdPeriph_Driver/src/stm32f4xx_dbgmcu.c **** 
 129:../Libraries/STM32F4xx_StdPeriph_Driver/src/stm32f4xx_dbgmcu.c ****   if (NewState != DISABLE)
 24721              		.loc 1 129 0
 24722 0084 FB78     		ldrb	r3, [r7, #3]	@ zero_extendqisi2
 24723 0086 002B     		cmp	r3, #0
 24724 0088 07D0     		beq	.L13
 130:../Libraries/STM32F4xx_StdPeriph_Driver/src/stm32f4xx_dbgmcu.c ****   {
 131:../Libraries/STM32F4xx_StdPeriph_Driver/src/stm32f4xx_dbgmcu.c ****     DBGMCU->APB1FZ |= DBGMCU_Periph;
 24725              		.loc 1 131 0
 24726 008a 0B4B     		ldr	r3, .L15
 24727 008c 0A4A     		ldr	r2, .L15
 24728 008e 9168     		ldr	r1, [r2, #8]
 24729 0090 7A68     		ldr	r2, [r7, #4]
 24730 0092 41EA0202 		orr	r2, r1, r2
 24731 0096 9A60     		str	r2, [r3, #8]
 24732 0098 08E0     		b	.L12
 24733              	.L13:
 132:../Libraries/STM32F4xx_StdPeriph_Driver/src/stm32f4xx_dbgmcu.c ****   }
 133:../Libraries/STM32F4xx_StdPeriph_Driver/src/stm32f4xx_dbgmcu.c ****   else
 134:../Libraries/STM32F4xx_StdPeriph_Driver/src/stm32f4xx_dbgmcu.c ****   {
 135:../Libraries/STM32F4xx_StdPeriph_Driver/src/stm32f4xx_dbgmcu.c ****     DBGMCU->APB1FZ &= ~DBGMCU_Periph;
 24734              		.loc 1 135 0
 24735 009a 074B     		ldr	r3, .L15
 24736 009c 064A     		ldr	r2, .L15
 24737 009e 9168     		ldr	r1, [r2, #8]
 24738 00a0 7A68     		ldr	r2, [r7, #4]
 24739 00a2 6FEA0202 		mvn	r2, r2
 24740 00a6 01EA0202 		and	r2, r1, r2
 24741 00aa 9A60     		str	r2, [r3, #8]
 24742              	.L12:
 136:../Libraries/STM32F4xx_StdPeriph_Driver/src/stm32f4xx_dbgmcu.c ****   }
 137:../Libraries/STM32F4xx_StdPeriph_Driver/src/stm32f4xx_dbgmcu.c **** }
 24743              		.loc 1 137 0
 24744 00ac 07F10C07 		add	r7, r7, #12
 24745 00b0 BD46     		mov	sp, r7
 24746 00b2 80BC     		pop	{r7}
 24747 00b4 7047     		bx	lr
 24748              	.L16:
 24749 00b6 00BF     		.align	2
 24750              	.L15:
 24751 00b8 002004E0 		.word	-536600576
 24752              		.cfi_endproc
 24753              	.LFE113:
 24755              		.align	2
 24756              		.global	DBGMCU_APB2PeriphConfig
 24757              		.thumb
 24758              		.thumb_func
 24760              	DBGMCU_APB2PeriphConfig:
 24761              	.LFB114:
 138:../Libraries/STM32F4xx_StdPeriph_Driver/src/stm32f4xx_dbgmcu.c **** 
 139:../Libraries/STM32F4xx_StdPeriph_Driver/src/stm32f4xx_dbgmcu.c **** /**
 140:../Libraries/STM32F4xx_StdPeriph_Driver/src/stm32f4xx_dbgmcu.c ****   * @brief  Configures APB2 peripheral behavior when the MCU is in Debug mode.
 141:../Libraries/STM32F4xx_StdPeriph_Driver/src/stm32f4xx_dbgmcu.c ****   * @param  DBGMCU_Periph: specifies the APB2 peripheral.
 142:../Libraries/STM32F4xx_StdPeriph_Driver/src/stm32f4xx_dbgmcu.c ****   *   This parameter can be any combination of the following values:       
 143:../Libraries/STM32F4xx_StdPeriph_Driver/src/stm32f4xx_dbgmcu.c ****   *     @arg DBGMCU_TIM1_STOP: TIM1 counter stopped when Core is halted                
 144:../Libraries/STM32F4xx_StdPeriph_Driver/src/stm32f4xx_dbgmcu.c ****   *     @arg DBGMCU_TIM8_STOP: TIM8 counter stopped when Core is halted
 145:../Libraries/STM32F4xx_StdPeriph_Driver/src/stm32f4xx_dbgmcu.c ****   *     @arg DBGMCU_TIM9_STOP: TIM9 counter stopped when Core is halted   
 146:../Libraries/STM32F4xx_StdPeriph_Driver/src/stm32f4xx_dbgmcu.c ****   *     @arg DBGMCU_TIM10_STOP: TIM10 counter stopped when Core is halted   
 147:../Libraries/STM32F4xx_StdPeriph_Driver/src/stm32f4xx_dbgmcu.c ****   *     @arg DBGMCU_TIM11_STOP: TIM11 counter stopped when Core is halted                          
 148:../Libraries/STM32F4xx_StdPeriph_Driver/src/stm32f4xx_dbgmcu.c ****   * @param  NewState: new state of the specified peripheral in Debug mode.
 149:../Libraries/STM32F4xx_StdPeriph_Driver/src/stm32f4xx_dbgmcu.c ****   *   This parameter can be: ENABLE or DISABLE.
 150:../Libraries/STM32F4xx_StdPeriph_Driver/src/stm32f4xx_dbgmcu.c ****   * @retval None
 151:../Libraries/STM32F4xx_StdPeriph_Driver/src/stm32f4xx_dbgmcu.c ****   */
 152:../Libraries/STM32F4xx_StdPeriph_Driver/src/stm32f4xx_dbgmcu.c **** void DBGMCU_APB2PeriphConfig(uint32_t DBGMCU_Periph, FunctionalState NewState)
 153:../Libraries/STM32F4xx_StdPeriph_Driver/src/stm32f4xx_dbgmcu.c **** {
 24762              		.loc 1 153 0
 24763              		.cfi_startproc
 24764              		@ args = 0, pretend = 0, frame = 8
 24765              		@ frame_needed = 1, uses_anonymous_args = 0
 24766              		@ link register save eliminated.
 24767 00bc 80B4     		push	{r7}
 24768              	.LCFI10:
 24769              		.cfi_def_cfa_offset 4
 24770 00be 83B0     		sub	sp, sp, #12
 24771              	.LCFI11:
 24772              		.cfi_def_cfa_offset 16
 24773 00c0 00AF     		add	r7, sp, #0
 24774              		.cfi_offset 7, -4
 24775              	.LCFI12:
 24776              		.cfi_def_cfa_register 7
 24777 00c2 7860     		str	r0, [r7, #4]
 24778 00c4 0B46     		mov	r3, r1
 24779 00c6 FB70     		strb	r3, [r7, #3]
 154:../Libraries/STM32F4xx_StdPeriph_Driver/src/stm32f4xx_dbgmcu.c ****   /* Check the parameters */
 155:../Libraries/STM32F4xx_StdPeriph_Driver/src/stm32f4xx_dbgmcu.c ****   assert_param(IS_DBGMCU_APB2PERIPH(DBGMCU_Periph));
 156:../Libraries/STM32F4xx_StdPeriph_Driver/src/stm32f4xx_dbgmcu.c ****   assert_param(IS_FUNCTIONAL_STATE(NewState));
 157:../Libraries/STM32F4xx_StdPeriph_Driver/src/stm32f4xx_dbgmcu.c **** 
 158:../Libraries/STM32F4xx_StdPeriph_Driver/src/stm32f4xx_dbgmcu.c ****   if (NewState != DISABLE)
 24780              		.loc 1 158 0
 24781 00c8 FB78     		ldrb	r3, [r7, #3]	@ zero_extendqisi2
 24782 00ca 002B     		cmp	r3, #0
 24783 00cc 07D0     		beq	.L18
 159:../Libraries/STM32F4xx_StdPeriph_Driver/src/stm32f4xx_dbgmcu.c ****   {
 160:../Libraries/STM32F4xx_StdPeriph_Driver/src/stm32f4xx_dbgmcu.c ****     DBGMCU->APB2FZ |= DBGMCU_Periph;
 24784              		.loc 1 160 0
 24785 00ce 0B4B     		ldr	r3, .L20
 24786 00d0 0A4A     		ldr	r2, .L20
 24787 00d2 D168     		ldr	r1, [r2, #12]
 24788 00d4 7A68     		ldr	r2, [r7, #4]
 24789 00d6 41EA0202 		orr	r2, r1, r2
 24790 00da DA60     		str	r2, [r3, #12]
 24791 00dc 08E0     		b	.L17
 24792              	.L18:
 161:../Libraries/STM32F4xx_StdPeriph_Driver/src/stm32f4xx_dbgmcu.c ****   }
 162:../Libraries/STM32F4xx_StdPeriph_Driver/src/stm32f4xx_dbgmcu.c ****   else
 163:../Libraries/STM32F4xx_StdPeriph_Driver/src/stm32f4xx_dbgmcu.c ****   {
 164:../Libraries/STM32F4xx_StdPeriph_Driver/src/stm32f4xx_dbgmcu.c ****     DBGMCU->APB2FZ &= ~DBGMCU_Periph;
 24793              		.loc 1 164 0
 24794 00de 074B     		ldr	r3, .L20
 24795 00e0 064A     		ldr	r2, .L20
 24796 00e2 D168     		ldr	r1, [r2, #12]
 24797 00e4 7A68     		ldr	r2, [r7, #4]
 24798 00e6 6FEA0202 		mvn	r2, r2
 24799 00ea 01EA0202 		and	r2, r1, r2
 24800 00ee DA60     		str	r2, [r3, #12]
 24801              	.L17:
 165:../Libraries/STM32F4xx_StdPeriph_Driver/src/stm32f4xx_dbgmcu.c ****   }
 166:../Libraries/STM32F4xx_StdPeriph_Driver/src/stm32f4xx_dbgmcu.c **** }
 24802              		.loc 1 166 0
 24803 00f0 07F10C07 		add	r7, r7, #12
 24804 00f4 BD46     		mov	sp, r7
 24805 00f6 80BC     		pop	{r7}
 24806 00f8 7047     		bx	lr
 24807              	.L21:
 24808 00fa 00BF     		.align	2
 24809              	.L20:
 24810 00fc 002004E0 		.word	-536600576
 24811              		.cfi_endproc
 24812              	.LFE114:
 24814              	.Letext0:
DEFINED SYMBOLS
                            *ABS*:00000000 stm32f4xx_dbgmcu.c
     /tmp/ccg2vtL6.s:24566  .text:00000000 $t
     /tmp/ccg2vtL6.s:24571  .text:00000000 DBGMCU_GetREVID
     /tmp/ccg2vtL6.s:24597  .text:00000014 $d
     /tmp/ccg2vtL6.s:24601  .text:00000018 $t
     /tmp/ccg2vtL6.s:24606  .text:00000018 DBGMCU_GetDEVID
     /tmp/ccg2vtL6.s:24633  .text:00000030 $d
     /tmp/ccg2vtL6.s:24637  .text:00000034 $t
     /tmp/ccg2vtL6.s:24642  .text:00000034 DBGMCU_Config
     /tmp/ccg2vtL6.s:24692  .text:00000074 $d
     /tmp/ccg2vtL6.s:24696  .text:00000078 $t
     /tmp/ccg2vtL6.s:24701  .text:00000078 DBGMCU_APB1PeriphConfig
     /tmp/ccg2vtL6.s:24751  .text:000000b8 $d
     /tmp/ccg2vtL6.s:24755  .text:000000bc $t
     /tmp/ccg2vtL6.s:24760  .text:000000bc DBGMCU_APB2PeriphConfig
     /tmp/ccg2vtL6.s:24810  .text:000000fc $d
                     .debug_frame:00000010 $d

NO UNDEFINED SYMBOLS
